<?xml version="1.0" encoding="UTF-8"?>
<coverage generated="1648847260068" clover="3.2.0">
  <project timestamp="1648847260069" name="All files">
    <metrics statements="2606" coveredstatements="93" conditionals="7787" coveredconditionals="30" methods="2756" coveredmethods="20" elements="13149" coveredelements="143" complexity="0" loc="2606" ncloc="2606" packages="49" files="153" classes="153"/>
    <package name="cultura-y-ocio-malaga">
      <metrics statements="2" coveredstatements="0" conditionals="0" coveredconditionals="0" methods="0" coveredmethods="0"/>
      <file name="babel.config.js" path="/home/geminway/GitHub/cultura-y-ocio-malaga/babel.config.js">
        <metrics statements="1" coveredstatements="0" conditionals="0" coveredconditionals="0" methods="0" coveredmethods="0"/>
        <line num="1" count="0" type="stmt"/>
      </file>
      <file name="jest.config.js" path="/home/geminway/GitHub/cultura-y-ocio-malaga/jest.config.js">
        <metrics statements="1" coveredstatements="0" conditionals="0" coveredconditionals="0" methods="0" coveredmethods="0"/>
        <line num="1" count="0" type="stmt"/>
      </file>
    </package>
    <package name="cultura-y-ocio-malaga.coverage.lcov-report">
      <metrics statements="106" coveredstatements="0" conditionals="323" coveredconditionals="0" methods="52" coveredmethods="0"/>
      <file name="block-navigation.js" path="/home/geminway/GitHub/cultura-y-ocio-malaga/coverage/lcov-report/block-navigation.js">
        <metrics statements="28" coveredstatements="0" conditionals="15" coveredconditionals="0" methods="6" coveredmethods="0"/>
        <line num="2" count="0" type="stmt"/>
        <line num="4" count="0" type="stmt"/>
        <line num="7" count="0" type="stmt"/>
        <line num="10" count="0" type="stmt"/>
        <line num="14" count="0" type="stmt"/>
        <line num="20" count="0" type="stmt"/>
        <line num="25" count="0" type="stmt"/>
        <line num="28" count="0" type="stmt"/>
        <line num="32" count="0" type="stmt"/>
        <line num="33" count="0" type="stmt"/>
        <line num="34" count="0" type="stmt"/>
        <line num="42" count="0" type="stmt"/>
        <line num="43" count="0" type="cond" truecount="0" falsecount="4"/>
        <line num="44" count="0" type="stmt"/>
        <line num="45" count="0" type="cond" truecount="0" falsecount="2"/>
        <line num="46" count="0" type="stmt"/>
        <line num="49" count="0" type="stmt"/>
        <line num="53" count="0" type="stmt"/>
        <line num="55" count="0" type="cond" truecount="0" falsecount="2"/>
        <line num="59" count="0" type="stmt"/>
        <line num="62" count="0" type="stmt"/>
        <line num="65" count="0" type="stmt"/>
        <line num="66" count="0" type="cond" truecount="0" falsecount="5"/>
        <line num="69" count="0" type="stmt"/>
        <line num="70" count="0" type="stmt"/>
        <line num="74" count="0" type="stmt"/>
        <line num="75" count="0" type="stmt"/>
        <line num="79" count="0" type="stmt"/>
      </file>
      <file name="prettify.js" path="/home/geminway/GitHub/cultura-y-ocio-malaga/coverage/lcov-report/prettify.js">
        <metrics statements="1" coveredstatements="0" conditionals="286" coveredconditionals="0" methods="29" coveredmethods="0"/>
        <line num="2" count="0" type="cond" truecount="0" falsecount="286"/>
      </file>
      <file name="sorter.js" path="/home/geminway/GitHub/cultura-y-ocio-malaga/coverage/lcov-report/sorter.js">
        <metrics statements="77" coveredstatements="0" conditionals="22" coveredconditionals="0" methods="17" coveredmethods="0"/>
        <line num="2" count="0" type="stmt"/>
        <line num="5" count="0" type="stmt"/>
        <line num="12" count="0" type="stmt"/>
        <line num="16" count="0" type="stmt"/>
        <line num="20" count="0" type="stmt"/>
        <line num="24" count="0" type="stmt"/>
        <line num="29" count="0" type="stmt"/>
        <line num="31" count="0" type="stmt"/>
        <line num="35" count="0" type="stmt"/>
        <line num="36" count="0" type="stmt"/>
        <line num="37" count="0" type="stmt"/>
        <line num="42" count="0" type="stmt"/>
        <line num="43" count="0" type="cond" truecount="0" falsecount="2"/>
        <line num="44" count="0" type="stmt"/>
        <line num="45" count="0" type="stmt"/>
        <line num="49" count="0" type="stmt"/>
        <line num="54" count="0" type="stmt"/>
        <line num="57" count="0" type="stmt"/>
        <line num="60" count="0" type="stmt"/>
        <line num="61" count="0" type="stmt"/>
        <line num="62" count="0" type="stmt"/>
        <line num="63" count="0" type="stmt"/>
        <line num="64" count="0" type="cond" truecount="0" falsecount="2"/>
        <line num="65" count="0" type="stmt"/>
        <line num="67" count="0" type="stmt"/>
        <line num="69" count="0" type="stmt"/>
        <line num="73" count="0" type="stmt"/>
        <line num="76" count="0" type="stmt"/>
        <line num="77" count="0" type="stmt"/>
        <line num="82" count="0" type="stmt"/>
        <line num="83" count="0" type="stmt"/>
        <line num="84" count="0" type="stmt"/>
        <line num="85" count="0" type="stmt"/>
        <line num="86" count="0" type="cond" truecount="0" falsecount="4"/>
        <line num="88" count="0" type="stmt"/>
        <line num="89" count="0" type="stmt"/>
        <line num="90" count="0" type="stmt"/>
        <line num="91" count="0" type="stmt"/>
        <line num="94" count="0" type="cond" truecount="0" falsecount="2"/>
        <line num="95" count="0" type="stmt"/>
        <line num="96" count="0" type="stmt"/>
        <line num="100" count="0" type="stmt"/>
        <line num="101" count="0" type="stmt"/>
        <line num="102" count="0" type="stmt"/>
        <line num="105" count="0" type="stmt"/>
        <line num="107" count="0" type="stmt"/>
        <line num="108" count="0" type="stmt"/>
        <line num="113" count="0" type="stmt"/>
        <line num="114" count="0" type="stmt"/>
        <line num="116" count="0" type="stmt"/>
        <line num="117" count="0" type="stmt"/>
        <line num="121" count="0" type="cond" truecount="0" falsecount="2"/>
        <line num="129" count="0" type="stmt"/>
        <line num="130" count="0" type="stmt"/>
        <line num="132" count="0" type="stmt"/>
        <line num="133" count="0" type="stmt"/>
        <line num="135" count="0" type="cond" truecount="0" falsecount="2"/>
        <line num="136" count="0" type="stmt"/>
        <line num="138" count="0" type="stmt"/>
        <line num="139" count="0" type="stmt"/>
        <line num="140" count="0" type="stmt"/>
        <line num="141" count="0" type="stmt"/>
        <line num="142" count="0" type="stmt"/>
        <line num="145" count="0" type="stmt"/>
        <line num="146" count="0" type="cond" truecount="0" falsecount="2"/>
        <line num="149" count="0" type="stmt"/>
        <line num="150" count="0" type="cond" truecount="0" falsecount="2"/>
        <line num="151" count="0" type="stmt"/>
        <line num="153" count="0" type="stmt"/>
        <line num="159" count="0" type="stmt"/>
        <line num="160" count="0" type="cond" truecount="0" falsecount="2"/>
        <line num="161" count="0" type="stmt"/>
        <line num="163" count="0" type="stmt"/>
        <line num="164" count="0" type="stmt"/>
        <line num="165" count="0" type="stmt"/>
        <line num="166" count="0" type="stmt"/>
        <line num="170" count="0" type="stmt"/>
      </file>
    </package>
    <package name="cultura-y-ocio-malaga.dist.js">
      <metrics statements="2" coveredstatements="0" conditionals="5660" coveredconditionals="0" methods="1751" coveredmethods="0"/>
      <file name="chunk-vendors.abf5bbc1.js" path="/home/geminway/GitHub/cultura-y-ocio-malaga/dist/js/chunk-vendors.abf5bbc1.js">
        <metrics statements="2" coveredstatements="0" conditionals="5660" coveredconditionals="0" methods="1751" coveredmethods="0"/>
        <line num="1" count="0" type="cond" truecount="0" falsecount="948"/>
        <line num="7" count="0" type="cond" truecount="0" falsecount="4712"/>
      </file>
    </package>
    <package name="cultura-y-ocio-malaga.dist.js.webpack:.node_modules.@babel.runtime.helpers.esm">
      <metrics statements="3" coveredstatements="0" conditionals="10" coveredconditionals="0" methods="3" coveredmethods="0"/>
      <file name="typeof.js" path="/home/geminway/GitHub/cultura-y-ocio-malaga/dist/js/webpack:/node_modules/@babel/runtime/helpers/esm/typeof.js">
        <metrics statements="3" coveredstatements="0" conditionals="10" coveredconditionals="0" methods="3" coveredmethods="0"/>
        <line num="4" count="0" type="cond" truecount="0" falsecount="4"/>
        <line num="5" count="0" type="stmt"/>
        <line num="7" count="0" type="cond" truecount="0" falsecount="6"/>
      </file>
    </package>
    <package name="cultura-y-ocio-malaga.dist.js.webpack:.node_modules.core-js.internals">
      <metrics statements="48" coveredstatements="0" conditionals="24" coveredconditionals="0" methods="11" coveredmethods="0"/>
      <file name="array-sort.js" path="/home/geminway/GitHub/cultura-y-ocio-malaga/dist/js/webpack:/node_modules/core-js/internals/array-sort.js">
        <metrics statements="24" coveredstatements="0" conditionals="16" coveredconditionals="0" methods="4" coveredmethods="0"/>
        <line num="1" count="0" type="stmt"/>
        <line num="3" count="0" type="stmt"/>
        <line num="5" count="0" type="stmt"/>
        <line num="6" count="0" type="stmt"/>
        <line num="7" count="0" type="stmt"/>
        <line num="8" count="0" type="cond" truecount="0" falsecount="2"/>
        <line num="16" count="0" type="stmt"/>
        <line num="17" count="0" type="stmt"/>
        <line num="18" count="0" type="stmt"/>
        <line num="21" count="0" type="stmt"/>
        <line num="22" count="0" type="stmt"/>
        <line num="24" count="0" type="cond" truecount="0" falsecount="2"/>
        <line num="25" count="0" type="stmt"/>
        <line num="27" count="0" type="cond" truecount="0" falsecount="2"/>
        <line num="28" count="0" type="stmt"/>
        <line num="31" count="0" type="stmt"/>
        <line num="32" count="0" type="stmt"/>
        <line num="33" count="0" type="stmt"/>
        <line num="34" count="0" type="stmt"/>
        <line num="35" count="0" type="stmt"/>
        <line num="37" count="0" type="cond" truecount="0" falsecount="2"/>
        <line num="38" count="0" type="cond" truecount="0" falsecount="2"/>
        <line num="41" count="0" type="stmt"/>
        <line num="44" count="0" type="stmt"/>
      </file>
      <file name="correct-is-regexp-logic.js" path="/home/geminway/GitHub/cultura-y-ocio-malaga/dist/js/webpack:/node_modules/core-js/internals/correct-is-regexp-logic.js">
        <metrics statements="9" coveredstatements="0" conditionals="0" coveredconditionals="0" methods="2" coveredmethods="0"/>
        <line num="1" count="0" type="stmt"/>
        <line num="3" count="0" type="stmt"/>
        <line num="5" count="0" type="stmt"/>
        <line num="6" count="0" type="stmt"/>
        <line num="7" count="0" type="stmt"/>
        <line num="8" count="0" type="stmt"/>
        <line num="10" count="0" type="stmt"/>
        <line num="12" count="0" type="stmt"/>
        <line num="14" count="0" type="stmt"/>
      </file>
      <file name="engine-ff-version.js" path="/home/geminway/GitHub/cultura-y-ocio-malaga/dist/js/webpack:/node_modules/core-js/internals/engine-ff-version.js">
        <metrics statements="3" coveredstatements="0" conditionals="4" coveredconditionals="0" methods="1" coveredmethods="0"/>
        <line num="1" count="0" type="cond" truecount="0" falsecount="2"/>
        <line num="3" count="0" type="stmt"/>
        <line num="5" count="0" type="cond" truecount="0" falsecount="2"/>
      </file>
      <file name="engine-is-ie-or-edge.js" path="/home/geminway/GitHub/cultura-y-ocio-malaga/dist/js/webpack:/node_modules/core-js/internals/engine-is-ie-or-edge.js">
        <metrics statements="2" coveredstatements="0" conditionals="0" coveredconditionals="0" methods="1" coveredmethods="0"/>
        <line num="1" count="0" type="stmt"/>
        <line num="3" count="0" type="stmt"/>
      </file>
      <file name="engine-webkit-version.js" path="/home/geminway/GitHub/cultura-y-ocio-malaga/dist/js/webpack:/node_modules/core-js/internals/engine-webkit-version.js">
        <metrics statements="3" coveredstatements="0" conditionals="2" coveredconditionals="0" methods="1" coveredmethods="0"/>
        <line num="1" count="0" type="stmt"/>
        <line num="3" count="0" type="stmt"/>
        <line num="5" count="0" type="cond" truecount="0" falsecount="2"/>
      </file>
      <file name="not-a-regexp.js" path="/home/geminway/GitHub/cultura-y-ocio-malaga/dist/js/webpack:/node_modules/core-js/internals/not-a-regexp.js">
        <metrics statements="7" coveredstatements="0" conditionals="2" coveredconditionals="0" methods="2" coveredmethods="0"/>
        <line num="1" count="0" type="stmt"/>
        <line num="2" count="0" type="stmt"/>
        <line num="4" count="0" type="stmt"/>
        <line num="6" count="0" type="stmt"/>
        <line num="7" count="0" type="cond" truecount="0" falsecount="2"/>
        <line num="8" count="0" type="stmt"/>
        <line num="9" count="0" type="stmt"/>
      </file>
    </package>
    <package name="cultura-y-ocio-malaga.dist.js.webpack:.node_modules.core-js.modules">
      <metrics statements="166" coveredstatements="0" conditionals="95" coveredconditionals="0" methods="25" coveredmethods="0"/>
      <file name="es.array.concat.js" path="/home/geminway/GitHub/cultura-y-ocio-malaga/dist/js/webpack:/node_modules/core-js/modules/es.array.concat.js">
        <metrics statements="36" coveredstatements="0" conditionals="18" coveredconditionals="0" methods="4" coveredmethods="0"/>
        <line num="2" count="0" type="stmt"/>
        <line num="3" count="0" type="stmt"/>
        <line num="4" count="0" type="stmt"/>
        <line num="5" count="0" type="stmt"/>
        <line num="6" count="0" type="stmt"/>
        <line num="7" count="0" type="stmt"/>
        <line num="8" count="0" type="stmt"/>
        <line num="9" count="0" type="stmt"/>
        <line num="10" count="0" type="stmt"/>
        <line num="11" count="0" type="stmt"/>
        <line num="12" count="0" type="stmt"/>
        <line num="13" count="0" type="stmt"/>
        <line num="15" count="0" type="stmt"/>
        <line num="16" count="0" type="stmt"/>
        <line num="17" count="0" type="stmt"/>
        <line num="18" count="0" type="stmt"/>
        <line num="23" count="0" type="cond" truecount="0" falsecount="2"/>
        <line num="24" count="0" type="stmt"/>
        <line num="26" count="0" type="stmt"/>
        <line num="29" count="0" type="stmt"/>
        <line num="31" count="0" type="stmt"/>
        <line num="32" count="0" type="cond" truecount="0" falsecount="2"/>
        <line num="33" count="0" type="stmt"/>
        <line num="34" count="0" type="cond" truecount="0" falsecount="2"/>
        <line num="37" count="0" type="cond" truecount="0" falsecount="2"/>
        <line num="42" count="0" type="stmt"/>
        <line num="45" count="0" type="stmt"/>
        <line num="46" count="0" type="stmt"/>
        <line num="47" count="0" type="stmt"/>
        <line num="49" count="0" type="stmt"/>
        <line num="51" count="0" type="cond" truecount="0" falsecount="2"/>
        <line num="53" count="0" type="cond" truecount="0" falsecount="2"/>
        <line num="54" count="0" type="cond" truecount="0" falsecount="2"/>
        <line num="56" count="0" type="cond" truecount="0" falsecount="2"/>
        <line num="57" count="0" type="stmt"/>
        <line num="61" count="0" type="stmt"/>
      </file>
      <file name="es.array.find.js" path="/home/geminway/GitHub/cultura-y-ocio-malaga/dist/js/webpack:/node_modules/core-js/modules/es.array.find.js">
        <metrics statements="7" coveredstatements="0" conditionals="6" coveredconditionals="0" methods="3" coveredmethods="0"/>
        <line num="2" count="0" type="cond" truecount="0" falsecount="2"/>
        <line num="3" count="0" type="stmt"/>
        <line num="4" count="0" type="stmt"/>
        <line num="6" count="0" type="stmt"/>
        <line num="7" count="0" type="stmt"/>
        <line num="10" count="0" type="cond" truecount="0" falsecount="2"/>
        <line num="16" count="0" type="cond" truecount="0" falsecount="2"/>
      </file>
      <file name="es.array.includes.js" path="/home/geminway/GitHub/cultura-y-ocio-malaga/dist/js/webpack:/node_modules/core-js/modules/es.array.includes.js">
        <metrics statements="5" coveredstatements="0" conditionals="2" coveredconditionals="0" methods="2" coveredmethods="0"/>
        <line num="2" count="0" type="stmt"/>
        <line num="3" count="0" type="stmt"/>
        <line num="4" count="0" type="stmt"/>
        <line num="8" count="0" type="stmt"/>
        <line num="10" count="0" type="cond" truecount="0" falsecount="2"/>
      </file>
      <file name="es.array.sort.js" path="/home/geminway/GitHub/cultura-y-ocio-malaga/dist/js/webpack:/node_modules/core-js/modules/es.array.sort.js">
        <metrics statements="54" coveredstatements="0" conditionals="41" coveredconditionals="0" methods="8" coveredmethods="0"/>
        <line num="2" count="0" type="stmt"/>
        <line num="3" count="0" type="stmt"/>
        <line num="4" count="0" type="stmt"/>
        <line num="5" count="0" type="stmt"/>
        <line num="6" count="0" type="stmt"/>
        <line num="7" count="0" type="stmt"/>
        <line num="8" count="0" type="stmt"/>
        <line num="9" count="0" type="stmt"/>
        <line num="10" count="0" type="stmt"/>
        <line num="11" count="0" type="stmt"/>
        <line num="12" count="0" type="stmt"/>
        <line num="13" count="0" type="stmt"/>
        <line num="14" count="0" type="stmt"/>
        <line num="16" count="0" type="stmt"/>
        <line num="17" count="0" type="stmt"/>
        <line num="18" count="0" type="stmt"/>
        <line num="21" count="0" type="stmt"/>
        <line num="22" count="0" type="stmt"/>
        <line num="25" count="0" type="stmt"/>
        <line num="26" count="0" type="stmt"/>
        <line num="29" count="0" type="stmt"/>
        <line num="31" count="0" type="stmt"/>
        <line num="33" count="0" type="cond" truecount="0" falsecount="2"/>
        <line num="34" count="0" type="cond" truecount="0" falsecount="4"/>
        <line num="35" count="0" type="cond" truecount="0" falsecount="2"/>
        <line num="36" count="0" type="cond" truecount="0" falsecount="2"/>
        <line num="38" count="0" type="stmt"/>
        <line num="42" count="0" type="stmt"/>
        <line num="45" count="0" type="stmt"/>
        <line num="46" count="0" type="cond" truecount="0" falsecount="7"/>
        <line num="47" count="0" type="stmt"/>
        <line num="48" count="0" type="stmt"/>
        <line num="51" count="0" type="stmt"/>
        <line num="52" count="0" type="stmt"/>
        <line num="56" count="0" type="stmt"/>
        <line num="58" count="0" type="stmt"/>
        <line num="59" count="0" type="stmt"/>
        <line num="63" count="0" type="stmt"/>
        <line num="66" count="0" type="cond" truecount="0" falsecount="4"/>
        <line num="68" count="0" type="stmt"/>
        <line num="69" count="0" type="stmt"/>
        <line num="70" count="0" type="cond" truecount="0" falsecount="2"/>
        <line num="79" count="0" type="stmt"/>
        <line num="80" count="0" type="cond" truecount="0" falsecount="2"/>
        <line num="83" count="0" type="stmt"/>
        <line num="85" count="0" type="cond" truecount="0" falsecount="4"/>
        <line num="87" count="0" type="stmt"/>
        <line num="88" count="0" type="stmt"/>
        <line num="91" count="0" type="stmt"/>
        <line num="92" count="0" type="cond" truecount="0" falsecount="2"/>
        <line num="95" count="0" type="stmt"/>
        <line num="100" count="0" type="stmt"/>
        <line num="101" count="0" type="stmt"/>
        <line num="103" count="0" type="stmt"/>
      </file>
      <file name="es.array.splice.js" path="/home/geminway/GitHub/cultura-y-ocio-malaga/dist/js/webpack:/node_modules/core-js/modules/es.array.splice.js">
        <metrics statements="34" coveredstatements="0" conditionals="16" coveredconditionals="0" methods="2" coveredmethods="0"/>
        <line num="2" count="0" type="stmt"/>
        <line num="3" count="0" type="stmt"/>
        <line num="4" count="0" type="stmt"/>
        <line num="5" count="0" type="stmt"/>
        <line num="6" count="0" type="stmt"/>
        <line num="7" count="0" type="stmt"/>
        <line num="8" count="0" type="stmt"/>
        <line num="9" count="0" type="stmt"/>
        <line num="10" count="0" type="stmt"/>
        <line num="12" count="0" type="stmt"/>
        <line num="14" count="0" type="stmt"/>
        <line num="15" count="0" type="stmt"/>
        <line num="16" count="0" type="stmt"/>
        <line num="17" count="0" type="stmt"/>
        <line num="18" count="0" type="stmt"/>
        <line num="23" count="0" type="stmt"/>
        <line num="25" count="0" type="stmt"/>
        <line num="26" count="0" type="stmt"/>
        <line num="27" count="0" type="stmt"/>
        <line num="28" count="0" type="stmt"/>
        <line num="39" count="0" type="cond" truecount="0" falsecount="2"/>
        <line num="40" count="0" type="stmt"/>
        <line num="43" count="0" type="stmt"/>
        <line num="44" count="0" type="stmt"/>
        <line num="48" count="0" type="cond" truecount="0" falsecount="2"/>
        <line num="49" count="0" type="stmt"/>
        <line num="50" count="0" type="stmt"/>
        <line num="55" count="0" type="stmt"/>
        <line num="56" count="0" type="cond" truecount="0" falsecount="2"/>
        <line num="57" count="0" type="stmt"/>
        <line num="58" count="0" type="stmt"/>
        <line num="64" count="0" type="stmt"/>
        <line num="65" count="0" type="stmt"/>
        <line num="68" count="0" type="stmt"/>
      </file>
      <file name="es.regexp.to-string.js" path="/home/geminway/GitHub/cultura-y-ocio-malaga/dist/js/webpack:/node_modules/core-js/modules/es.regexp.to-string.js">
        <metrics statements="19" coveredstatements="0" conditionals="10" coveredconditionals="0" methods="3" coveredmethods="0"/>
        <line num="2" count="0" type="stmt"/>
        <line num="3" count="0" type="stmt"/>
        <line num="4" count="0" type="stmt"/>
        <line num="5" count="0" type="stmt"/>
        <line num="6" count="0" type="stmt"/>
        <line num="7" count="0" type="stmt"/>
        <line num="8" count="0" type="stmt"/>
        <line num="9" count="0" type="stmt"/>
        <line num="11" count="0" type="stmt"/>
        <line num="12" count="0" type="stmt"/>
        <line num="13" count="0" type="stmt"/>
        <line num="14" count="0" type="stmt"/>
        <line num="16" count="0" type="stmt"/>
        <line num="18" count="0" type="cond" truecount="0" falsecount="2"/>
        <line num="24" count="0" type="stmt"/>
        <line num="25" count="0" type="stmt"/>
        <line num="26" count="0" type="stmt"/>
        <line num="27" count="0" type="cond" truecount="0" falsecount="5"/>
        <line num="28" count="0" type="stmt"/>
      </file>
      <file name="es.string.includes.js" path="/home/geminway/GitHub/cultura-y-ocio-malaga/dist/js/webpack:/node_modules/core-js/modules/es.string.includes.js">
        <metrics statements="9" coveredstatements="0" conditionals="2" coveredconditionals="0" methods="2" coveredmethods="0"/>
        <line num="2" count="0" type="stmt"/>
        <line num="3" count="0" type="stmt"/>
        <line num="4" count="0" type="stmt"/>
        <line num="5" count="0" type="stmt"/>
        <line num="6" count="0" type="stmt"/>
        <line num="7" count="0" type="stmt"/>
        <line num="9" count="0" type="stmt"/>
        <line num="13" count="0" type="stmt"/>
        <line num="15" count="0" type="stmt"/>
      </file>
      <file name="es.symbol.iterator.js" path="/home/geminway/GitHub/cultura-y-ocio-malaga/dist/js/webpack:/node_modules/core-js/modules/es.symbol.iterator.js">
        <metrics statements="2" coveredstatements="0" conditionals="0" coveredconditionals="0" methods="1" coveredmethods="0"/>
        <line num="1" count="0" type="stmt"/>
        <line num="5" count="0" type="stmt"/>
      </file>
    </package>
    <package name="cultura-y-ocio-malaga.dist.js.webpack:.node_modules.sweetalert2.dist">
      <metrics statements="895" coveredstatements="0" conditionals="796" coveredconditionals="0" methods="325" coveredmethods="0"/>
      <file name="sweetalert2.all.js" path="/home/geminway/GitHub/cultura-y-ocio-malaga/dist/js/webpack:/node_modules/sweetalert2/dist/sweetalert2.all.js">
        <metrics statements="895" coveredstatements="0" conditionals="796" coveredconditionals="0" methods="325" coveredmethods="0"/>
        <line num="5" count="0" type="stmt"/>
        <line num="6" count="0" type="stmt"/>
        <line num="11" count="0" type="stmt"/>
        <line num="17" count="0" type="stmt"/>
        <line num="18" count="0" type="stmt"/>
        <line num="20" count="0" type="cond" truecount="0" falsecount="2"/>
        <line num="26" count="0" type="stmt"/>
        <line num="34" count="0" type="stmt"/>
        <line num="40" count="0" type="stmt"/>
        <line num="46" count="0" type="stmt"/>
        <line num="47" count="0" type="cond" truecount="0" falsecount="2"/>
        <line num="54" count="0" type="stmt"/>
        <line num="55" count="0" type="stmt"/>
        <line num="63" count="0" type="stmt"/>
        <line num="69" count="0" type="stmt"/>
        <line num="70" count="0" type="cond" truecount="0" falsecount="2"/>
        <line num="79" count="0" type="stmt"/>
        <line num="80" count="0" type="stmt"/>
        <line num="88" count="0" type="cond" truecount="0" falsecount="2"/>
        <line num="89" count="0" type="cond" truecount="0" falsecount="2"/>
        <line num="90" count="0" type="cond" truecount="0" falsecount="2"/>
        <line num="91" count="0" type="cond" truecount="0" falsecount="2"/>
        <line num="93" count="0" type="stmt"/>
        <line num="182" count="0" type="stmt"/>
        <line num="183" count="0" type="stmt"/>
        <line num="184" count="0" type="stmt"/>
        <line num="190" count="0" type="stmt"/>
        <line num="191" count="0" type="stmt"/>
        <line num="198" count="0" type="stmt"/>
        <line num="206" count="0" type="stmt"/>
        <line num="207" count="0" type="stmt"/>
        <line num="210" count="0" type="stmt"/>
        <line num="211" count="0" type="cond" truecount="0" falsecount="2"/>
        <line num="216" count="0" type="stmt"/>
        <line num="217" count="0" type="cond" truecount="0" falsecount="2"/>
        <line num="222" count="0" type="stmt"/>
        <line num="223" count="0" type="cond" truecount="0" falsecount="2"/>
        <line num="234" count="0" type="cond" truecount="0" falsecount="3"/>
        <line num="239" count="0" type="stmt"/>
        <line num="240" count="0" type="stmt"/>
        <line num="250" count="0" type="stmt"/>
        <line num="251" count="0" type="stmt"/>
        <line num="252" count="0" type="stmt"/>
        <line num="254" count="0" type="stmt"/>
        <line num="255" count="0" type="stmt"/>
        <line num="258" count="0" type="stmt"/>
        <line num="260" count="0" type="stmt"/>
        <line num="261" count="0" type="stmt"/>
        <line num="269" count="0" type="stmt"/>
        <line num="270" count="0" type="stmt"/>
        <line num="271" count="0" type="stmt"/>
        <line num="272" count="0" type="cond" truecount="0" falsecount="2"/>
        <line num="275" count="0" type="stmt"/>
        <line num="276" count="0" type="stmt"/>
        <line num="279" count="0" type="stmt"/>
        <line num="280" count="0" type="stmt"/>
        <line num="281" count="0" type="stmt"/>
        <line num="282" count="0" type="stmt"/>
        <line num="283" count="0" type="stmt"/>
        <line num="284" count="0" type="stmt"/>
        <line num="285" count="0" type="stmt"/>
        <line num="286" count="0" type="stmt"/>
        <line num="287" count="0" type="stmt"/>
        <line num="288" count="0" type="stmt"/>
        <line num="289" count="0" type="stmt"/>
        <line num="290" count="0" type="stmt"/>
        <line num="291" count="0" type="stmt"/>
        <line num="292" count="0" type="stmt"/>
        <line num="293" count="0" type="stmt"/>
        <line num="294" count="0" type="stmt"/>
        <line num="296" count="0" type="stmt"/>
        <line num="297" count="0" type="stmt"/>
        <line num="298" count="0" type="stmt"/>
        <line num="300" count="0" type="stmt"/>
        <line num="301" count="0" type="stmt"/>
        <line num="303" count="0" type="stmt"/>
        <line num="311" count="0" type="stmt"/>
        <line num="312" count="0" type="stmt"/>
        <line num="314" count="0" type="stmt"/>
        <line num="315" count="0" type="cond" truecount="0" falsecount="3"/>
        <line num="317" count="0" type="stmt"/>
        <line num="318" count="0" type="cond" truecount="0" falsecount="2"/>
        <line num="320" count="0" type="stmt"/>
        <line num="321" count="0" type="stmt"/>
        <line num="324" count="0" type="stmt"/>
        <line num="335" count="0" type="stmt"/>
        <line num="338" count="0" type="cond" truecount="0" falsecount="2"/>
        <line num="339" count="0" type="stmt"/>
        <line num="340" count="0" type="stmt"/>
        <line num="341" count="0" type="stmt"/>
        <line num="342" count="0" type="stmt"/>
        <line num="345" count="0" type="stmt"/>
        <line num="355" count="0" type="stmt"/>
        <line num="356" count="0" type="cond" truecount="0" falsecount="2"/>
        <line num="357" count="0" type="stmt"/>
        <line num="360" count="0" type="stmt"/>
        <line num="362" count="0" type="stmt"/>
        <line num="363" count="0" type="cond" truecount="0" falsecount="2"/>
        <line num="364" count="0" type="stmt"/>
        <line num="368" count="0" type="stmt"/>
        <line num="371" count="0" type="stmt"/>
        <line num="372" count="0" type="stmt"/>
        <line num="373" count="0" type="cond" truecount="0" falsecount="4"/>
        <line num="379" count="0" type="stmt"/>
        <line num="382" count="0" type="cond" truecount="0" falsecount="4"/>
        <line num="383" count="0" type="cond" truecount="0" falsecount="4"/>
        <line num="384" count="0" type="stmt"/>
        <line num="387" count="0" type="stmt"/>
        <line num="396" count="0" type="stmt"/>
        <line num="397" count="0" type="cond" truecount="0" falsecount="2"/>
        <line num="398" count="0" type="stmt"/>
        <line num="401" count="0" type="stmt"/>
        <line num="405" count="0" type="stmt"/>
        <line num="408" count="0" type="stmt"/>
        <line num="411" count="0" type="cond" truecount="0" falsecount="2"/>
        <line num="414" count="0" type="stmt"/>
        <line num="417" count="0" type="stmt"/>
        <line num="424" count="0" type="stmt"/>
        <line num="427" count="0" type="cond" truecount="0" falsecount="2"/>
        <line num="429" count="0" type="stmt"/>
        <line num="430" count="0" type="stmt"/>
        <line num="440" count="0" type="stmt"/>
        <line num="441" count="0" type="cond" truecount="0" falsecount="3"/>
        <line num="450" count="0" type="stmt"/>
        <line num="452" count="0" type="cond" truecount="0" falsecount="2"/>
        <line num="464" count="0" type="stmt"/>
        <line num="465" count="0" type="stmt"/>
        <line num="472" count="0" type="stmt"/>
        <line num="473" count="0" type="stmt"/>
        <line num="483" count="0" type="stmt"/>
        <line num="484" count="0" type="stmt"/>
        <line num="486" count="0" type="stmt"/>
        <line num="487" count="0" type="cond" truecount="0" falsecount="2"/>
        <line num="488" count="0" type="stmt"/>
        <line num="498" count="0" type="stmt"/>
        <line num="499" count="0" type="cond" truecount="0" falsecount="2"/>
        <line num="514" count="0" type="stmt"/>
        <line num="515" count="0" type="cond" truecount="0" falsecount="4"/>
        <line num="516" count="0" type="stmt"/>
        <line num="522" count="0" type="stmt"/>
        <line num="523" count="0" type="stmt"/>
        <line num="525" count="0" type="stmt"/>
        <line num="526" count="0" type="stmt"/>
        <line num="528" count="0" type="cond" truecount="0" falsecount="2"/>
        <line num="532" count="0" type="stmt"/>
        <line num="533" count="0" type="cond" truecount="0" falsecount="2"/>
        <line num="536" count="0" type="cond" truecount="0" falsecount="5"/>
        <line num="537" count="0" type="cond" truecount="0" falsecount="3"/>
        <line num="538" count="0" type="stmt"/>
        <line num="540" count="0" type="stmt"/>
        <line num="541" count="0" type="stmt"/>
        <line num="542" count="0" type="cond" truecount="0" falsecount="2"/>
        <line num="543" count="0" type="cond" truecount="0" falsecount="2"/>
        <line num="544" count="0" type="cond" truecount="0" falsecount="2"/>
        <line num="546" count="0" type="stmt"/>
        <line num="547" count="0" type="cond" truecount="0" falsecount="3"/>
        <line num="548" count="0" type="stmt"/>
        <line num="550" count="0" type="cond" truecount="0" falsecount="2"/>
        <line num="557" count="0" type="stmt"/>
        <line num="562" count="0" type="stmt"/>
        <line num="563" count="0" type="stmt"/>
        <line num="564" count="0" type="stmt"/>
        <line num="565" count="0" type="stmt"/>
        <line num="567" count="0" type="stmt"/>
        <line num="568" count="0" type="stmt"/>
        <line num="569" count="0" type="stmt"/>
        <line num="578" count="0" type="cond" truecount="0" falsecount="2"/>
        <line num="580" count="0" type="stmt"/>
        <line num="582" count="0" type="stmt"/>
        <line num="584" count="0" type="stmt"/>
        <line num="585" count="0" type="cond" truecount="0" falsecount="2"/>
        <line num="594" count="0" type="stmt"/>
        <line num="595" count="0" type="stmt"/>
        <line num="596" count="0" type="cond" truecount="0" falsecount="2"/>
        <line num="597" count="0" type="stmt"/>
        <line num="600" count="0" type="stmt"/>
        <line num="601" count="0" type="stmt"/>
        <line num="602" count="0" type="stmt"/>
        <line num="603" count="0" type="stmt"/>
        <line num="611" count="0" type="stmt"/>
        <line num="613" count="0" type="stmt"/>
        <line num="614" count="0" type="stmt"/>
        <line num="616" count="0" type="cond" truecount="0" falsecount="2"/>
        <line num="625" count="0" type="stmt"/>
        <line num="626" count="0" type="stmt"/>
        <line num="629" count="0" type="stmt"/>
        <line num="630" count="0" type="stmt"/>
        <line num="631" count="0" type="stmt"/>
        <line num="632" count="0" type="stmt"/>
        <line num="633" count="0" type="stmt"/>
        <line num="634" count="0" type="stmt"/>
        <line num="635" count="0" type="stmt"/>
        <line num="636" count="0" type="stmt"/>
        <line num="637" count="0" type="stmt"/>
        <line num="638" count="0" type="stmt"/>
        <line num="645" count="0" type="stmt"/>
        <line num="650" count="0" type="stmt"/>
        <line num="655" count="0" type="cond" truecount="0" falsecount="2"/>
        <line num="657" count="0" type="stmt"/>
        <line num="658" count="0" type="stmt"/>
        <line num="659" count="0" type="cond" truecount="0" falsecount="2"/>
        <line num="667" count="0" type="stmt"/>
        <line num="668" count="0" type="cond" truecount="0" falsecount="2"/>
        <line num="677" count="0" type="stmt"/>
        <line num="679" count="0" type="stmt"/>
        <line num="682" count="0" type="cond" truecount="0" falsecount="2"/>
        <line num="684" count="0" type="stmt"/>
        <line num="687" count="0" type="stmt"/>
        <line num="688" count="0" type="stmt"/>
        <line num="695" count="0" type="stmt"/>
        <line num="696" count="0" type="stmt"/>
        <line num="707" count="0" type="stmt"/>
        <line num="709" count="0" type="stmt"/>
        <line num="724" count="0" type="stmt"/>
        <line num="726" count="0" type="stmt"/>
        <line num="734" count="0" type="stmt"/>
        <line num="737" count="0" type="cond" truecount="0" falsecount="2"/>
        <line num="738" count="0" type="stmt"/>
        <line num="739" count="0" type="stmt"/>
        <line num="742" count="0" type="stmt"/>
        <line num="746" count="0" type="stmt"/>
        <line num="750" count="0" type="cond" truecount="0" falsecount="2"/>
        <line num="751" count="0" type="stmt"/>
        <line num="754" count="0" type="stmt"/>
        <line num="755" count="0" type="stmt"/>
        <line num="762" count="0" type="stmt"/>
        <line num="763" count="0" type="cond" truecount="0" falsecount="4"/>
        <line num="764" count="0" type="stmt"/>
        <line num="768" count="0" type="stmt"/>
        <line num="773" count="0" type="stmt"/>
        <line num="774" count="0" type="stmt"/>
        <line num="775" count="0" type="stmt"/>
        <line num="777" count="0" type="stmt"/>
        <line num="779" count="0" type="stmt"/>
        <line num="782" count="0" type="stmt"/>
        <line num="783" count="0" type="stmt"/>
        <line num="784" count="0" type="stmt"/>
        <line num="786" count="0" type="cond" truecount="0" falsecount="3"/>
        <line num="802" count="0" type="stmt"/>
        <line num="803" count="0" type="stmt"/>
        <line num="804" count="0" type="stmt"/>
        <line num="806" count="0" type="stmt"/>
        <line num="824" count="0" type="cond" truecount="0" falsecount="2"/>
        <line num="825" count="0" type="stmt"/>
        <line num="828" count="0" type="stmt"/>
        <line num="847" count="0" type="stmt"/>
        <line num="859" count="0" type="stmt"/>
        <line num="867" count="0" type="stmt"/>
        <line num="876" count="0" type="cond" truecount="0" falsecount="4"/>
        <line num="877" count="0" type="stmt"/>
        <line num="879" count="0" type="cond" truecount="0" falsecount="2"/>
        <line num="885" count="0" type="stmt"/>
        <line num="886" count="0" type="stmt"/>
        <line num="888" count="0" type="cond" truecount="0" falsecount="2"/>
        <line num="908" count="0" type="stmt"/>
        <line num="915" count="0" type="stmt"/>
        <line num="916" count="0" type="stmt"/>
        <line num="917" count="0" type="stmt"/>
        <line num="918" count="0" type="stmt"/>
        <line num="919" count="0" type="cond" truecount="0" falsecount="2"/>
        <line num="920" count="0" type="stmt"/>
        <line num="921" count="0" type="stmt"/>
        <line num="922" count="0" type="stmt"/>
        <line num="924" count="0" type="stmt"/>
        <line num="943" count="0" type="stmt"/>
        <line num="944" count="0" type="cond" truecount="0" falsecount="2"/>
        <line num="945" count="0" type="stmt"/>
        <line num="948" count="0" type="stmt"/>
        <line num="949" count="0" type="stmt"/>
        <line num="950" count="0" type="stmt"/>
        <line num="953" count="0" type="stmt"/>
        <line num="957" count="0" type="stmt"/>
        <line num="958" count="0" type="stmt"/>
        <line num="959" count="0" type="stmt"/>
        <line num="961" count="0" type="cond" truecount="0" falsecount="2"/>
        <line num="967" count="0" type="stmt"/>
        <line num="968" count="0" type="stmt"/>
        <line num="970" count="0" type="cond" truecount="0" falsecount="2"/>
        <line num="974" count="0" type="stmt"/>
        <line num="976" count="0" type="stmt"/>
        <line num="977" count="0" type="stmt"/>
        <line num="981" count="0" type="stmt"/>
        <line num="982" count="0" type="stmt"/>
        <line num="984" count="0" type="cond" truecount="0" falsecount="2"/>
        <line num="989" count="0" type="stmt"/>
        <line num="990" count="0" type="cond" truecount="0" falsecount="3"/>
        <line num="995" count="0" type="stmt"/>
        <line num="996" count="0" type="cond" truecount="0" falsecount="2"/>
        <line num="997" count="0" type="stmt"/>
        <line num="998" count="0" type="stmt"/>
        <line num="999" count="0" type="stmt"/>
        <line num="1000" count="0" type="stmt"/>
        <line num="1008" count="0" type="stmt"/>
        <line num="1009" count="0" type="cond" truecount="0" falsecount="2"/>
        <line num="1010" count="0" type="stmt"/>
        <line num="1013" count="0" type="stmt"/>
        <line num="1015" count="0" type="stmt"/>
        <line num="1016" count="0" type="cond" truecount="0" falsecount="2"/>
        <line num="1029" count="0" type="stmt"/>
        <line num="1035" count="0" type="stmt"/>
        <line num="1036" count="0" type="stmt"/>
        <line num="1041" count="0" type="stmt"/>
        <line num="1047" count="0" type="cond" truecount="0" falsecount="2"/>
        <line num="1048" count="0" type="stmt"/>
        <line num="1049" count="0" type="stmt"/>
        <line num="1057" count="0" type="stmt"/>
        <line num="1061" count="0" type="stmt"/>
        <line num="1067" count="0" type="stmt"/>
        <line num="1068" count="0" type="stmt"/>
        <line num="1071" count="0" type="stmt"/>
        <line num="1073" count="0" type="stmt"/>
        <line num="1077" count="0" type="stmt"/>
        <line num="1081" count="0" type="stmt"/>
        <line num="1086" count="0" type="cond" truecount="0" falsecount="2"/>
        <line num="1087" count="0" type="stmt"/>
        <line num="1089" count="0" type="stmt"/>
        <line num="1090" count="0" type="stmt"/>
        <line num="1093" count="0" type="cond" truecount="0" falsecount="2"/>
        <line num="1099" count="0" type="stmt"/>
        <line num="1105" count="0" type="stmt"/>
        <line num="1108" count="0" type="stmt"/>
        <line num="1109" count="0" type="stmt"/>
        <line num="1110" count="0" type="stmt"/>
        <line num="1127" count="0" type="stmt"/>
        <line num="1128" count="0" type="stmt"/>
        <line num="1129" count="0" type="stmt"/>
        <line num="1139" count="0" type="stmt"/>
        <line num="1140" count="0" type="stmt"/>
        <line num="1141" count="0" type="stmt"/>
        <line num="1148" count="0" type="stmt"/>
        <line num="1149" count="0" type="stmt"/>
        <line num="1150" count="0" type="stmt"/>
        <line num="1152" count="0" type="cond" truecount="0" falsecount="2"/>
        <line num="1176" count="0" type="stmt"/>
        <line num="1177" count="0" type="stmt"/>
        <line num="1178" count="0" type="cond" truecount="0" falsecount="2"/>
        <line num="1183" count="0" type="stmt"/>
        <line num="1193" count="0" type="stmt"/>
        <line num="1194" count="0" type="stmt"/>
        <line num="1195" count="0" type="stmt"/>
        <line num="1196" count="0" type="stmt"/>
        <line num="1198" count="0" type="stmt"/>
        <line num="1199" count="0" type="stmt"/>
        <line num="1203" count="0" type="stmt"/>
        <line num="1204" count="0" type="stmt"/>
        <line num="1206" count="0" type="stmt"/>
        <line num="1209" count="0" type="cond" truecount="0" falsecount="2"/>
        <line num="1210" count="0" type="stmt"/>
        <line num="1211" count="0" type="cond" truecount="0" falsecount="2"/>
        <line num="1212" count="0" type="stmt"/>
        <line num="1213" count="0" type="cond" truecount="0" falsecount="2"/>
        <line num="1214" count="0" type="stmt"/>
        <line num="1216" count="0" type="stmt"/>
        <line num="1221" count="0" type="stmt"/>
        <line num="1225" count="0" type="stmt"/>
        <line num="1226" count="0" type="cond" truecount="0" falsecount="2"/>
        <line num="1230" count="0" type="stmt"/>
        <line num="1233" count="0" type="stmt"/>
        <line num="1234" count="0" type="stmt"/>
        <line num="1237" count="0" type="stmt"/>
        <line num="1240" count="0" type="stmt"/>
        <line num="1242" count="0" type="stmt"/>
        <line num="1243" count="0" type="stmt"/>
        <line num="1245" count="0" type="cond" truecount="0" falsecount="2"/>
        <line num="1246" count="0" type="stmt"/>
        <line num="1249" count="0" type="stmt"/>
        <line num="1261" count="0" type="stmt"/>
        <line num="1262" count="0" type="stmt"/>
        <line num="1265" count="0" type="stmt"/>
        <line num="1268" count="0" type="stmt"/>
        <line num="1269" count="0" type="stmt"/>
        <line num="1276" count="0" type="stmt"/>
        <line num="1279" count="0" type="stmt"/>
        <line num="1280" count="0" type="stmt"/>
        <line num="1282" count="0" type="cond" truecount="0" falsecount="4"/>
        <line num="1283" count="0" type="stmt"/>
        <line num="1286" count="0" type="stmt"/>
        <line num="1294" count="0" type="stmt"/>
        <line num="1301" count="0" type="cond" truecount="0" falsecount="2"/>
        <line num="1302" count="0" type="stmt"/>
        <line num="1303" count="0" type="stmt"/>
        <line num="1308" count="0" type="stmt"/>
        <line num="1309" count="0" type="stmt"/>
        <line num="1310" count="0" type="cond" truecount="0" falsecount="2"/>
        <line num="1324" count="0" type="stmt"/>
        <line num="1325" count="0" type="stmt"/>
        <line num="1326" count="0" type="stmt"/>
        <line num="1329" count="0" type="stmt"/>
        <line num="1354" count="0" type="stmt"/>
        <line num="1356" count="0" type="cond" truecount="0" falsecount="2"/>
        <line num="1378" count="0" type="stmt"/>
        <line num="1379" count="0" type="stmt"/>
        <line num="1395" count="0" type="stmt"/>
        <line num="1407" count="0" type="stmt"/>
        <line num="1408" count="0" type="stmt"/>
        <line num="1409" count="0" type="stmt"/>
        <line num="1410" count="0" type="cond" truecount="0" falsecount="3"/>
        <line num="1421" count="0" type="stmt"/>
        <line num="1422" count="0" type="stmt"/>
        <line num="1423" count="0" type="stmt"/>
        <line num="1424" count="0" type="stmt"/>
        <line num="1433" count="0" type="stmt"/>
        <line num="1434" count="0" type="stmt"/>
        <line num="1435" count="0" type="cond" truecount="0" falsecount="2"/>
        <line num="1437" count="0" type="cond" truecount="0" falsecount="2"/>
        <line num="1438" count="0" type="stmt"/>
        <line num="1443" count="0" type="stmt"/>
        <line num="1444" count="0" type="stmt"/>
        <line num="1445" count="0" type="stmt"/>
        <line num="1446" count="0" type="stmt"/>
        <line num="1452" count="0" type="stmt"/>
        <line num="1453" count="0" type="stmt"/>
        <line num="1455" count="0" type="stmt"/>
        <line num="1456" count="0" type="stmt"/>
        <line num="1457" count="0" type="stmt"/>
        <line num="1459" count="0" type="cond" truecount="0" falsecount="3"/>
        <line num="1467" count="0" type="stmt"/>
        <line num="1474" count="0" type="stmt"/>
        <line num="1475" count="0" type="stmt"/>
        <line num="1477" count="0" type="stmt"/>
        <line num="1478" count="0" type="stmt"/>
        <line num="1479" count="0" type="stmt"/>
        <line num="1490" count="0" type="stmt"/>
        <line num="1497" count="0" type="stmt"/>
        <line num="1498" count="0" type="stmt"/>
        <line num="1501" count="0" type="stmt"/>
        <line num="1523" count="0" type="stmt"/>
        <line num="1530" count="0" type="stmt"/>
        <line num="1531" count="0" type="stmt"/>
        <line num="1534" count="0" type="stmt"/>
        <line num="1550" count="0" type="stmt"/>
        <line num="1557" count="0" type="stmt"/>
        <line num="1558" count="0" type="stmt"/>
        <line num="1561" count="0" type="stmt"/>
        <line num="1563" count="0" type="cond" truecount="0" falsecount="2"/>
        <line num="1580" count="0" type="stmt"/>
        <line num="1585" count="0" type="stmt"/>
        <line num="1586" count="0" type="stmt"/>
        <line num="1587" count="0" type="stmt"/>
        <line num="1588" count="0" type="stmt"/>
        <line num="1592" count="0" type="stmt"/>
        <line num="1600" count="0" type="stmt"/>
        <line num="1601" count="0" type="stmt"/>
        <line num="1603" count="0" type="stmt"/>
        <line num="1604" count="0" type="stmt"/>
        <line num="1607" count="0" type="stmt"/>
        <line num="1609" count="0" type="cond" truecount="0" falsecount="2"/>
        <line num="1615" count="0" type="stmt"/>
        <line num="1622" count="0" type="stmt"/>
        <line num="1623" count="0" type="stmt"/>
        <line num="1624" count="0" type="stmt"/>
        <line num="1625" count="0" type="cond" truecount="0" falsecount="2"/>
        <line num="1638" count="0" type="stmt"/>
        <line num="1639" count="0" type="cond" truecount="0" falsecount="2"/>
        <line num="1646" count="0" type="stmt"/>
        <line num="1648" count="0" type="cond" truecount="0" falsecount="4"/>
        <line num="1652" count="0" type="cond" truecount="0" falsecount="4"/>
        <line num="1658" count="0" type="cond" truecount="0" falsecount="2"/>
        <line num="1660" count="0" type="cond" truecount="0" falsecount="2"/>
        <line num="1667" count="0" type="cond" truecount="0" falsecount="6"/>
        <line num="1682" count="0" type="stmt"/>
        <line num="1699" count="0" type="stmt"/>
        <line num="1712" count="0" type="stmt"/>
        <line num="1722" count="0" type="stmt"/>
        <line num="1726" count="0" type="stmt"/>
        <line num="1738" count="0" type="stmt"/>
        <line num="1747" count="0" type="stmt"/>
        <line num="1751" count="0" type="stmt"/>
        <line num="1756" count="0" type="stmt"/>
        <line num="1758" count="0" type="cond" truecount="0" falsecount="3"/>
        <line num="1769" count="0" type="stmt"/>
        <line num="1770" count="0" type="cond" truecount="0" falsecount="2"/>
        <line num="1778" count="0" type="stmt"/>
        <line num="1780" count="0" type="cond" truecount="0" falsecount="4"/>
        <line num="1782" count="0" type="cond" truecount="0" falsecount="4"/>
        <line num="1783" count="0" type="stmt"/>
        <line num="1784" count="0" type="stmt"/>
        <line num="1794" count="0" type="stmt"/>
        <line num="1795" count="0" type="stmt"/>
        <line num="1796" count="0" type="cond" truecount="0" falsecount="2"/>
        <line num="1797" count="0" type="stmt"/>
        <line num="1798" count="0" type="cond" truecount="0" falsecount="3"/>
        <line num="1800" count="0" type="cond" truecount="0" falsecount="2"/>
        <line num="1801" count="0" type="stmt"/>
        <line num="1803" count="0" type="cond" truecount="0" falsecount="2"/>
        <line num="1813" count="0" type="stmt"/>
        <line num="1814" count="0" type="stmt"/>
        <line num="1817" count="0" type="stmt"/>
        <line num="1818" count="0" type="stmt"/>
        <line num="1822" count="0" type="cond" truecount="0" falsecount="2"/>
        <line num="1829" count="0" type="stmt"/>
        <line num="1830" count="0" type="stmt"/>
        <line num="1831" count="0" type="stmt"/>
        <line num="1833" count="0" type="cond" truecount="0" falsecount="4"/>
        <line num="1858" count="0" type="stmt"/>
        <line num="1859" count="0" type="cond" truecount="0" falsecount="3"/>
        <line num="1869" count="0" type="stmt"/>
        <line num="1870" count="0" type="cond" truecount="0" falsecount="2"/>
        <line num="1873" count="0" type="stmt"/>
        <line num="1874" count="0" type="cond" truecount="0" falsecount="2"/>
        <line num="1875" count="0" type="stmt"/>
        <line num="1876" count="0" type="stmt"/>
        <line num="1882" count="0" type="stmt"/>
        <line num="1889" count="0" type="stmt"/>
        <line num="1890" count="0" type="stmt"/>
        <line num="1891" count="0" type="stmt"/>
        <line num="1893" count="0" type="cond" truecount="0" falsecount="2"/>
        <line num="1897" count="0" type="stmt"/>
        <line num="1898" count="0" type="stmt"/>
        <line num="1899" count="0" type="stmt"/>
        <line num="1902" count="0" type="stmt"/>
        <line num="1915" count="0" type="stmt"/>
        <line num="1921" count="0" type="stmt"/>
        <line num="1922" count="0" type="stmt"/>
        <line num="1924" count="0" type="cond" truecount="0" falsecount="2"/>
        <line num="1925" count="0" type="stmt"/>
        <line num="1928" count="0" type="stmt"/>
        <line num="1929" count="0" type="stmt"/>
        <line num="1933" count="0" type="stmt"/>
        <line num="1934" count="0" type="cond" truecount="0" falsecount="2"/>
        <line num="1942" count="0" type="stmt"/>
        <line num="1943" count="0" type="stmt"/>
        <line num="1951" count="0" type="stmt"/>
        <line num="1955" count="0" type="stmt"/>
        <line num="1956" count="0" type="stmt"/>
        <line num="1962" count="0" type="stmt"/>
        <line num="1979" count="0" type="stmt"/>
        <line num="1980" count="0" type="stmt"/>
        <line num="1982" count="0" type="cond" truecount="0" falsecount="2"/>
        <line num="1987" count="0" type="stmt"/>
        <line num="1989" count="0" type="stmt"/>
        <line num="2001" count="0" type="stmt"/>
        <line num="2002" count="0" type="stmt"/>
        <line num="2003" count="0" type="cond" truecount="0" falsecount="3"/>
        <line num="2020" count="0" type="stmt"/>
        <line num="2021" count="0" type="cond" truecount="0" falsecount="2"/>
        <line num="2028" count="0" type="stmt"/>
        <line num="2029" count="0" type="stmt"/>
        <line num="2031" count="0" type="cond" truecount="0" falsecount="2"/>
        <line num="2032" count="0" type="stmt"/>
        <line num="2035" count="0" type="stmt"/>
        <line num="2037" count="0" type="stmt"/>
        <line num="2040" count="0" type="stmt"/>
        <line num="2043" count="0" type="stmt"/>
        <line num="2046" count="0" type="cond" truecount="0" falsecount="2"/>
        <line num="2050" count="0" type="cond" truecount="0" falsecount="2"/>
        <line num="2052" count="0" type="cond" truecount="0" falsecount="2"/>
        <line num="2054" count="0" type="cond" truecount="0" falsecount="4"/>
        <line num="2056" count="0" type="stmt"/>
        <line num="2057" count="0" type="stmt"/>
        <line num="2059" count="0" type="stmt"/>
        <line num="2061" count="0" type="cond" truecount="0" falsecount="2"/>
        <line num="2064" count="0" type="stmt"/>
        <line num="2074" count="0" type="stmt"/>
        <line num="2075" count="0" type="stmt"/>
        <line num="2076" count="0" type="stmt"/>
        <line num="2078" count="0" type="cond" truecount="0" falsecount="4"/>
        <line num="2083" count="0" type="stmt"/>
        <line num="2091" count="0" type="stmt"/>
        <line num="2093" count="0" type="stmt"/>
        <line num="2095" count="0" type="stmt"/>
        <line num="2096" count="0" type="stmt"/>
        <line num="2097" count="0" type="stmt"/>
        <line num="2103" count="0" type="stmt"/>
        <line num="2104" count="0" type="stmt"/>
        <line num="2105" count="0" type="stmt"/>
        <line num="2110" count="0" type="cond" truecount="0" falsecount="2"/>
        <line num="2112" count="0" type="stmt"/>
        <line num="2113" count="0" type="stmt"/>
        <line num="2117" count="0" type="stmt"/>
        <line num="2120" count="0" type="stmt"/>
        <line num="2126" count="0" type="stmt"/>
        <line num="2127" count="0" type="stmt"/>
        <line num="2128" count="0" type="stmt"/>
        <line num="2129" count="0" type="stmt"/>
        <line num="2130" count="0" type="stmt"/>
        <line num="2131" count="0" type="stmt"/>
        <line num="2132" count="0" type="stmt"/>
        <line num="2140" count="0" type="stmt"/>
        <line num="2141" count="0" type="stmt"/>
        <line num="2147" count="0" type="stmt"/>
        <line num="2149" count="0" type="cond" truecount="0" falsecount="2"/>
        <line num="2159" count="0" type="stmt"/>
        <line num="2160" count="0" type="stmt"/>
        <line num="2164" count="0" type="stmt"/>
        <line num="2166" count="0" type="cond" truecount="0" falsecount="2"/>
        <line num="2175" count="0" type="stmt"/>
        <line num="2177" count="0" type="cond" truecount="0" falsecount="2"/>
        <line num="2186" count="0" type="stmt"/>
        <line num="2189" count="0" type="stmt"/>
        <line num="2190" count="0" type="cond" truecount="0" falsecount="2"/>
        <line num="2199" count="0" type="stmt"/>
        <line num="2201" count="0" type="cond" truecount="0" falsecount="2"/>
        <line num="2202" count="0" type="stmt"/>
        <line num="2205" count="0" type="stmt"/>
        <line num="2206" count="0" type="stmt"/>
        <line num="2224" count="0" type="stmt"/>
        <line num="2225" count="0" type="stmt"/>
        <line num="2227" count="0" type="stmt"/>
        <line num="2240" count="0" type="cond" truecount="0" falsecount="2"/>
        <line num="2241" count="0" type="cond" truecount="0" falsecount="2"/>
        <line num="2243" count="0" type="stmt"/>
        <line num="2259" count="0" type="stmt"/>
        <line num="2269" count="0" type="stmt"/>
        <line num="2272" count="0" type="stmt"/>
        <line num="2279" count="0" type="stmt"/>
        <line num="2282" count="0" type="stmt"/>
        <line num="2300" count="0" type="stmt"/>
        <line num="2304" count="0" type="stmt"/>
        <line num="2305" count="0" type="stmt"/>
        <line num="2306" count="0" type="stmt"/>
        <line num="2308" count="0" type="stmt"/>
        <line num="2320" count="0" type="stmt"/>
        <line num="2323" count="0" type="stmt"/>
        <line num="2324" count="0" type="stmt"/>
        <line num="2326" count="0" type="cond" truecount="0" falsecount="2"/>
        <line num="2327" count="0" type="stmt"/>
        <line num="2330" count="0" type="stmt"/>
        <line num="2332" count="0" type="cond" truecount="0" falsecount="4"/>
        <line num="2333" count="0" type="stmt"/>
        <line num="2336" count="0" type="stmt"/>
        <line num="2338" count="0" type="stmt"/>
        <line num="2342" count="0" type="stmt"/>
        <line num="2346" count="0" type="stmt"/>
        <line num="2347" count="0" type="stmt"/>
        <line num="2354" count="0" type="stmt"/>
        <line num="2355" count="0" type="cond" truecount="0" falsecount="2"/>
        <line num="2364" count="0" type="stmt"/>
        <line num="2366" count="0" type="stmt"/>
        <line num="2381" count="0" type="stmt"/>
        <line num="2382" count="0" type="stmt"/>
        <line num="2384" count="0" type="cond" truecount="0" falsecount="2"/>
        <line num="2386" count="0" type="cond" truecount="0" falsecount="2"/>
        <line num="2398" count="0" type="stmt"/>
        <line num="2399" count="0" type="stmt"/>
        <line num="2401" count="0" type="cond" truecount="0" falsecount="2"/>
        <line num="2408" count="0" type="stmt"/>
        <line num="2409" count="0" type="stmt"/>
        <line num="2410" count="0" type="cond" truecount="0" falsecount="2"/>
        <line num="2419" count="0" type="stmt"/>
        <line num="2420" count="0" type="stmt"/>
        <line num="2421" count="0" type="stmt"/>
        <line num="2426" count="0" type="cond" truecount="0" falsecount="2"/>
        <line num="2427" count="0" type="stmt"/>
        <line num="2430" count="0" type="cond" truecount="0" falsecount="2"/>
        <line num="2431" count="0" type="stmt"/>
        <line num="2432" count="0" type="stmt"/>
        <line num="2434" count="0" type="stmt"/>
        <line num="2435" count="0" type="stmt"/>
        <line num="2438" count="0" type="stmt"/>
        <line num="2443" count="0" type="stmt"/>
        <line num="2446" count="0" type="stmt"/>
        <line num="2449" count="0" type="stmt"/>
        <line num="2452" count="0" type="stmt"/>
        <line num="2456" count="0" type="stmt"/>
        <line num="2457" count="0" type="stmt"/>
        <line num="2458" count="0" type="stmt"/>
        <line num="2466" count="0" type="stmt"/>
        <line num="2468" count="0" type="cond" truecount="0" falsecount="2"/>
        <line num="2477" count="0" type="stmt"/>
        <line num="2479" count="0" type="cond" truecount="0" falsecount="2"/>
        <line num="2483" count="0" type="stmt"/>
        <line num="2485" count="0" type="cond" truecount="0" falsecount="2"/>
        <line num="2493" count="0" type="stmt"/>
        <line num="2494" count="0" type="stmt"/>
        <line num="2502" count="0" type="stmt"/>
        <line num="2503" count="0" type="stmt"/>
        <line num="2505" count="0" type="cond" truecount="0" falsecount="4"/>
        <line num="2506" count="0" type="stmt"/>
        <line num="2509" count="0" type="stmt"/>
        <line num="2510" count="0" type="stmt"/>
        <line num="2511" count="0" type="stmt"/>
        <line num="2522" count="0" type="stmt"/>
        <line num="2523" count="0" type="stmt"/>
        <line num="2525" count="0" type="stmt"/>
        <line num="2531" count="0" type="stmt"/>
        <line num="2535" count="0" type="stmt"/>
        <line num="2536" count="0" type="stmt"/>
        <line num="2538" count="0" type="stmt"/>
        <line num="2563" count="0" type="stmt"/>
        <line num="2564" count="0" type="stmt"/>
        <line num="2574" count="0" type="stmt"/>
        <line num="2576" count="0" type="stmt"/>
        <line num="2585" count="0" type="stmt"/>
        <line num="2586" count="0" type="stmt"/>
        <line num="2587" count="0" type="stmt"/>
        <line num="2593" count="0" type="stmt"/>
        <line num="2615" count="0" type="stmt"/>
        <line num="2616" count="0" type="stmt"/>
        <line num="2617" count="0" type="stmt"/>
        <line num="2625" count="0" type="stmt"/>
        <line num="2626" count="0" type="stmt"/>
        <line num="2627" count="0" type="stmt"/>
        <line num="2635" count="0" type="stmt"/>
        <line num="2636" count="0" type="stmt"/>
        <line num="2640" count="0" type="stmt"/>
        <line num="2643" count="0" type="stmt"/>
        <line num="2645" count="0" type="cond" truecount="0" falsecount="2"/>
        <line num="2646" count="0" type="stmt"/>
        <line num="2649" count="0" type="stmt"/>
        <line num="2651" count="0" type="stmt"/>
        <line num="2663" count="0" type="stmt"/>
        <line num="2666" count="0" type="stmt"/>
        <line num="2667" count="0" type="stmt"/>
        <line num="2668" count="0" type="stmt"/>
        <line num="2669" count="0" type="stmt"/>
        <line num="2670" count="0" type="stmt"/>
        <line num="2683" count="0" type="stmt"/>
        <line num="2684" count="0" type="cond" truecount="0" falsecount="2"/>
        <line num="2690" count="0" type="cond" truecount="0" falsecount="2"/>
        <line num="2691" count="0" type="cond" truecount="0" falsecount="2"/>
        <line num="2693" count="0" type="stmt"/>
        <line num="2694" count="0" type="stmt"/>
        <line num="2704" count="0" type="cond" truecount="0" falsecount="2"/>
        <line num="2706" count="0" type="stmt"/>
        <line num="2713" count="0" type="stmt"/>
        <line num="2714" count="0" type="stmt"/>
        <line num="2720" count="0" type="stmt"/>
        <line num="2721" count="0" type="stmt"/>
        <line num="2724" count="0" type="stmt"/>
        <line num="2725" count="0" type="cond" truecount="0" falsecount="2"/>
        <line num="2731" count="0" type="cond" truecount="0" falsecount="2"/>
        <line num="2732" count="0" type="stmt"/>
        <line num="2735" count="0" type="stmt"/>
        <line num="2736" count="0" type="stmt"/>
        <line num="2737" count="0" type="cond" truecount="0" falsecount="2"/>
        <line num="2743" count="0" type="cond" truecount="0" falsecount="2"/>
        <line num="2745" count="0" type="stmt"/>
        <line num="2749" count="0" type="stmt"/>
        <line num="2750" count="0" type="stmt"/>
        <line num="2752" count="0" type="stmt"/>
        <line num="2764" count="0" type="stmt"/>
        <line num="2766" count="0" type="stmt"/>
        <line num="2767" count="0" type="stmt"/>
        <line num="2769" count="0" type="cond" truecount="0" falsecount="5"/>
        <line num="2782" count="0" type="stmt"/>
        <line num="2783" count="0" type="cond" truecount="0" falsecount="4"/>
        <line num="2786" count="0" type="stmt"/>
        <line num="2788" count="0" type="stmt"/>
        <line num="2789" count="0" type="stmt"/>
        <line num="2790" count="0" type="stmt"/>
        <line num="2791" count="0" type="stmt"/>
        <line num="2801" count="0" type="stmt"/>
        <line num="2802" count="0" type="stmt"/>
        <line num="2803" count="0" type="stmt"/>
        <line num="2804" count="0" type="stmt"/>
        <line num="2813" count="0" type="stmt"/>
        <line num="2814" count="0" type="stmt"/>
        <line num="2815" count="0" type="stmt"/>
        <line num="2817" count="0" type="stmt"/>
        <line num="2832" count="0" type="stmt"/>
        <line num="2833" count="0" type="stmt"/>
        <line num="2839" count="0" type="cond" truecount="0" falsecount="2"/>
        <line num="2844" count="0" type="cond" truecount="0" falsecount="2"/>
        <line num="2849" count="0" type="cond" truecount="0" falsecount="2"/>
        <line num="2851" count="0" type="stmt"/>
        <line num="2852" count="0" type="cond" truecount="0" falsecount="3"/>
        <line num="2860" count="0" type="stmt"/>
        <line num="2871" count="0" type="stmt"/>
        <line num="2872" count="0" type="stmt"/>
        <line num="2874" count="0" type="cond" truecount="0" falsecount="2"/>
        <line num="2883" count="0" type="stmt"/>
        <line num="2887" count="0" type="stmt"/>
        <line num="2889" count="0" type="stmt"/>
        <line num="2890" count="0" type="stmt"/>
        <line num="2892" count="0" type="stmt"/>
        <line num="2893" count="0" type="stmt"/>
        <line num="2895" count="0" type="cond" truecount="0" falsecount="4"/>
        <line num="2926" count="0" type="stmt"/>
        <line num="2928" count="0" type="cond" truecount="0" falsecount="6"/>
        <line num="2933" count="0" type="cond" truecount="0" falsecount="2"/>
        <line num="2934" count="0" type="stmt"/>
        <line num="2937" count="0" type="stmt"/>
        <line num="2942" count="0" type="stmt"/>
        <line num="2943" count="0" type="stmt"/>
        <line num="2944" count="0" type="stmt"/>
        <line num="2945" count="0" type="stmt"/>
        <line num="2947" count="0" type="stmt"/>
        <line num="2948" count="0" type="cond" truecount="0" falsecount="2"/>
        <line num="2949" count="0" type="stmt"/>
        <line num="2950" count="0" type="stmt"/>
        <line num="2955" count="0" type="stmt"/>
        <line num="2966" count="0" type="stmt"/>
        <line num="2967" count="0" type="stmt"/>
        <line num="2968" count="0" type="stmt"/>
        <line num="2969" count="0" type="stmt"/>
        <line num="2971" count="0" type="cond" truecount="0" falsecount="2"/>
        <line num="2972" count="0" type="stmt"/>
        <line num="2975" count="0" type="cond" truecount="0" falsecount="2"/>
        <line num="2976" count="0" type="stmt"/>
        <line num="2978" count="0" type="stmt"/>
        <line num="2981" count="0" type="cond" truecount="0" falsecount="2"/>
        <line num="2982" count="0" type="stmt"/>
        <line num="2985" count="0" type="cond" truecount="0" falsecount="4"/>
        <line num="2986" count="0" type="stmt"/>
        <line num="2990" count="0" type="cond" truecount="0" falsecount="2"/>
        <line num="2995" count="0" type="stmt"/>
        <line num="2996" count="0" type="cond" truecount="0" falsecount="2"/>
        <line num="3002" count="0" type="cond" truecount="0" falsecount="2"/>
        <line num="3004" count="0" type="cond" truecount="0" falsecount="2"/>
        <line num="3006" count="0" type="stmt"/>
        <line num="3007" count="0" type="stmt"/>
        <line num="3013" count="0" type="stmt"/>
        <line num="3015" count="0" type="cond" truecount="0" falsecount="2"/>
        <line num="3023" count="0" type="stmt"/>
        <line num="3027" count="0" type="stmt"/>
        <line num="3029" count="0" type="stmt"/>
        <line num="3030" count="0" type="stmt"/>
        <line num="3033" count="0" type="stmt"/>
        <line num="3057" count="0" type="stmt"/>
        <line num="3062" count="0" type="stmt"/>
        <line num="3070" count="0" type="stmt"/>
        <line num="3071" count="0" type="cond" truecount="0" falsecount="2"/>
        <line num="3078" count="0" type="stmt"/>
        <line num="3079" count="0" type="cond" truecount="0" falsecount="2"/>
        <line num="3081" count="0" type="stmt"/>
        <line num="3089" count="0" type="stmt"/>
        <line num="3090" count="0" type="cond" truecount="0" falsecount="2"/>
        <line num="3091" count="0" type="stmt"/>
        <line num="3093" count="0" type="stmt"/>
        <line num="3101" count="0" type="stmt"/>
        <line num="3102" count="0" type="stmt"/>
        <line num="3103" count="0" type="cond" truecount="0" falsecount="4"/>
        <line num="3110" count="0" type="stmt"/>
        <line num="3111" count="0" type="cond" truecount="0" falsecount="2"/>
        <line num="3112" count="0" type="stmt"/>
        <line num="3114" count="0" type="stmt"/>
        <line num="3123" count="0" type="stmt"/>
        <line num="3124" count="0" type="cond" truecount="0" falsecount="2"/>
        <line num="3127" count="0" type="stmt"/>
        <line num="3128" count="0" type="stmt"/>
        <line num="3130" count="0" type="cond" truecount="0" falsecount="4"/>
        <line num="3131" count="0" type="stmt"/>
        <line num="3139" count="0" type="stmt"/>
        <line num="3140" count="0" type="cond" truecount="0" falsecount="2"/>
        <line num="3141" count="0" type="stmt"/>
        <line num="3142" count="0" type="stmt"/>
        <line num="3144" count="0" type="cond" truecount="0" falsecount="2"/>
        <line num="3148" count="0" type="stmt"/>
        <line num="3156" count="0" type="stmt"/>
        <line num="3201" count="0" type="cond" truecount="0" falsecount="2"/>
        <line num="3202" count="0" type="stmt"/>
        <line num="3205" count="0" type="stmt"/>
        <line num="3207" count="0" type="stmt"/>
        <line num="3208" count="0" type="stmt"/>
        <line num="3211" count="0" type="stmt"/>
        <line num="3212" count="0" type="stmt"/>
        <line num="3221" count="0" type="stmt"/>
        <line num="3223" count="0" type="stmt"/>
        <line num="3227" count="0" type="cond" truecount="0" falsecount="4"/>
        <line num="3228" count="0" type="stmt"/>
        <line num="3239" count="0" type="stmt"/>
        <line num="3240" count="0" type="stmt"/>
        <line num="3250" count="0" type="stmt"/>
        <line num="3253" count="0" type="stmt"/>
        <line num="3258" count="0" type="stmt"/>
        <line num="3259" count="0" type="stmt"/>
        <line num="3263" count="0" type="stmt"/>
        <line num="3264" count="0" type="stmt"/>
        <line num="3269" count="0" type="stmt"/>
        <line num="3270" count="0" type="stmt"/>
        <line num="3272" count="0" type="stmt"/>
        <line num="3273" count="0" type="stmt"/>
        <line num="3279" count="0" type="stmt"/>
        <line num="3282" count="0" type="stmt"/>
        <line num="3284" count="0" type="stmt"/>
        <line num="3286" count="0" type="stmt"/>
        <line num="3288" count="0" type="stmt"/>
        <line num="3298" count="0" type="stmt"/>
        <line num="3303" count="0" type="stmt"/>
        <line num="3304" count="0" type="stmt"/>
        <line num="3305" count="0" type="stmt"/>
        <line num="3309" count="0" type="stmt"/>
        <line num="3312" count="0" type="stmt"/>
        <line num="3313" count="0" type="stmt"/>
        <line num="3326" count="0" type="stmt"/>
        <line num="3329" count="0" type="stmt"/>
        <line num="3330" count="0" type="stmt"/>
        <line num="3331" count="0" type="stmt"/>
        <line num="3335" count="0" type="stmt"/>
        <line num="3343" count="0" type="cond" truecount="0" falsecount="3"/>
        <line num="3352" count="0" type="stmt"/>
        <line num="3353" count="0" type="cond" truecount="0" falsecount="2"/>
        <line num="3357" count="0" type="cond" truecount="0" falsecount="2"/>
        <line num="3366" count="0" type="stmt"/>
        <line num="3367" count="0" type="cond" truecount="0" falsecount="2"/>
        <line num="3385" count="0" type="stmt"/>
        <line num="3386" count="0" type="cond" truecount="0" falsecount="3"/>
        <line num="3392" count="0" type="stmt"/>
        <line num="3397" count="0" type="stmt"/>
        <line num="3398" count="0" type="cond" truecount="0" falsecount="2"/>
        <line num="3399" count="0" type="stmt"/>
        <line num="3406" count="0" type="stmt"/>
        <line num="3410" count="0" type="stmt"/>
        <line num="3415" count="0" type="cond" truecount="0" falsecount="6"/>
      </file>
    </package>
    <package name="cultura-y-ocio-malaga.dist.js.webpack:.node_modules.vue-simple-calendar.dist">
      <metrics statements="236" coveredstatements="0" conditionals="198" coveredconditionals="0" methods="122" coveredmethods="0"/>
      <file name="vue-simple-calendar.es.js" path="/home/geminway/GitHub/cultura-y-ocio-malaga/dist/js/webpack:/node_modules/vue-simple-calendar/dist/vue-simple-calendar.es.js">
        <metrics statements="236" coveredstatements="0" conditionals="198" coveredconditionals="0" methods="122" coveredmethods="0"/>
        <line num="1" count="0" type="stmt"/>
        <line num="2" count="0" type="cond" truecount="0" falsecount="2"/>
        <line num="3" count="0" type="stmt"/>
        <line num="4" count="0" type="cond" truecount="0" falsecount="2"/>
        <line num="8" count="0" type="stmt"/>
        <line num="9" count="0" type="stmt"/>
        <line num="10" count="0" type="stmt"/>
        <line num="12" count="0" type="stmt"/>
        <line num="14" count="0" type="stmt"/>
        <line num="16" count="0" type="stmt"/>
        <line num="18" count="0" type="stmt"/>
        <line num="21" count="0" type="stmt"/>
        <line num="22" count="0" type="stmt"/>
        <line num="23" count="0" type="stmt"/>
        <line num="24" count="0" type="stmt"/>
        <line num="25" count="0" type="stmt"/>
        <line num="26" count="0" type="stmt"/>
        <line num="27" count="0" type="cond" truecount="0" falsecount="6"/>
        <line num="28" count="0" type="stmt"/>
        <line num="29" count="0" type="stmt"/>
        <line num="30" count="0" type="stmt"/>
        <line num="31" count="0" type="stmt"/>
        <line num="32" count="0" type="stmt"/>
        <line num="33" count="0" type="stmt"/>
        <line num="34" count="0" type="cond" truecount="0" falsecount="5"/>
        <line num="35" count="0" type="stmt"/>
        <line num="36" count="0" type="cond" truecount="0" falsecount="2"/>
        <line num="37" count="0" type="stmt"/>
        <line num="38" count="0" type="stmt"/>
        <line num="40" count="0" type="stmt"/>
        <line num="42" count="0" type="stmt"/>
        <line num="43" count="0" type="stmt"/>
        <line num="44" count="0" type="stmt"/>
        <line num="45" count="0" type="stmt"/>
        <line num="46" count="0" type="stmt"/>
        <line num="47" count="0" type="cond" truecount="0" falsecount="2"/>
        <line num="48" count="0" type="stmt"/>
        <line num="75" count="0" type="stmt"/>
        <line num="77" count="0" type="stmt"/>
        <line num="78" count="0" type="stmt"/>
        <line num="79" count="0" type="stmt"/>
        <line num="81" count="0" type="cond" truecount="0" falsecount="3"/>
        <line num="82" count="0" type="cond" truecount="0" falsecount="3"/>
        <line num="83" count="0" type="cond" truecount="0" falsecount="4"/>
        <line num="84" count="0" type="stmt"/>
        <line num="85" count="0" type="stmt"/>
        <line num="86" count="0" type="stmt"/>
        <line num="87" count="0" type="stmt"/>
        <line num="88" count="0" type="stmt"/>
        <line num="89" count="0" type="stmt"/>
        <line num="90" count="0" type="stmt"/>
        <line num="91" count="0" type="stmt"/>
        <line num="92" count="0" type="stmt"/>
        <line num="94" count="0" type="stmt"/>
        <line num="96" count="0" type="cond" truecount="0" falsecount="2"/>
        <line num="97" count="0" type="stmt"/>
        <line num="98" count="0" type="stmt"/>
        <line num="100" count="0" type="stmt"/>
        <line num="102" count="0" type="stmt"/>
        <line num="103" count="0" type="stmt"/>
        <line num="104" count="0" type="stmt"/>
        <line num="105" count="0" type="cond" truecount="0" falsecount="2"/>
        <line num="106" count="0" type="stmt"/>
        <line num="107" count="0" type="stmt"/>
        <line num="108" count="0" type="stmt"/>
        <line num="110" count="0" type="stmt"/>
        <line num="111" count="0" type="cond" truecount="0" falsecount="2"/>
        <line num="112" count="0" type="stmt"/>
        <line num="113" count="0" type="stmt"/>
        <line num="114" count="0" type="stmt"/>
        <line num="116" count="0" type="stmt"/>
        <line num="117" count="0" type="stmt"/>
        <line num="121" count="0" type="stmt"/>
        <line num="122" count="0" type="cond" truecount="0" falsecount="2"/>
        <line num="125" count="0" type="stmt"/>
        <line num="135" count="0" type="stmt"/>
        <line num="174" count="0" type="stmt"/>
        <line num="181" count="0" type="stmt"/>
        <line num="182" count="0" type="stmt"/>
        <line num="186" count="0" type="stmt"/>
        <line num="187" count="0" type="stmt"/>
        <line num="191" count="0" type="stmt"/>
        <line num="192" count="0" type="stmt"/>
        <line num="193" count="0" type="stmt"/>
        <line num="194" count="0" type="stmt"/>
        <line num="195" count="0" type="stmt"/>
        <line num="214" count="0" type="stmt"/>
        <line num="242" count="0" type="stmt"/>
        <line num="243" count="0" type="stmt"/>
        <line num="244" count="0" type="cond" truecount="0" falsecount="2"/>
        <line num="245" count="0" type="cond" truecount="0" falsecount="2"/>
        <line num="246" count="0" type="stmt"/>
        <line num="247" count="0" type="stmt"/>
        <line num="248" count="0" type="stmt"/>
        <line num="249" count="0" type="stmt"/>
        <line num="250" count="0" type="stmt"/>
        <line num="251" count="0" type="stmt"/>
        <line num="253" count="0" type="stmt"/>
        <line num="254" count="0" type="stmt"/>
        <line num="255" count="0" type="stmt"/>
        <line num="256" count="0" type="stmt"/>
        <line num="257" count="0" type="stmt"/>
        <line num="259" count="0" type="stmt"/>
        <line num="260" count="0" type="stmt"/>
[...]
        <line num="206" count="0" type="stmt"/>
        <line num="208" count="0" type="stmt"/>
        <line num="212" count="0" type="cond" truecount="0" falsecount="2"/>
        <line num="213" count="0" type="stmt"/>
        <line num="217" count="0" type="stmt"/>
        <line num="218" count="0" type="stmt"/>
        <line num="220" count="0" type="stmt"/>
        <line num="225" count="0" type="stmt"/>
        <line num="226" count="0" type="cond" truecount="0" falsecount="2"/>
        <line num="227" count="0" type="stmt"/>
        <line num="228" count="0" type="cond" truecount="0" falsecount="2"/>
        <line num="233" count="0" type="stmt"/>
        <line num="234" count="0" type="stmt"/>
        <line num="237" count="0" type="cond" truecount="0" falsecount="2"/>
        <line num="238" count="0" type="cond" truecount="0" falsecount="2"/>
        <line num="240" count="0" type="stmt"/>
        <line num="241" count="0" type="stmt"/>
        <line num="244" count="0" type="stmt"/>
        <line num="248" count="0" type="cond" truecount="0" falsecount="2"/>
        <line num="249" count="0" type="stmt"/>
        <line num="250" count="0" type="stmt"/>
        <line num="254" count="0" type="cond" truecount="0" falsecount="2"/>
        <line num="255" count="0" type="stmt"/>
        <line num="257" count="0" type="cond" truecount="0" falsecount="2"/>
        <line num="258" count="0" type="stmt"/>
        <line num="259" count="0" type="stmt"/>
        <line num="261" count="0" type="stmt"/>
        <line num="262" count="0" type="stmt"/>
        <line num="263" count="0" type="stmt"/>
        <line num="264" count="0" type="stmt"/>
        <line num="270" count="0" type="stmt"/>
        <line num="271" count="0" type="stmt"/>
        <line num="272" count="0" type="stmt"/>
        <line num="280" count="0" type="cond" truecount="0" falsecount="2"/>
        <line num="281" count="0" type="stmt"/>
        <line num="282" count="0" type="stmt"/>
        <line num="284" count="0" type="stmt"/>
        <line num="285" count="0" type="stmt"/>
        <line num="289" count="0" type="cond" truecount="0" falsecount="2"/>
        <line num="290" count="0" type="stmt"/>
        <line num="291" count="0" type="stmt"/>
        <line num="294" count="0" type="stmt"/>
      </file>
    </package>
    <package name="cultura-y-ocio-malaga.src.modules.events.router">
      <metrics statements="1" coveredstatements="0" conditionals="0" coveredconditionals="0" methods="1" coveredmethods="0"/>
      <file name="index.js" path="/home/geminway/GitHub/cultura-y-ocio-malaga/src/modules/events/router/index.js">
        <metrics statements="1" coveredstatements="0" conditionals="0" coveredconditionals="0" methods="1" coveredmethods="0"/>
        <line num="4" count="0" type="stmt"/>
      </file>
    </package>
    <package name="cultura-y-ocio-malaga.src.modules.events.store.event">
      <metrics statements="85" coveredstatements="0" conditionals="10" coveredconditionals="0" methods="19" coveredmethods="0"/>
      <file name="actions.js" path="/home/geminway/GitHub/cultura-y-ocio-malaga/src/modules/events/store/event/actions.js">
        <metrics statements="52" coveredstatements="0" conditionals="6" coveredconditionals="0" methods="9" coveredmethods="0"/>
        <line num="3" count="0" type="stmt"/>
        <line num="4" count="0" type="stmt"/>
        <line num="5" count="0" type="stmt"/>
        <line num="6" count="0" type="stmt"/>
        <line num="8" count="0" type="stmt"/>
        <line num="19" count="0" type="stmt"/>
        <line num="20" count="0" type="stmt"/>
        <line num="22" count="0" type="stmt"/>
        <line num="25" count="0" type="stmt"/>
        <line num="26" count="0" type="stmt"/>
        <line num="28" count="0" type="stmt"/>
        <line num="32" count="0" type="stmt"/>
        <line num="33" count="0" type="stmt"/>
        <line num="34" count="0" type="stmt"/>
        <line num="35" count="0" type="cond" truecount="0" falsecount="2"/>
        <line num="36" count="0" type="stmt"/>
        <line num="38" count="0" type="stmt"/>
        <line num="41" count="0" type="stmt"/>
        <line num="45" count="0" type="stmt"/>
        <line num="46" count="0" type="stmt"/>
        <line num="48" count="0" type="stmt"/>
        <line num="49" count="0" type="stmt"/>
        <line num="50" count="0" type="stmt"/>
        <line num="52" count="0" type="stmt"/>
        <line num="53" count="0" type="stmt"/>
        <line num="55" count="0" type="stmt"/>
        <line num="56" count="0" type="stmt"/>
        <line num="60" count="0" type="stmt"/>
        <line num="61" count="0" type="stmt"/>
        <line num="63" count="0" type="stmt"/>
        <line num="64" count="0" type="stmt"/>
        <line num="65" count="0" type="stmt"/>
        <line num="67" count="0" type="cond" truecount="0" falsecount="2"/>
        <line num="68" count="0" type="stmt"/>
        <line num="72" count="0" type="stmt"/>
        <line num="76" count="0" type="stmt"/>
        <line num="77" count="0" type="stmt"/>
        <line num="78" count="0" type="stmt"/>
        <line num="79" count="0" type="stmt"/>
        <line num="81" count="0" type="cond" truecount="0" falsecount="2"/>
        <line num="82" count="0" type="stmt"/>
        <line num="84" count="0" type="stmt"/>
        <line num="85" count="0" type="stmt"/>
        <line num="86" count="0" type="stmt"/>
        <line num="89" count="0" type="stmt"/>
        <line num="92" count="0" type="stmt"/>
        <line num="96" count="0" type="stmt"/>
        <line num="97" count="0" type="stmt"/>
        <line num="100" count="0" type="stmt"/>
        <line num="101" count="0" type="stmt"/>
        <line num="104" count="0" type="stmt"/>
        <line num="105" count="0" type="stmt"/>
      </file>
      <file name="getters.js" path="/home/geminway/GitHub/cultura-y-ocio-malaga/src/modules/events/store/event/getters.js">
        <metrics statements="0" coveredstatements="0" conditionals="0" coveredconditionals="0" methods="0" coveredmethods="0"/>
      </file>
      <file name="index.js" path="/home/geminway/GitHub/cultura-y-ocio-malaga/src/modules/events/store/event/index.js">
        <metrics statements="1" coveredstatements="0" conditionals="0" coveredconditionals="0" methods="0" coveredmethods="0"/>
        <line num="7" count="0" type="stmt"/>
      </file>
      <file name="mutations.js" path="/home/geminway/GitHub/cultura-y-ocio-malaga/src/modules/events/store/event/mutations.js">
        <metrics statements="31" coveredstatements="0" conditionals="4" coveredconditionals="0" methods="9" coveredmethods="0"/>
        <line num="2" count="0" type="stmt"/>
        <line num="3" count="0" type="stmt"/>
        <line num="6" count="0" type="stmt"/>
        <line num="7" count="0" type="stmt"/>
        <line num="10" count="0" type="stmt"/>
        <line num="11" count="0" type="stmt"/>
        <line num="12" count="0" type="stmt"/>
        <line num="15" count="0" type="stmt"/>
        <line num="16" count="0" type="stmt"/>
        <line num="19" count="0" type="stmt"/>
        <line num="20" count="0" type="stmt"/>
        <line num="21" count="0" type="cond" truecount="0" falsecount="2"/>
        <line num="22" count="0" type="stmt"/>
        <line num="23" count="0" type="stmt"/>
        <line num="24" count="0" type="stmt"/>
        <line num="26" count="0" type="stmt"/>
        <line num="27" count="0" type="stmt"/>
        <line num="28" count="0" type="stmt"/>
        <line num="30" count="0" type="stmt"/>
        <line num="31" count="0" type="stmt"/>
        <line num="32" count="0" type="stmt"/>
        <line num="36" count="0" type="stmt"/>
        <line num="37" count="0" type="stmt"/>
        <line num="38" count="0" type="cond" truecount="0" falsecount="2"/>
        <line num="39" count="0" type="stmt"/>
        <line num="40" count="0" type="stmt"/>
        <line num="41" count="0" type="stmt"/>
        <line num="43" count="0" type="stmt"/>
        <line num="47" count="0" type="stmt"/>
        <line num="48" count="0" type="stmt"/>
        <line num="49" count="0" type="stmt"/>
      </file>
      <file name="state.js" path="/home/geminway/GitHub/cultura-y-ocio-malaga/src/modules/events/store/event/state.js">
        <metrics statements="1" coveredstatements="0" conditionals="0" coveredconditionals="0" methods="1" coveredmethods="0"/>
        <line num="2" count="0" type="stmt"/>
      </file>
    </package>
    <package name="cultura-y-ocio-malaga.src.modules.updateProfile.components">
      <metrics statements="40" coveredstatements="0" conditionals="6" coveredconditionals="0" methods="7" coveredmethods="0"/>
      <file name="UpdateNameModal.vue" path="/home/geminway/GitHub/cultura-y-ocio-malaga/src/modules/updateProfile/components/UpdateNameModal.vue">
        <metrics statements="12" coveredstatements="0" conditionals="2" coveredconditionals="0" methods="2" coveredmethods="0"/>
        <line num="28" count="0" type="stmt"/>
        <line num="29" count="0" type="stmt"/>
        <line num="31" count="0" type="stmt"/>
        <line num="33" count="0" type="stmt"/>
        <line num="49" count="0" type="stmt"/>
        <line num="50" count="0" type="stmt"/>
        <line num="51" count="0" type="stmt"/>
        <line num="54" count="0" type="stmt"/>
        <line num="56" count="0" type="cond" truecount="0" falsecount="2"/>
        <line num="57" count="0" type="stmt"/>
        <line num="63" count="0" type="stmt"/>
        <line num="72" count="0" type="stmt"/>
      </file>
      <file name="UpdatePasswordModal.vue" path="/home/geminway/GitHub/cultura-y-ocio-malaga/src/modules/updateProfile/components/UpdatePasswordModal.vue">
        <metrics statements="12" coveredstatements="0" conditionals="2" coveredconditionals="0" methods="2" coveredmethods="0"/>
        <line num="27" count="0" type="stmt"/>
        <line num="28" count="0" type="stmt"/>
        <line num="30" count="0" type="stmt"/>
        <line num="32" count="0" type="stmt"/>
        <line num="51" count="0" type="stmt"/>
        <line num="52" count="0" type="stmt"/>
        <line num="53" count="0" type="stmt"/>
        <line num="56" count="0" type="stmt"/>
        <line num="58" count="0" type="cond" truecount="0" falsecount="2"/>
        <line num="59" count="0" type="stmt"/>
        <line num="65" count="0" type="stmt"/>
        <line num="74" count="0" type="stmt"/>
      </file>
      <file name="UpdatePhotoModal.vue" path="/home/geminway/GitHub/cultura-y-ocio-malaga/src/modules/updateProfile/components/UpdatePhotoModal.vue">
        <metrics statements="16" coveredstatements="0" conditionals="2" coveredconditionals="0" methods="3" coveredmethods="0"/>
        <line num="18" count="0" type="stmt"/>
        <line num="19" count="0" type="stmt"/>
        <line num="20" count="0" type="stmt"/>
        <line num="22" count="0" type="stmt"/>
        <line num="24" count="0" type="stmt"/>
        <line num="40" count="0" type="stmt"/>
        <line num="41" count="0" type="stmt"/>
        <line num="43" count="0" type="stmt"/>
        <line num="47" count="0" type="stmt"/>
        <line num="49" count="0" type="stmt"/>
        <line num="50" count="0" type="stmt"/>
        <line num="52" count="0" type="stmt"/>
        <line num="53" count="0" type="cond" truecount="0" falsecount="2"/>
        <line num="54" count="0" type="stmt"/>
        <line num="60" count="0" type="stmt"/>
        <line num="69" count="0" type="stmt"/>
      </file>
    </package>
    <package name="cultura-y-ocio-malaga.src.modules.updateProfile.helper">
      <metrics statements="12" coveredstatements="0" conditionals="2" coveredconditionals="0" methods="1" coveredmethods="0"/>
      <file name="getUpdatePhoto.js" path="/home/geminway/GitHub/cultura-y-ocio-malaga/src/modules/updateProfile/helper/getUpdatePhoto.js">
        <metrics statements="12" coveredstatements="0" conditionals="2" coveredconditionals="0" methods="1" coveredmethods="0"/>
        <line num="3" count="0" type="stmt"/>
        <line num="4" count="0" type="cond" truecount="0" falsecount="2"/>
        <line num="6" count="0" type="stmt"/>
        <line num="7" count="0" type="stmt"/>
        <line num="8" count="0" type="stmt"/>
        <line num="9" count="0" type="stmt"/>
        <line num="11" count="0" type="stmt"/>
        <line num="12" count="0" type="stmt"/>
        <line num="14" count="0" type="stmt"/>
        <line num="16" count="0" type="stmt"/>
        <line num="17" count="0" type="stmt"/>
        <line num="18" count="0" type="stmt"/>
      </file>
    </package>
    <package name="cultura-y-ocio-malaga.src.modules.updateProfile.layout">
      <metrics statements="13" coveredstatements="0" conditionals="0" coveredconditionals="0" methods="9" coveredmethods="0"/>
      <file name="ProfileUser.vue" path="/home/geminway/GitHub/cultura-y-ocio-malaga/src/modules/updateProfile/layout/ProfileUser.vue">
        <metrics statements="13" coveredstatements="0" conditionals="0" coveredconditionals="0" methods="9" coveredmethods="0"/>
        <line num="58" count="0" type="stmt"/>
        <line num="59" count="0" type="stmt"/>
        <line num="61" count="0" type="stmt"/>
        <line num="64" count="0" type="stmt"/>
        <line num="69" count="0" type="stmt"/>
        <line num="74" count="0" type="stmt"/>
        <line num="82" count="0" type="stmt"/>
        <line num="95" count="0" type="stmt"/>
        <line num="99" count="0" type="stmt"/>
        <line num="100" count="0" type="stmt"/>
        <line num="104" count="0" type="stmt"/>
        <line num="108" count="0" type="stmt"/>
        <line num="112" count="0" type="stmt"/>
      </file>
    </package>
    <package name="cultura-y-ocio-malaga.src.modules.updateProfile.store.updateStore">
      <metrics statements="23" coveredstatements="0" conditionals="4" coveredconditionals="0" methods="3" coveredmethods="0"/>
      <file name="actions.js" path="/home/geminway/GitHub/cultura-y-ocio-malaga/src/modules/updateProfile/store/updateStore/actions.js">
        <metrics statements="13" coveredstatements="0" conditionals="0" coveredconditionals="0" methods="2" coveredmethods="0"/>
        <line num="3" count="0" type="stmt"/>
        <line num="4" count="0" type="stmt"/>
        <line num="6" count="0" type="stmt"/>
        <line num="7" count="0" type="stmt"/>
        <line num="14" count="0" type="stmt"/>
        <line num="16" count="0" type="stmt"/>
        <line num="18" count="0" type="stmt"/>
        <line num="25" count="0" type="stmt"/>
        <line num="26" count="0" type="stmt"/>
        <line num="27" count="0" type="stmt"/>
        <line num="28" count="0" type="stmt"/>
        <line num="34" count="0" type="stmt"/>
        <line num="36" count="0" type="stmt"/>
      </file>
      <file name="getters.js" path="/home/geminway/GitHub/cultura-y-ocio-malaga/src/modules/updateProfile/store/updateStore/getters.js">
        <metrics statements="0" coveredstatements="0" conditionals="0" coveredconditionals="0" methods="0" coveredmethods="0"/>
      </file>
      <file name="index.js" path="/home/geminway/GitHub/cultura-y-ocio-malaga/src/modules/updateProfile/store/updateStore/index.js">
        <metrics statements="1" coveredstatements="0" conditionals="0" coveredconditionals="0" methods="0" coveredmethods="0"/>
        <line num="6" count="0" type="stmt"/>
      </file>
      <file name="mutations.js" path="/home/geminway/GitHub/cultura-y-ocio-malaga/src/modules/updateProfile/store/updateStore/mutations.js">
        <metrics statements="9" coveredstatements="0" conditionals="4" coveredconditionals="0" methods="1" coveredmethods="0"/>
        <line num="1" count="0" type="stmt"/>
        <line num="2" count="0" type="cond" truecount="0" falsecount="2"/>
        <line num="3" count="0" type="stmt"/>
        <line num="4" count="0" type="stmt"/>
        <line num="7" count="0" type="cond" truecount="0" falsecount="2"/>
        <line num="8" count="0" type="stmt"/>
        <line num="9" count="0" type="stmt"/>
        <line num="12" count="0" type="stmt"/>
        <line num="13" count="0" type="stmt"/>
      </file>
      <file name="state.js" path="/home/geminway/GitHub/cultura-y-ocio-malaga/src/modules/updateProfile/store/updateStore/state.js">
        <metrics statements="0" coveredstatements="0" conditionals="0" coveredconditionals="0" methods="0" coveredmethods="0"/>
      </file>
    </package>
    <package name="cultura-y-ocio-malaga.src.router">
      <metrics statements="7" coveredstatements="0" conditionals="0" coveredconditionals="0" methods="5" coveredmethods="0"/>
      <file name="index.js" path="/home/geminway/GitHub/cultura-y-ocio-malaga/src/router/index.js">
        <metrics statements="7" coveredstatements="0" conditionals="0" coveredconditionals="0" methods="5" coveredmethods="0"/>
        <line num="8" count="0" type="stmt"/>
        <line num="22" count="0" type="stmt"/>
        <line num="26" count="0" type="stmt"/>
        <line num="36" count="0" type="stmt"/>
        <line num="46" count="0" type="stmt"/>
        <line num="54" count="0" type="stmt"/>
        <line num="58" count="0" type="stmt"/>
      </file>
    </package>
    <package name="cultura-y-ocio-malaga.src.store">
      <metrics statements="1" coveredstatements="0" conditionals="0" coveredconditionals="0" methods="0" coveredmethods="0"/>
      <file name="index.js" path="/home/geminway/GitHub/cultura-y-ocio-malaga/src/store/index.js">
        <metrics statements="1" coveredstatements="0" conditionals="0" coveredconditionals="0" methods="0" coveredmethods="0"/>
        <line num="7" count="0" type="stmt"/>
      </file>
    </package>
    <package name="cultura-y-ocio-malaga.tests.unit.modules.events.components">
      <metrics statements="33" coveredstatements="0" conditionals="0" coveredconditionals="0" methods="11" coveredmethods="0"/>
      <file name="CurrentEvents(end-to-end-guia).js" path="/home/geminway/GitHub/cultura-y-ocio-malaga/tests/unit/modules/events/components/CurrentEvents(end-to-end-guia).js">
        <metrics statements="33" coveredstatements="0" conditionals="0" coveredconditionals="0" methods="11" coveredmethods="0"/>
        <line num="15" count="0" type="stmt"/>
        <line num="17" count="0" type="stmt"/>
        <line num="40" count="0" type="stmt"/>
        <line num="41" count="0" type="stmt"/>
        <line num="47" count="0" type="stmt"/>
        <line num="48" count="0" type="stmt"/>
        <line num="52" count="0" type="stmt"/>
        <line num="59" count="0" type="stmt"/>
        <line num="60" count="0" type="stmt"/>
        <line num="61" count="0" type="stmt"/>
        <line num="62" count="0" type="stmt"/>
        <line num="65" count="0" type="stmt"/>
        <line num="66" count="0" type="stmt"/>
        <line num="73" count="0" type="stmt"/>
        <line num="75" count="0" type="stmt"/>
        <line num="76" count="0" type="stmt"/>
        <line num="77" count="0" type="stmt"/>
        <line num="80" count="0" type="stmt"/>
        <line num="81" count="0" type="stmt"/>
        <line num="82" count="0" type="stmt"/>
        <line num="109" count="0" type="stmt"/>
        <line num="114" count="0" type="stmt"/>
        <line num="124" count="0" type="stmt"/>
        <line num="126" count="0" type="stmt"/>
        <line num="127" count="0" type="stmt"/>
        <line num="129" count="0" type="stmt"/>
        <line num="135" count="0" type="stmt"/>
        <line num="138" count="0" type="stmt"/>
        <line num="139" count="0" type="stmt"/>
        <line num="141" count="0" type="stmt"/>
        <line num="145" count="0" type="stmt"/>
        <line num="146" count="0" type="stmt"/>
        <line num="148" count="0" type="stmt"/>
      </file>
    </package>
  </project>
</coverage>
