TN:
SF:/home/geminway/GitHub/cultura-y-ocio-malaga/babel.config.js
FNF:0
FNH:0
DA:1,0
LF:1
LH:0
BRF:0
BRH:0
end_of_record
TN:
SF:/home/geminway/GitHub/cultura-y-ocio-malaga/jest.config.js
FNF:0
FNH:0
DA:1,0
LF:1
LH:0
BRF:0
BRH:0
end_of_record
TN:
SF:/home/geminway/GitHub/cultura-y-ocio-malaga/coverage/lcov-report/block-navigation.js
FN:2,init
FN:24,toggleClass
FN:31,makeCurrent
FN:41,goToPrevious
FN:52,goToNext
FN:65,jump
FNF:6
FNH:0
FNDA:0,init
FNDA:0,toggleClass
FNDA:0,makeCurrent
FNDA:0,goToPrevious
FNDA:0,goToNext
FNDA:0,jump
DA:2,0
DA:4,0
DA:7,0
DA:10,0
DA:14,0
DA:20,0
DA:25,0
DA:28,0
DA:32,0
DA:33,0
DA:34,0
DA:42,0
DA:43,0
DA:44,0
DA:45,0
DA:46,0
DA:49,0
DA:53,0
DA:55,0
DA:59,0
DA:62,0
DA:65,0
DA:66,0
DA:69,0
DA:70,0
DA:74,0
DA:75,0
DA:79,0
LF:28
LH:0
BRDA:43,0,0,0
BRDA:43,0,1,0
BRDA:43,1,0,0
BRDA:43,1,1,0
BRDA:45,2,0,0
BRDA:45,2,1,0
BRDA:55,3,0,0
BRDA:55,3,1,0
BRDA:56,4,0,0
BRDA:56,4,1,0
BRDA:66,5,0,0
BRDA:66,5,1,0
BRDA:66,5,2,0
BRDA:66,5,3,0
BRDA:66,5,4,0
BRF:15
BRH:0
end_of_record
TN:
SF:/home/geminway/GitHub/cultura-y-ocio-malaga/coverage/lcov-report/prettify.js
FN:2,(anonymous_0)
FN:2,k
FN:2,ab
FN:2,T
FN:2,X
FN:2,(anonymous_5)
FN:2,W
FN:2,(anonymous_7)
FN:2,a
FN:2,aa
FN:2,B
FN:2,o
FN:2,g
FN:2,(anonymous_13)
FN:2,(anonymous_14)
FN:2,i
FN:2,Q
FN:2,ae
FN:2,ad
FN:2,ai
FN:2,D
FN:2,c
FN:2,q
FN:2,d
FN:2,y
FN:2,b
FN:2,Y
FN:2,(anonymous_27)
FN:2,U
FNF:29
FNH:0
FNDA:0,(anonymous_0)
FNDA:0,k
FNDA:0,ab
FNDA:0,T
FNDA:0,X
FNDA:0,(anonymous_5)
FNDA:0,W
FNDA:0,(anonymous_7)
FNDA:0,a
FNDA:0,aa
FNDA:0,B
FNDA:0,o
FNDA:0,g
FNDA:0,(anonymous_13)
FNDA:0,(anonymous_14)
FNDA:0,i
FNDA:0,Q
FNDA:0,ae
FNDA:0,ad
FNDA:0,ai
FNDA:0,D
FNDA:0,c
FNDA:0,q
FNDA:0,d
FNDA:0,y
FNDA:0,b
FNDA:0,Y
FNDA:0,(anonymous_27)
FNDA:0,U
DA:2,0
LF:1
LH:0
BRDA:2,0,0,0
BRDA:2,0,1,0
BRDA:2,1,0,0
BRDA:2,1,1,0
BRDA:2,2,0,0
BRDA:2,2,1,0
BRDA:2,3,0,0
BRDA:2,3,1,0
BRDA:2,4,0,0
BRDA:2,4,1,0
BRDA:2,5,0,0
BRDA:2,5,1,0
BRDA:2,6,0,0
BRDA:2,6,1,0
BRDA:2,7,0,0
BRDA:2,7,1,0
BRDA:2,8,0,0
BRDA:2,8,1,0
BRDA:2,9,0,0
BRDA:2,9,1,0
BRDA:2,10,0,0
BRDA:2,10,1,0
BRDA:2,11,0,0
BRDA:2,11,1,0
BRDA:2,11,2,0
BRDA:2,11,3,0
BRDA:2,12,0,0
BRDA:2,12,1,0
BRDA:2,13,0,0
BRDA:2,13,1,0
BRDA:2,14,0,0
BRDA:2,14,1,0
BRDA:2,15,0,0
BRDA:2,15,1,0
BRDA:2,16,0,0
BRDA:2,16,1,0
BRDA:2,17,0,0
BRDA:2,17,1,0
BRDA:2,18,0,0
BRDA:2,18,1,0
BRDA:2,19,0,0
BRDA:2,19,1,0
BRDA:2,20,0,0
BRDA:2,20,1,0
BRDA:2,21,0,0
BRDA:2,21,1,0
BRDA:2,22,0,0
BRDA:2,22,1,0
BRDA:2,23,0,0
BRDA:2,23,1,0
BRDA:2,24,0,0
BRDA:2,24,1,0
BRDA:2,25,0,0
BRDA:2,25,1,0
BRDA:2,26,0,0
BRDA:2,26,1,0
BRDA:2,27,0,0
BRDA:2,27,1,0
BRDA:2,28,0,0
BRDA:2,28,1,0
BRDA:2,29,0,0
BRDA:2,29,1,0
BRDA:2,30,0,0
BRDA:2,30,1,0
BRDA:2,31,0,0
BRDA:2,31,1,0
BRDA:2,32,0,0
BRDA:2,32,1,0
BRDA:2,33,0,0
BRDA:2,33,1,0
BRDA:2,34,0,0
BRDA:2,34,1,0
BRDA:2,35,0,0
BRDA:2,35,1,0
BRDA:2,36,0,0
BRDA:2,36,1,0
BRDA:2,37,0,0
BRDA:2,37,1,0
BRDA:2,38,0,0
BRDA:2,38,1,0
BRDA:2,39,0,0
BRDA:2,39,1,0
BRDA:2,40,0,0
BRDA:2,40,1,0
BRDA:2,41,0,0
BRDA:2,41,1,0
BRDA:2,42,0,0
BRDA:2,42,1,0
BRDA:2,43,0,0
BRDA:2,43,1,0
BRDA:2,44,0,0
BRDA:2,44,1,0
BRDA:2,45,0,0
BRDA:2,45,1,0
BRDA:2,46,0,0
BRDA:2,46,1,0
BRDA:2,47,0,0
BRDA:2,47,1,0
BRDA:2,48,0,0
BRDA:2,48,1,0
BRDA:2,49,0,0
BRDA:2,49,1,0
BRDA:2,50,0,0
BRDA:2,50,1,0
BRDA:2,50,2,0
BRDA:2,51,0,0
BRDA:2,51,1,0
BRDA:2,52,0,0
BRDA:2,52,1,0
BRDA:2,53,0,0
BRDA:2,53,1,0
BRDA:2,54,0,0
BRDA:2,54,1,0
BRDA:2,55,0,0
BRDA:2,55,1,0
BRDA:2,56,0,0
BRDA:2,56,1,0
BRDA:2,57,0,0
BRDA:2,57,1,0
BRDA:2,58,0,0
BRDA:2,58,1,0
BRDA:2,59,0,0
BRDA:2,59,1,0
BRDA:2,60,0,0
BRDA:2,60,1,0
BRDA:2,61,0,0
BRDA:2,61,1,0
BRDA:2,62,0,0
BRDA:2,62,1,0
BRDA:2,63,0,0
BRDA:2,63,1,0
BRDA:2,64,0,0
BRDA:2,64,1,0
BRDA:2,65,0,0
BRDA:2,65,1,0
BRDA:2,66,0,0
BRDA:2,66,1,0
BRDA:2,67,0,0
BRDA:2,67,1,0
BRDA:2,68,0,0
BRDA:2,68,1,0
BRDA:2,69,0,0
BRDA:2,69,1,0
BRDA:2,70,0,0
BRDA:2,70,1,0
BRDA:2,71,0,0
BRDA:2,71,1,0
BRDA:2,72,0,0
BRDA:2,72,1,0
BRDA:2,73,0,0
BRDA:2,73,1,0
BRDA:2,74,0,0
BRDA:2,74,1,0
BRDA:2,75,0,0
BRDA:2,75,1,0
BRDA:2,76,0,0
BRDA:2,76,1,0
BRDA:2,77,0,0
BRDA:2,77,1,0
BRDA:2,78,0,0
BRDA:2,78,1,0
BRDA:2,79,0,0
BRDA:2,79,1,0
BRDA:2,80,0,0
BRDA:2,80,1,0
BRDA:2,81,0,0
BRDA:2,81,1,0
BRDA:2,82,0,0
BRDA:2,82,1,0
BRDA:2,83,0,0
BRDA:2,83,1,0
BRDA:2,84,0,0
BRDA:2,84,1,0
BRDA:2,85,0,0
BRDA:2,85,1,0
BRDA:2,86,0,0
BRDA:2,86,1,0
BRDA:2,87,0,0
BRDA:2,87,1,0
BRDA:2,88,0,0
BRDA:2,88,1,0
BRDA:2,89,0,0
BRDA:2,89,1,0
BRDA:2,89,2,0
BRDA:2,90,0,0
BRDA:2,90,1,0
BRDA:2,91,0,0
BRDA:2,91,1,0
BRDA:2,92,0,0
BRDA:2,92,1,0
BRDA:2,93,0,0
BRDA:2,93,1,0
BRDA:2,94,0,0
BRDA:2,94,1,0
BRDA:2,95,0,0
BRDA:2,95,1,0
BRDA:2,96,0,0
BRDA:2,96,1,0
BRDA:2,97,0,0
BRDA:2,97,1,0
BRDA:2,98,0,0
BRDA:2,98,1,0
BRDA:2,99,0,0
BRDA:2,99,1,0
BRDA:2,100,0,0
BRDA:2,100,1,0
BRDA:2,101,0,0
BRDA:2,101,1,0
BRDA:2,102,0,0
BRDA:2,102,1,0
BRDA:2,103,0,0
BRDA:2,103,1,0
BRDA:2,104,0,0
BRDA:2,104,1,0
BRDA:2,105,0,0
BRDA:2,105,1,0
BRDA:2,106,0,0
BRDA:2,106,1,0
BRDA:2,107,0,0
BRDA:2,107,1,0
BRDA:2,108,0,0
BRDA:2,108,1,0
BRDA:2,109,0,0
BRDA:2,109,1,0
BRDA:2,110,0,0
BRDA:2,110,1,0
BRDA:2,111,0,0
BRDA:2,111,1,0
BRDA:2,112,0,0
BRDA:2,112,1,0
BRDA:2,113,0,0
BRDA:2,113,1,0
BRDA:2,114,0,0
BRDA:2,114,1,0
BRDA:2,115,0,0
BRDA:2,115,1,0
BRDA:2,116,0,0
BRDA:2,116,1,0
BRDA:2,117,0,0
BRDA:2,117,1,0
BRDA:2,118,0,0
BRDA:2,118,1,0
BRDA:2,119,0,0
BRDA:2,119,1,0
BRDA:2,120,0,0
BRDA:2,120,1,0
BRDA:2,121,0,0
BRDA:2,121,1,0
BRDA:2,122,0,0
BRDA:2,122,1,0
BRDA:2,123,0,0
BRDA:2,123,1,0
BRDA:2,124,0,0
BRDA:2,124,1,0
BRDA:2,125,0,0
BRDA:2,125,1,0
BRDA:2,126,0,0
BRDA:2,126,1,0
BRDA:2,127,0,0
BRDA:2,127,1,0
BRDA:2,128,0,0
BRDA:2,128,1,0
BRDA:2,128,2,0
BRDA:2,129,0,0
BRDA:2,129,1,0
BRDA:2,130,0,0
BRDA:2,130,1,0
BRDA:2,131,0,0
BRDA:2,131,1,0
BRDA:2,131,2,0
BRDA:2,131,3,0
BRDA:2,131,4,0
BRDA:2,132,0,0
BRDA:2,132,1,0
BRDA:2,133,0,0
BRDA:2,133,1,0
BRDA:2,134,0,0
BRDA:2,134,1,0
BRDA:2,135,0,0
BRDA:2,135,1,0
BRDA:2,136,0,0
BRDA:2,136,1,0
BRDA:2,137,0,0
BRDA:2,137,1,0
BRDA:2,138,0,0
BRDA:2,138,1,0
BRF:286
BRH:0
end_of_record
TN:
SF:/home/geminway/GitHub/cultura-y-ocio-malaga/coverage/lcov-report/sorter.js
FN:2,(anonymous_0)
FN:11,getTable
FN:15,getTableHeader
FN:19,getTableBody
FN:23,getNthColumn
FN:28,loadColumns
FN:53,loadRowData
FN:72,loadData
FN:81,sortByIndex
FN:83,(anonymous_9)
FN:95,(anonymous_10)
FN:112,removeSortIndicators
FN:120,addSortIndicators
FN:126,enableUI
FN:129,ithSorter
FN:132,(anonymous_15)
FN:159,(anonymous_16)
FNF:17
FNH:0
FNDA:0,(anonymous_0)
FNDA:0,getTable
FNDA:0,getTableHeader
FNDA:0,getTableBody
FNDA:0,getNthColumn
FNDA:0,loadColumns
FNDA:0,loadRowData
FNDA:0,loadData
FNDA:0,sortByIndex
FNDA:0,(anonymous_9)
FNDA:0,(anonymous_10)
FNDA:0,removeSortIndicators
FNDA:0,addSortIndicators
FNDA:0,enableUI
FNDA:0,ithSorter
FNDA:0,(anonymous_15)
FNDA:0,(anonymous_16)
DA:2,0
DA:5,0
DA:12,0
DA:16,0
DA:20,0
DA:24,0
DA:29,0
DA:31,0
DA:35,0
DA:36,0
DA:37,0
DA:42,0
DA:43,0
DA:44,0
DA:45,0
DA:49,0
DA:54,0
DA:57,0
DA:60,0
DA:61,0
DA:62,0
DA:63,0
DA:64,0
DA:65,0
DA:67,0
DA:69,0
DA:73,0
DA:76,0
DA:77,0
DA:82,0
DA:83,0
DA:84,0
DA:85,0
DA:86,0
DA:88,0
DA:89,0
DA:90,0
DA:91,0
DA:94,0
DA:95,0
DA:96,0
DA:100,0
DA:101,0
DA:102,0
DA:105,0
DA:107,0
DA:108,0
DA:113,0
DA:114,0
DA:116,0
DA:117,0
DA:121,0
DA:129,0
DA:130,0
DA:132,0
DA:133,0
DA:135,0
DA:136,0
DA:138,0
DA:139,0
DA:140,0
DA:141,0
DA:142,0
DA:145,0
DA:146,0
DA:149,0
DA:150,0
DA:151,0
DA:153,0
DA:159,0
DA:160,0
DA:161,0
DA:163,0
DA:164,0
DA:165,0
DA:166,0
DA:170,0
LF:77
LH:0
BRDA:40,0,0,0
BRDA:40,0,1,0
BRDA:43,1,0,0
BRDA:43,1,1,0
BRDA:64,2,0,0
BRDA:64,2,1,0
BRDA:86,3,0,0
BRDA:86,3,1,0
BRDA:86,4,0,0
BRDA:86,4,1,0
BRDA:94,5,0,0
BRDA:94,5,1,0
BRDA:121,6,0,0
BRDA:121,6,1,0
BRDA:135,7,0,0
BRDA:135,7,1,0
BRDA:146,8,0,0
BRDA:146,8,1,0
BRDA:150,9,0,0
BRDA:150,9,1,0
BRDA:160,10,0,0
BRDA:160,10,1,0
BRF:22
BRH:0
end_of_record
TN:
SF:/home/geminway/GitHub/cultura-y-ocio-malaga/dist/js/chunk-vendors.abf5bbc1.js
FN:1,(anonymous_0)
FN:1,(anonymous_1)
FN:1,(anonymous_2)
FN:1,(anonymous_3)
FN:1,(anonymous_4)
FN:1,(anonymous_5)
FN:1,(anonymous_6)
FN:1,(anonymous_7)
FN:1,(anonymous_8)
FN:1,(anonymous_9)
FN:1,(anonymous_10)
FN:1,(anonymous_11)
FN:1,(anonymous_12)
FN:1,(anonymous_13)
FN:1,(anonymous_14)
FN:1,(anonymous_15)
FN:1,(anonymous_16)
FN:1,(anonymous_17)
FN:1,l
FN:1,(anonymous_19)
FN:1,(anonymous_20)
FN:1,(anonymous_21)
FN:1,(anonymous_22)
FN:1,(anonymous_23)
FN:1,(anonymous_24)
FN:1,(anonymous_25)
FN:1,(anonymous_26)
FN:1,(anonymous_27)
FN:1,(anonymous_28)
FN:1,(anonymous_29)
FN:1,(anonymous_30)
FN:1,(anonymous_31)
FN:1,(anonymous_32)
FN:1,(anonymous_33)
FN:1,(anonymous_34)
FN:1,(anonymous_35)
FN:1,(anonymous_36)
FN:1,(anonymous_37)
FN:1,(anonymous_38)
FN:1,(anonymous_39)
FN:1,(anonymous_40)
FN:1,(anonymous_41)
FN:1,(anonymous_42)
FN:1,(anonymous_43)
FN:1,(anonymous_44)
FN:1,(anonymous_45)
FN:1,(anonymous_46)
FN:1,(anonymous_47)
FN:1,(anonymous_48)
FN:1,(anonymous_49)
FN:1,(anonymous_50)
FN:1,(anonymous_51)
FN:1,(anonymous_52)
FN:1,(anonymous_53)
FN:1,(anonymous_54)
FN:1,(anonymous_55)
FN:1,(anonymous_56)
FN:1,(anonymous_57)
FN:1,(anonymous_58)
FN:1,(anonymous_59)
FN:1,(anonymous_60)
FN:1,(anonymous_61)
FN:1,(anonymous_62)
FN:1,(anonymous_63)
FN:1,(anonymous_64)
FN:1,(anonymous_65)
FN:1,(anonymous_66)
FN:1,(anonymous_67)
FN:1,(anonymous_68)
FN:1,(anonymous_69)
FN:1,(anonymous_70)
FN:1,(anonymous_71)
FN:1,(anonymous_72)
FN:1,(anonymous_73)
FN:1,(anonymous_74)
FN:1,(anonymous_75)
FN:1,r
FN:1,o
FN:1,(anonymous_78)
FN:1,(anonymous_79)
FN:1,s
FN:1,a
FN:1,(anonymous_82)
FN:1,(anonymous_83)
FN:1,(anonymous_84)
FN:1,(anonymous_85)
FN:1,(anonymous_86)
FN:1,(anonymous_87)
FN:1,(anonymous_88)
FN:1,(anonymous_89)
FN:1,(anonymous_90)
FN:1,(anonymous_91)
FN:1,(anonymous_92)
FN:1,(anonymous_93)
FN:1,(anonymous_94)
FN:1,(anonymous_95)
FN:1,(anonymous_96)
FN:1,(anonymous_97)
FN:1,(anonymous_98)
FN:1,s
FN:1,a
FN:1,u
FN:1,(anonymous_102)
FN:1,(anonymous_103)
FN:1,(anonymous_104)
FN:1,(anonymous_105)
FN:1,(anonymous_106)
FN:1,(anonymous_107)
FN:1,(anonymous_108)
FN:1,(anonymous_109)
FN:1,(anonymous_110)
FN:1,(anonymous_111)
FN:1,(anonymous_112)
FN:1,(anonymous_113)
FN:1,(anonymous_114)
FN:1,(anonymous_115)
FN:1,(anonymous_116)
FN:1,(anonymous_117)
FN:1,(anonymous_118)
FN:1,(anonymous_119)
FN:1,(anonymous_120)
FN:1,(anonymous_121)
FN:1,(anonymous_122)
FN:1,(anonymous_123)
FN:1,(anonymous_124)
FN:1,(anonymous_125)
FN:1,(anonymous_126)
FN:1,(anonymous_127)
FN:1,(anonymous_128)
FN:1,(anonymous_129)
FN:1,(anonymous_130)
FN:1,(anonymous_131)
FN:1,(anonymous_132)
FN:1,(anonymous_133)
FN:1,o
FN:1,(anonymous_135)
FN:1,(anonymous_136)
FN:1,(anonymous_137)
FN:1,(anonymous_138)
FN:1,(anonymous_139)
FN:1,(anonymous_140)
FN:1,(anonymous_141)
FN:1,(anonymous_142)
FN:1,(anonymous_143)
FN:1,(anonymous_144)
FN:1,(anonymous_145)
FN:1,(anonymous_146)
FN:1,(anonymous_147)
FN:1,o
FN:1,(anonymous_149)
FN:1,(anonymous_150)
FN:1,(anonymous_151)
FN:1,(anonymous_152)
FN:1,(anonymous_153)
FN:1,(anonymous_154)
FN:1,(anonymous_155)
FN:1,(anonymous_156)
FN:1,(anonymous_157)
FN:1,(anonymous_158)
FN:1,(anonymous_159)
FN:1,(anonymous_160)
FN:1,(anonymous_161)
FN:1,(anonymous_162)
FN:1,(anonymous_163)
FN:1,(anonymous_164)
FN:1,(anonymous_165)
FN:1,(anonymous_166)
FN:1,(anonymous_167)
FN:1,(anonymous_168)
FN:1,(anonymous_169)
FN:1,(anonymous_170)
FN:1,(anonymous_171)
FN:1,(anonymous_172)
FN:1,a
FN:1,(anonymous_174)
FN:1,(anonymous_175)
FN:1,(anonymous_176)
FN:1,(anonymous_177)
FN:1,(anonymous_178)
FN:1,(anonymous_179)
FN:1,(anonymous_180)
FN:1,(anonymous_181)
FN:1,(anonymous_182)
FN:1,(anonymous_183)
FN:1,(anonymous_184)
FN:1,(anonymous_185)
FN:1,(anonymous_186)
FN:1,(anonymous_187)
FN:1,(anonymous_188)
FN:1,(anonymous_189)
FN:1,(anonymous_190)
FN:1,(anonymous_191)
FN:1,(anonymous_192)
FN:1,(anonymous_193)
FN:1,(anonymous_194)
FN:1,(anonymous_195)
FN:1,(anonymous_196)
FN:1,(anonymous_197)
FN:1,(anonymous_198)
FN:1,(anonymous_199)
FN:1,(anonymous_200)
FN:1,(anonymous_201)
FN:1,(anonymous_202)
FN:1,(anonymous_203)
FN:1,(anonymous_204)
FN:1,(anonymous_205)
FN:1,o
FN:1,i
FN:1,c
FN:1,s
FN:1,a
FN:1,(anonymous_211)
FN:1,(anonymous_212)
FN:1,(anonymous_213)
FN:1,(anonymous_214)
FN:1,(anonymous_215)
FN:1,(anonymous_216)
FN:1,(anonymous_217)
FN:1,(anonymous_218)
FN:1,(anonymous_219)
FN:1,(anonymous_220)
FN:1,(anonymous_221)
FN:1,(anonymous_222)
FN:1,(anonymous_223)
FN:1,(anonymous_224)
FN:1,i
FN:1,c
FN:1,(anonymous_227)
FN:1,(anonymous_228)
FN:1,a
FN:1,(anonymous_230)
FN:1,(anonymous_231)
FN:1,(anonymous_232)
FN:1,(anonymous_233)
FN:1,(anonymous_234)
FN:1,(anonymous_235)
FN:1,(anonymous_236)
FN:1,(anonymous_237)
FN:1,(anonymous_238)
FN:1,c
FN:1,(anonymous_240)
FN:1,s
FN:1,a
FN:1,u
FN:1,l
FN:1,(anonymous_245)
FN:1,f
FN:1,(anonymous_247)
FN:1,p
FN:1,d
FN:1,(anonymous_250)
FN:1,(anonymous_251)
FN:1,(anonymous_252)
FN:1,h
FN:1,(anonymous_254)
FN:1,(anonymous_255)
FN:1,(anonymous_256)
FN:1,(anonymous_257)
FN:1,(anonymous_258)
FN:1,v
FN:1,(anonymous_260)
FN:1,(anonymous_261)
FN:1,(anonymous_262)
FN:1,(anonymous_263)
FN:1,(anonymous_264)
FN:1,b
FN:1,(anonymous_266)
FN:1,(anonymous_267)
FN:1,m
FN:1,(anonymous_269)
FN:1,g
FN:1,(anonymous_271)
FN:1,(anonymous_272)
FN:1,y
FN:1,(anonymous_274)
FN:1,O
FN:1,(anonymous_276)
FN:1,(anonymous_277)
FN:1,w
FN:1,(anonymous_279)
FN:1,x
FN:1,C
FN:1,(anonymous_282)
FN:1,(anonymous_283)
FN:1,(anonymous_284)
FN:1,(anonymous_285)
FN:1,(anonymous_286)
FN:1,(anonymous_287)
FN:1,(anonymous_288)
FN:1,(anonymous_289)
FN:1,L
FN:1,F
FN:1,(anonymous_292)
FN:1,I
FN:1,(anonymous_294)
FN:1,M
FN:1,(anonymous_296)
FN:1,(anonymous_297)
FN:1,(anonymous_298)
FN:1,N
FN:1,(anonymous_300)
FN:1,(anonymous_301)
FN:1,(anonymous_302)
FN:1,(anonymous_303)
FN:1,U
FN:1,(anonymous_305)
FN:1,(anonymous_306)
FN:1,D
FN:1,(anonymous_308)
FN:1,(anonymous_309)
FN:1,(anonymous_310)
FN:1,(anonymous_311)
FN:1,(anonymous_312)
FN:1,(anonymous_313)
FN:1,(anonymous_314)
FN:1,(anonymous_315)
FN:1,(anonymous_316)
FN:1,(anonymous_317)
FN:1,(anonymous_318)
FN:1,(anonymous_319)
FN:1,V
FN:1,(anonymous_321)
FN:1,(anonymous_322)
FN:1,(anonymous_323)
FN:1,(anonymous_324)
FN:1,(anonymous_325)
FN:1,(anonymous_326)
FN:1,(anonymous_327)
FN:1,(anonymous_328)
FN:1,(anonymous_329)
FN:1,(anonymous_330)
FN:1,(anonymous_331)
FN:1,W
FN:1,(anonymous_333)
FN:1,(anonymous_334)
FN:1,J
FN:1,K
FN:1,t
FN:1,(anonymous_338)
FN:1,(anonymous_339)
FN:1,(anonymous_340)
FN:1,(anonymous_341)
FN:1,(anonymous_342)
FN:1,(anonymous_343)
FN:1,(anonymous_344)
FN:1,(anonymous_345)
FN:1,(anonymous_346)
FN:1,(anonymous_347)
FN:1,(anonymous_348)
FN:1,(anonymous_349)
FN:1,(anonymous_350)
FN:1,(anonymous_351)
FN:1,(anonymous_352)
FN:1,(anonymous_353)
FN:1,(anonymous_354)
FN:1,(anonymous_355)
FN:1,(anonymous_356)
FN:1,(anonymous_357)
FN:1,(anonymous_358)
FN:1,(anonymous_359)
FN:1,(anonymous_360)
FN:1,(anonymous_361)
FN:1,(anonymous_362)
FN:1,(anonymous_363)
FN:1,(anonymous_364)
FN:1,(anonymous_365)
FN:1,(anonymous_366)
FN:1,(anonymous_367)
FN:1,(anonymous_368)
FN:1,(anonymous_369)
FN:1,(anonymous_370)
FN:1,(anonymous_371)
FN:1,(anonymous_372)
FN:1,(anonymous_373)
FN:1,(anonymous_374)
FN:1,(anonymous_375)
FN:1,(anonymous_376)
FN:1,(anonymous_377)
FN:1,(anonymous_378)
FN:1,(anonymous_379)
FN:1,(anonymous_380)
FN:1,(anonymous_381)
FN:1,(anonymous_382)
FN:1,et
FN:1,(anonymous_384)
FN:1,(anonymous_385)
FN:1,nt
FN:1,rt
FN:1,(anonymous_388)
FN:1,ot
FN:1,(anonymous_390)
FN:1,(anonymous_391)
FN:1,r
FN:1,o
FN:1,(anonymous_394)
FN:1,i
FN:1,(anonymous_396)
FN:1,(anonymous_397)
FN:1,(anonymous_398)
FN:1,(anonymous_399)
FN:1,(anonymous_400)
FN:1,(anonymous_401)
FN:1,(anonymous_402)
FN:1,(anonymous_403)
FN:1,(anonymous_404)
FN:1,(anonymous_405)
FN:1,(anonymous_406)
FN:1,(anonymous_407)
FN:1,(anonymous_408)
FN:1,(anonymous_409)
FN:1,(anonymous_410)
FN:1,(anonymous_411)
FN:1,(anonymous_412)
FN:1,(anonymous_413)
FN:1,(anonymous_414)
FN:1,(anonymous_415)
FN:1,(anonymous_416)
FN:1,(anonymous_417)
FN:1,(anonymous_418)
FN:1,(anonymous_419)
FN:1,(anonymous_420)
FN:1,(anonymous_421)
FN:1,(anonymous_422)
FN:1,(anonymous_423)
FN:1,(anonymous_424)
FN:1,(anonymous_425)
FN:1,(anonymous_426)
FN:1,(anonymous_427)
FN:1,(anonymous_428)
FN:1,(anonymous_429)
FN:1,(anonymous_430)
FN:1,(anonymous_431)
FN:1,(anonymous_432)
FN:1,(anonymous_433)
FN:1,(anonymous_434)
FN:1,(anonymous_435)
FN:1,(anonymous_436)
FN:1,(anonymous_437)
FN:1,(anonymous_438)
FN:1,(anonymous_439)
FN:1,(anonymous_440)
FN:1,(anonymous_441)
FN:1,(anonymous_442)
FN:1,(anonymous_443)
FN:1,(anonymous_444)
FN:1,(anonymous_445)
FN:1,(anonymous_446)
FN:1,(anonymous_447)
FN:7,(anonymous_448)
FN:7,p
FN:7,h
FN:7,(anonymous_451)
FN:7,(anonymous_452)
FN:7,g
FN:7,y
FN:7,O
FN:7,w
FN:7,x
FN:7,j
FN:7,_
FN:7,E
FN:7,(anonymous_461)
FN:7,S
FN:7,(anonymous_463)
FN:7,(anonymous_464)
FN:7,A
FN:7,T
FN:7,R
FN:7,(anonymous_468)
FN:7,F
FN:7,I
FN:7,N
FN:7,U
FN:7,(anonymous_473)
FN:7,B
FN:7,q
FN:7,(anonymous_476)
FN:7,(anonymous_477)
FN:7,a
FN:7,u
FN:7,(anonymous_480)
FN:7,l
FN:7,f
FN:7,$
FN:7,V
FN:7,i
FN:7,c
FN:7,s
FN:7,G
FN:7,r
FN:7,(anonymous_490)
FN:7,(anonymous_491)
FN:7,z
FN:7,H
FN:7,W
FN:7,(anonymous_495)
FN:7,Q
FN:7,Y
FN:7,nt
FN:7,s
FN:7,a
FN:7,rt
FN:7,ot
FN:7,st
FN:7,e
FN:7,c
FN:7,f
FN:7,p
FN:7,at
FN:7,ut
FN:7,o
FN:7,i
FN:7,(anonymous_512)
FN:7,c
FN:7,s
FN:7,a
FN:7,u
FN:7,(anonymous_517)
FN:7,(anonymous_518)
FN:7,(anonymous_519)
FN:7,(anonymous_520)
FN:7,(anonymous_521)
FN:7,lt
FN:7,ft
FN:7,pt
FN:7,dt
FN:7,ht
FN:7,(anonymous_527)
FN:7,vt
FN:7,bt
FN:7,(anonymous_530)
FN:7,Tt
FN:7,Rt
FN:7,Lt
FN:7,Ft
FN:7,It
FN:7,Mt
FN:7,Nt
FN:7,Ut
FN:7,Dt
FN:7,(anonymous_540)
FN:7,(anonymous_541)
FN:7,Bt
FN:7,(anonymous_543)
FN:7,qt
FN:7,e
FN:7,(anonymous_546)
FN:7,n
FN:7,(anonymous_548)
FN:7,$t
FN:7,(anonymous_550)
FN:7,(anonymous_551)
FN:7,(anonymous_552)
FN:7,(anonymous_553)
FN:7,Vt
FN:7,(anonymous_555)
FN:7,(anonymous_556)
FN:7,Gt
FN:7,zt
FN:7,(anonymous_559)
FN:7,(anonymous_560)
FN:7,(anonymous_561)
FN:7,(anonymous_562)
FN:7,l
FN:7,(anonymous_564)
FN:7,(anonymous_565)
FN:7,(anonymous_566)
FN:7,(anonymous_567)
FN:7,Jt
FN:7,Kt
FN:7,(anonymous_570)
FN:7,Xt
FN:7,(anonymous_572)
FN:7,(anonymous_573)
FN:7,(anonymous_574)
FN:7,(anonymous_575)
FN:7,(anonymous_576)
FN:7,(anonymous_577)
FN:7,(anonymous_578)
FN:7,(anonymous_579)
FN:7,(anonymous_580)
FN:7,Zt
FN:7,ee
FN:7,(anonymous_583)
FN:7,_
FN:7,E
FN:7,S
FN:7,(anonymous_587)
FN:7,C
FN:7,A
FN:7,P
FN:7,T
FN:7,R
FN:7,M
FN:7,D
FN:7,B
FN:7,(anonymous_596)
FN:7,(anonymous_597)
FN:7,q
FN:7,$
FN:7,(anonymous_600)
FN:7,(anonymous_601)
FN:7,(anonymous_602)
FN:7,(anonymous_603)
FN:7,(anonymous_604)
FN:7,(anonymous_605)
FN:7,(anonymous_606)
FN:7,(anonymous_607)
FN:7,(anonymous_608)
FN:7,V
FN:7,G
FN:7,H
FN:7,(anonymous_612)
FN:7,(anonymous_613)
FN:7,(anonymous_614)
FN:7,(anonymous_615)
FN:7,tt
FN:7,(anonymous_617)
FN:7,et
FN:7,(anonymous_619)
FN:7,nt
FN:7,(anonymous_621)
FN:7,rt
FN:7,(anonymous_623)
FN:7,(anonymous_624)
FN:7,(anonymous_625)
FN:7,(anonymous_626)
FN:7,(anonymous_627)
FN:7,(anonymous_628)
FN:7,(anonymous_629)
FN:7,(anonymous_630)
FN:7,(anonymous_631)
FN:7,(anonymous_632)
FN:7,(anonymous_633)
FN:7,ne
FN:7,(anonymous_635)
FN:7,(anonymous_636)
FN:7,re
FN:7,(anonymous_638)
FN:7,(anonymous_639)
FN:7,(anonymous_640)
FN:7,(anonymous_641)
FN:7,(anonymous_642)
FN:7,(anonymous_643)
FN:7,(anonymous_644)
FN:7,(anonymous_645)
FN:7,(anonymous_646)
FN:7,(anonymous_647)
FN:7,(anonymous_648)
FN:7,(anonymous_649)
FN:7,(anonymous_650)
FN:7,(anonymous_651)
FN:7,(anonymous_652)
FN:7,(anonymous_653)
FN:7,(anonymous_654)
FN:7,(anonymous_655)
FN:7,(anonymous_656)
FN:7,(anonymous_657)
FN:7,(anonymous_658)
FN:7,(anonymous_659)
FN:7,(anonymous_660)
FN:7,(anonymous_661)
FN:7,(anonymous_662)
FN:7,(anonymous_663)
FN:7,(anonymous_664)
FN:7,(anonymous_665)
FN:7,(anonymous_666)
FN:7,(anonymous_667)
FN:7,(anonymous_668)
FN:7,(anonymous_669)
FN:7,(anonymous_670)
FN:7,(anonymous_671)
FN:7,(anonymous_672)
FN:7,(anonymous_673)
FN:7,(anonymous_674)
FN:7,(anonymous_675)
FN:7,(anonymous_676)
FN:7,(anonymous_677)
FN:7,(anonymous_678)
FN:7,(anonymous_679)
FN:7,(anonymous_680)
FN:7,(anonymous_681)
FN:7,(anonymous_682)
FN:7,(anonymous_683)
FN:7,(anonymous_684)
FN:7,(anonymous_685)
FN:7,(anonymous_686)
FN:7,(anonymous_687)
FN:7,(anonymous_688)
FN:7,(anonymous_689)
FN:7,(anonymous_690)
FN:7,(anonymous_691)
FN:7,(anonymous_692)
FN:7,(anonymous_693)
FN:7,c
FN:7,(anonymous_695)
FN:7,(anonymous_696)
FN:7,(anonymous_697)
FN:7,(anonymous_698)
FN:7,(anonymous_699)
FN:7,(anonymous_700)
FN:7,(anonymous_701)
FN:7,(anonymous_702)
FN:7,O
FN:7,j
FN:7,_
FN:7,E
FN:7,S
FN:7,k
FN:7,(anonymous_709)
FN:7,C
FN:7,(anonymous_711)
FN:7,I
FN:7,(anonymous_713)
FN:7,(anonymous_714)
FN:7,(anonymous_715)
FN:7,(anonymous_716)
FN:7,M
FN:7,(anonymous_718)
FN:7,D
FN:7,(anonymous_720)
FN:7,B
FN:7,q
FN:7,$
FN:7,(anonymous_724)
FN:7,(anonymous_725)
FN:7,(anonymous_726)
FN:7,(anonymous_727)
FN:7,J
FN:7,K
FN:7,X
FN:7,Q
FN:7,Y
FN:7,Z
FN:7,tt
FN:7,et
FN:7,(anonymous_736)
FN:7,(anonymous_737)
FN:7,nt
FN:7,(anonymous_739)
FN:7,(anonymous_740)
FN:7,(anonymous_741)
FN:7,rt
FN:7,(anonymous_743)
FN:7,ot
FN:7,(anonymous_745)
FN:7,(anonymous_746)
FN:7,(anonymous_747)
FN:7,(anonymous_748)
FN:7,(anonymous_749)
FN:7,(anonymous_750)
FN:7,(anonymous_751)
FN:7,(anonymous_752)
FN:7,(anonymous_753)
FN:7,(anonymous_754)
FN:7,(anonymous_755)
FN:7,ut
FN:7,(anonymous_757)
FN:7,mt
FN:7,gt
FN:7,yt
FN:7,Ot
FN:7,wt
FN:7,xt
FN:7,jt
FN:7,_t
FN:7,Et
FN:7,St
FN:7,kt
FN:7,Ct
FN:7,(anonymous_770)
FN:7,(anonymous_771)
FN:7,Tt
FN:7,Rt
FN:7,Lt
FN:7,Ft
FN:7,It
FN:7,Mt
FN:7,(anonymous_778)
FN:7,(anonymous_779)
FN:7,(anonymous_780)
FN:7,Ut
FN:7,(anonymous_782)
FN:7,(anonymous_783)
FN:7,Bt
FN:7,(anonymous_785)
FN:7,(anonymous_786)
FN:7,(anonymous_787)
FN:7,(anonymous_788)
FN:7,$t
FN:7,Vt
FN:7,Gt
FN:7,(anonymous_792)
FN:7,zt
FN:7,Ht
FN:7,ce
FN:7,se
FN:7,ae
FN:7,ue
FN:7,le
FN:7,fe
FN:7,pe
FN:7,de
FN:7,he
FN:7,ve
FN:7,(anonymous_805)
FN:7,(anonymous_806)
FN:7,me
FN:7,(anonymous_808)
FN:7,ge
FN:7,(anonymous_810)
FN:7,ye
FN:7,(anonymous_812)
FN:7,(anonymous_813)
FN:7,Oe
FN:7,je
FN:7,_e
FN:7,Ee
FN:7,Se
FN:7,(anonymous_819)
FN:7,ke
FN:7,(anonymous_821)
FN:7,(anonymous_822)
FN:7,Pe
FN:7,Te
FN:7,Re
FN:7,(anonymous_826)
FN:7,Fe
FN:7,Ie
FN:7,Me
FN:7,Ue
FN:7,De
FN:7,(anonymous_832)
FN:7,(anonymous_833)
FN:7,(anonymous_834)
FN:7,(anonymous_835)
FN:7,(anonymous_836)
FN:7,(anonymous_837)
FN:7,(anonymous_838)
FN:7,(anonymous_839)
FN:7,(anonymous_840)
FN:7,(anonymous_841)
FN:7,(anonymous_842)
FN:7,(anonymous_843)
FN:7,(anonymous_844)
FN:7,(anonymous_845)
FN:7,Be
FN:7,(anonymous_847)
FN:7,qe
FN:7,(anonymous_849)
FN:7,$e
FN:7,(anonymous_851)
FN:7,Ve
FN:7,(anonymous_853)
FN:7,(anonymous_854)
FN:7,(anonymous_855)
FN:7,(anonymous_856)
FN:7,(anonymous_857)
FN:7,(anonymous_858)
FN:7,(anonymous_859)
FN:7,We
FN:7,Je
FN:7,(anonymous_862)
FN:7,(anonymous_863)
FN:7,(anonymous_864)
FN:7,(anonymous_865)
FN:7,(anonymous_866)
FN:7,(anonymous_867)
FN:7,(anonymous_868)
FN:7,Ke
FN:7,Xe
FN:7,Qe
FN:7,Ye
FN:7,Ze
FN:7,(anonymous_874)
FN:7,en
FN:7,(anonymous_876)
FN:7,(anonymous_877)
FN:7,(anonymous_878)
FN:7,(anonymous_879)
FN:7,(anonymous_880)
FN:7,(anonymous_881)
FN:7,(anonymous_882)
FN:7,(anonymous_883)
FN:7,(anonymous_884)
FN:7,(anonymous_885)
FN:7,(anonymous_886)
FN:7,(anonymous_887)
FN:7,(anonymous_888)
FN:7,(anonymous_889)
FN:7,(anonymous_890)
FN:7,(anonymous_891)
FN:7,(anonymous_892)
FN:7,(anonymous_893)
FN:7,(anonymous_894)
FN:7,(anonymous_895)
FN:7,nn
FN:7,(anonymous_897)
FN:7,on
FN:7,(anonymous_899)
FN:7,cn
FN:7,sn
FN:7,an
FN:7,(anonymous_903)
FN:7,un
FN:7,(anonymous_905)
FN:7,ln
FN:7,fn
FN:7,pn
FN:7,(anonymous_909)
FN:7,(anonymous_910)
FN:7,(anonymous_911)
FN:7,jn
FN:7,En
FN:7,(anonymous_914)
FN:7,(anonymous_915)
FN:7,(anonymous_916)
FN:7,L
FN:7,(anonymous_918)
FN:7,(anonymous_919)
FN:7,(anonymous_920)
FN:7,(anonymous_921)
FN:7,Sn
FN:7,(anonymous_923)
FN:7,(anonymous_924)
FN:7,kn
FN:7,(anonymous_926)
FN:7,Cn
FN:7,(anonymous_928)
FN:7,(anonymous_929)
FN:7,An
FN:7,(anonymous_931)
FN:7,Pn
FN:7,(anonymous_933)
FN:7,Rn
FN:7,(anonymous_935)
FN:7,Ln
FN:7,Fn
FN:7,In
FN:7,Mn
FN:7,Nn
FN:7,Un
FN:7,Dn
FN:7,Bn
FN:7,qn
FN:7,$n
FN:7,(anonymous_946)
FN:7,Vn
FN:7,Gn
FN:7,zn
FN:7,Hn
FN:7,(anonymous_951)
FN:7,(anonymous_952)
FN:7,(anonymous_953)
FN:7,(anonymous_954)
FN:7,(anonymous_955)
FN:7,(anonymous_956)
FN:7,(anonymous_957)
FN:7,(anonymous_958)
FN:7,(anonymous_959)
FN:7,(anonymous_960)
FN:7,(anonymous_961)
FN:7,tr
FN:7,er
FN:7,nr
FN:7,or
FN:7,(anonymous_966)
FN:7,(anonymous_967)
FN:7,(anonymous_968)
FN:7,(anonymous_969)
FN:7,(anonymous_970)
FN:7,(anonymous_971)
FN:7,(anonymous_972)
FN:7,(anonymous_973)
FN:7,(anonymous_974)
FN:7,(anonymous_975)
FN:7,ir
FN:7,(anonymous_977)
FN:7,(anonymous_978)
FN:7,cr
FN:7,ar
FN:7,ur
FN:7,(anonymous_982)
FN:7,(anonymous_983)
FN:7,(anonymous_984)
FN:7,(anonymous_985)
FN:7,(anonymous_986)
FN:7,(anonymous_987)
FN:7,(anonymous_988)
FN:7,(anonymous_989)
FN:7,(anonymous_990)
FN:7,(anonymous_991)
FN:7,(anonymous_992)
FN:7,(anonymous_993)
FN:7,(anonymous_994)
FN:7,(anonymous_995)
FN:7,(anonymous_996)
FN:7,(anonymous_997)
FN:7,(anonymous_998)
FN:7,(anonymous_999)
FN:7,(anonymous_1000)
FN:7,(anonymous_1001)
FN:7,(anonymous_1002)
FN:7,(anonymous_1003)
FN:7,(anonymous_1004)
FN:7,(anonymous_1005)
FN:7,(anonymous_1006)
FN:7,(anonymous_1007)
FN:7,(anonymous_1008)
FN:7,(anonymous_1009)
FN:7,(anonymous_1010)
FN:7,(anonymous_1011)
FN:7,(anonymous_1012)
FN:7,(anonymous_1013)
FN:7,(anonymous_1014)
FN:7,(anonymous_1015)
FN:7,(anonymous_1016)
FN:7,(anonymous_1017)
FN:7,(anonymous_1018)
FN:7,(anonymous_1019)
FN:7,(anonymous_1020)
FN:7,(anonymous_1021)
FN:7,(anonymous_1022)
FN:7,(anonymous_1023)
FN:7,(anonymous_1024)
FN:7,(anonymous_1025)
FN:7,(anonymous_1026)
FN:7,(anonymous_1027)
FN:7,lr
FN:7,fr
FN:7,pr
FN:7,(anonymous_1031)
FN:7,vr
FN:7,mr
FN:7,gr
FN:7,Er
FN:7,Sr
FN:7,Cr
FN:7,Ar
FN:7,Pr
FN:7,Tr
FN:7,Rr
FN:7,Lr
FN:7,(anonymous_1043)
FN:7,(anonymous_1044)
FN:7,Nr
FN:7,Dr
FN:7,Br
FN:7,qr
FN:7,$r
FN:7,Vr
FN:7,Gr
FN:7,zr
FN:7,Hr
FN:7,Wr
FN:7,Jr
FN:7,Kr
FN:7,(anonymous_1057)
FN:7,Xr
FN:7,Qr
FN:7,(anonymous_1060)
FN:7,(anonymous_1061)
FN:7,(anonymous_1062)
FN:7,(anonymous_1063)
FN:7,(anonymous_1064)
FN:7,(anonymous_1065)
FN:7,(anonymous_1066)
FN:7,(anonymous_1067)
FN:7,(anonymous_1068)
FN:7,(anonymous_1069)
FN:7,(anonymous_1070)
FN:7,(anonymous_1071)
FN:7,(anonymous_1072)
FN:7,(anonymous_1073)
FN:7,(anonymous_1074)
FN:7,(anonymous_1075)
FN:7,(anonymous_1076)
FN:7,(anonymous_1077)
FN:7,(anonymous_1078)
FN:7,(anonymous_1079)
FN:7,(anonymous_1080)
FN:7,ro
FN:7,(anonymous_1082)
FN:7,(anonymous_1083)
FN:7,(anonymous_1084)
FN:7,ao
FN:7,po
FN:7,ho
FN:7,(anonymous_1088)
FN:7,(anonymous_1089)
FN:7,vo
FN:7,bo
FN:7,mo
FN:7,(anonymous_1093)
FN:7,go
FN:7,(anonymous_1095)
FN:7,(anonymous_1096)
FN:7,yo
FN:7,(anonymous_1098)
FN:7,Oo
FN:7,wo
FN:7,(anonymous_1101)
FN:7,jo
FN:7,(anonymous_1103)
FN:7,(anonymous_1104)
FN:7,(anonymous_1105)
FN:7,(anonymous_1106)
FN:7,(anonymous_1107)
FN:7,(anonymous_1108)
FN:7,(anonymous_1109)
FN:7,(anonymous_1110)
FN:7,(anonymous_1111)
FN:7,(anonymous_1112)
FN:7,(anonymous_1113)
FN:7,(anonymous_1114)
FN:7,(anonymous_1115)
FN:7,Ao
FN:7,Po
FN:7,Ro
FN:7,(anonymous_1119)
FN:7,Io
FN:7,No
FN:7,Uo
FN:7,(anonymous_1123)
FN:7,(anonymous_1124)
FN:7,(anonymous_1125)
FN:7,zo
FN:7,Ho
FN:7,Wo
FN:7,Ko
FN:7,Xo
FN:7,(anonymous_1131)
FN:7,Qo
FN:7,(anonymous_1133)
FN:7,(anonymous_1134)
FN:7,(anonymous_1135)
FN:7,(anonymous_1136)
FN:7,ti
FN:7,(anonymous_1138)
FN:7,(anonymous_1139)
FN:7,(anonymous_1140)
FN:7,(anonymous_1141)
FN:7,(anonymous_1142)
FN:7,si
FN:7,(anonymous_1144)
FN:7,(anonymous_1145)
FN:7,(anonymous_1146)
FN:7,(anonymous_1147)
FN:7,(anonymous_1148)
FN:7,(anonymous_1149)
FN:7,(anonymous_1150)
FN:7,(anonymous_1151)
FN:7,(anonymous_1152)
FN:7,(anonymous_1153)
FN:7,(anonymous_1154)
FN:7,(anonymous_1155)
FN:7,(anonymous_1156)
FN:7,(anonymous_1157)
FN:7,ai
FN:7,ui
FN:7,li
FN:7,(anonymous_1161)
FN:7,fi
FN:7,(anonymous_1163)
FN:7,pi
FN:7,(anonymous_1165)
FN:7,hi
FN:7,(anonymous_1167)
FN:7,(anonymous_1168)
FN:7,(anonymous_1169)
FN:7,(anonymous_1170)
FN:7,vi
FN:7,(anonymous_1172)
FN:7,bi
FN:7,(anonymous_1174)
FN:7,mi
FN:7,gi
FN:7,(anonymous_1177)
FN:7,(anonymous_1178)
FN:7,Oi
FN:7,wi
FN:7,xi
FN:7,(anonymous_1182)
FN:7,(anonymous_1183)
FN:7,(anonymous_1184)
FN:7,(anonymous_1185)
FN:7,(anonymous_1186)
FN:7,(anonymous_1187)
FN:7,(anonymous_1188)
FN:7,(anonymous_1189)
FN:7,(anonymous_1190)
FN:7,(anonymous_1191)
FN:7,(anonymous_1192)
FN:7,(anonymous_1193)
FN:7,(anonymous_1194)
FN:7,(anonymous_1195)
FN:7,(anonymous_1196)
FN:7,(anonymous_1197)
FN:7,(anonymous_1198)
FN:7,(anonymous_1199)
FN:7,(anonymous_1200)
FN:7,Ai
FN:7,(anonymous_1202)
FN:7,(anonymous_1203)
FN:7,Ti
FN:7,(anonymous_1205)
FN:7,r
FN:7,(anonymous_1207)
FN:7,(anonymous_1208)
FN:7,(anonymous_1209)
FN:7,(anonymous_1210)
FN:7,(anonymous_1211)
FN:7,(anonymous_1212)
FN:7,(anonymous_1213)
FN:7,(anonymous_1214)
FN:7,(anonymous_1215)
FN:7,(anonymous_1216)
FN:7,(anonymous_1217)
FN:7,(anonymous_1218)
FN:7,(anonymous_1219)
FN:7,(anonymous_1220)
FN:7,(anonymous_1221)
FN:7,(anonymous_1222)
FN:7,(anonymous_1223)
FN:7,(anonymous_1224)
FN:7,(anonymous_1225)
FN:7,(anonymous_1226)
FN:7,(anonymous_1227)
FN:7,(anonymous_1228)
FN:7,(anonymous_1229)
FN:7,(anonymous_1230)
FN:7,(anonymous_1231)
FN:7,(anonymous_1232)
FN:7,(anonymous_1233)
FN:7,(anonymous_1234)
FN:7,(anonymous_1235)
FN:7,(anonymous_1236)
FN:7,(anonymous_1237)
FN:7,(anonymous_1238)
FN:7,(anonymous_1239)
FN:7,(anonymous_1240)
FN:7,(anonymous_1241)
FN:7,(anonymous_1242)
FN:7,(anonymous_1243)
FN:7,(anonymous_1244)
FN:7,(anonymous_1245)
FN:7,(anonymous_1246)
FN:7,(anonymous_1247)
FN:7,c
FN:7,(anonymous_1249)
FN:7,o
FN:7,(anonymous_1251)
FN:7,(anonymous_1252)
FN:7,(anonymous_1253)
FN:7,(anonymous_1254)
FN:7,(anonymous_1255)
FN:7,(anonymous_1256)
FN:7,(anonymous_1257)
FN:7,(anonymous_1258)
FN:7,o
FN:7,(anonymous_1260)
FN:7,(anonymous_1261)
FN:7,(anonymous_1262)
FN:7,(anonymous_1263)
FN:7,(anonymous_1264)
FN:7,(anonymous_1265)
FN:7,(anonymous_1266)
FN:7,(anonymous_1267)
FN:7,(anonymous_1268)
FN:7,(anonymous_1269)
FN:7,(anonymous_1270)
FN:7,(anonymous_1271)
FN:7,(anonymous_1272)
FN:7,(anonymous_1273)
FN:7,(anonymous_1274)
FN:7,(anonymous_1275)
FN:7,(anonymous_1276)
FN:7,(anonymous_1277)
FN:7,(anonymous_1278)
FN:7,(anonymous_1279)
FN:7,(anonymous_1280)
FN:7,(anonymous_1281)
FN:7,(anonymous_1282)
FN:7,(anonymous_1283)
FN:7,(anonymous_1284)
FN:7,a
FN:7,(anonymous_1286)
FN:7,u
FN:7,l
FN:7,b
FN:7,m
FN:7,g
FN:7,(anonymous_1292)
FN:7,j
FN:7,(anonymous_1294)
FN:7,(anonymous_1295)
FN:7,_
FN:7,n
FN:7,(anonymous_1298)
FN:7,(anonymous_1299)
FN:7,(anonymous_1300)
FN:7,(anonymous_1301)
FN:7,i
FN:7,i
FN:7,(anonymous_1304)
FN:7,E
FN:7,(anonymous_1306)
FN:7,S
FN:7,k
FN:7,C
FN:7,A
FN:7,P
FN:7,n
FN:7,T
FN:7,(anonymous_1314)
FN:7,(anonymous_1315)
FN:7,(anonymous_1316)
FN:7,(anonymous_1317)
FN:7,(anonymous_1318)
FN:7,(anonymous_1319)
FN:7,(anonymous_1320)
FN:7,(anonymous_1321)
FN:7,(anonymous_1322)
FN:7,n
FN:7,(anonymous_1324)
FN:7,(anonymous_1325)
FN:7,(anonymous_1326)
FN:7,o
FN:7,(anonymous_1328)
FN:7,(anonymous_1329)
FN:7,(anonymous_1330)
FN:7,(anonymous_1331)
FN:7,(anonymous_1332)
FN:7,(anonymous_1333)
FN:7,(anonymous_1334)
FN:7,(anonymous_1335)
FN:7,(anonymous_1336)
FN:7,(anonymous_1337)
FN:7,(anonymous_1338)
FN:7,(anonymous_1339)
FN:7,(anonymous_1340)
FN:7,(anonymous_1341)
FN:7,(anonymous_1342)
FN:7,(anonymous_1343)
FN:7,(anonymous_1344)
FN:7,(anonymous_1345)
FN:7,(anonymous_1346)
FN:7,r
FN:7,(anonymous_1348)
FN:7,(anonymous_1349)
FN:7,(anonymous_1350)
FN:7,(anonymous_1351)
FN:7,(anonymous_1352)
FN:7,(anonymous_1353)
FN:7,(anonymous_1354)
FN:7,(anonymous_1355)
FN:7,(anonymous_1356)
FN:7,(anonymous_1357)
FN:7,(anonymous_1358)
FN:7,(anonymous_1359)
FN:7,(anonymous_1360)
FN:7,(anonymous_1361)
FN:7,(anonymous_1362)
FN:7,(anonymous_1363)
FN:7,(anonymous_1364)
FN:7,(anonymous_1365)
FN:7,(anonymous_1366)
FN:7,(anonymous_1367)
FN:7,(anonymous_1368)
FN:7,(anonymous_1369)
FN:7,(anonymous_1370)
FN:7,(anonymous_1371)
FN:7,(anonymous_1372)
FN:7,(anonymous_1373)
FN:7,(anonymous_1374)
FN:7,(anonymous_1375)
FN:7,(anonymous_1376)
FN:7,(anonymous_1377)
FN:7,(anonymous_1378)
FN:7,(anonymous_1379)
FN:7,(anonymous_1380)
FN:7,(anonymous_1381)
FN:7,(anonymous_1382)
FN:7,(anonymous_1383)
FN:7,(anonymous_1384)
FN:7,(anonymous_1385)
FN:7,(anonymous_1386)
FN:7,(anonymous_1387)
FN:7,(anonymous_1388)
FN:7,(anonymous_1389)
FN:7,(anonymous_1390)
FN:7,(anonymous_1391)
FN:7,a
FN:7,u
FN:7,p
FN:7,(anonymous_1395)
FN:7,d
FN:7,g
FN:7,y
FN:7,O
FN:7,(anonymous_1400)
FN:7,(anonymous_1401)
FN:7,(anonymous_1402)
FN:7,(anonymous_1403)
FN:7,(anonymous_1404)
FN:7,(anonymous_1405)
FN:7,(anonymous_1406)
FN:7,(anonymous_1407)
FN:7,(anonymous_1408)
FN:7,(anonymous_1409)
FN:7,(anonymous_1410)
FN:7,(anonymous_1411)
FN:7,(anonymous_1412)
FN:7,(anonymous_1413)
FN:7,(anonymous_1414)
FN:7,(anonymous_1415)
FN:7,(anonymous_1416)
FN:7,(anonymous_1417)
FN:7,(anonymous_1418)
FN:7,(anonymous_1419)
FN:7,(anonymous_1420)
FN:7,(anonymous_1421)
FN:7,(anonymous_1422)
FN:7,(anonymous_1423)
FN:7,(anonymous_1424)
FN:7,(anonymous_1425)
FN:7,(anonymous_1426)
FN:7,(anonymous_1427)
FN:7,(anonymous_1428)
FN:7,(anonymous_1429)
FN:7,(anonymous_1430)
FN:7,(anonymous_1431)
FN:7,(anonymous_1432)
FN:7,(anonymous_1433)
FN:7,(anonymous_1434)
FN:7,(anonymous_1435)
FN:7,(anonymous_1436)
FN:7,(anonymous_1437)
FN:7,(anonymous_1438)
FN:7,(anonymous_1439)
FN:7,(anonymous_1440)
FN:7,(anonymous_1441)
FN:7,(anonymous_1442)
FN:7,(anonymous_1443)
FN:7,(anonymous_1444)
FN:7,(anonymous_1445)
FN:7,(anonymous_1446)
FN:7,(anonymous_1447)
FN:7,(anonymous_1448)
FN:7,(anonymous_1449)
FN:7,(anonymous_1450)
FN:7,(anonymous_1451)
FN:7,(anonymous_1452)
FN:7,(anonymous_1453)
FN:7,(anonymous_1454)
FN:7,(anonymous_1455)
FN:7,(anonymous_1456)
FN:7,(anonymous_1457)
FN:7,(anonymous_1458)
FN:7,(anonymous_1459)
FN:7,(anonymous_1460)
FN:7,(anonymous_1461)
FN:7,(anonymous_1462)
FN:7,(anonymous_1463)
FN:7,(anonymous_1464)
FN:7,(anonymous_1465)
FN:7,(anonymous_1466)
FN:7,(anonymous_1467)
FN:7,(anonymous_1468)
FN:7,(anonymous_1469)
FN:7,(anonymous_1470)
FN:7,(anonymous_1471)
FN:7,(anonymous_1472)
FN:7,(anonymous_1473)
FN:7,(anonymous_1474)
FN:7,(anonymous_1475)
FN:7,(anonymous_1476)
FN:7,(anonymous_1477)
FN:7,(anonymous_1478)
FN:7,(anonymous_1479)
FN:7,(anonymous_1480)
FN:7,(anonymous_1481)
FN:7,(anonymous_1482)
FN:7,(anonymous_1483)
FN:7,r
FN:7,o
FN:7,(anonymous_1486)
FN:7,(anonymous_1487)
FN:7,(anonymous_1488)
FN:7,(anonymous_1489)
FN:7,(anonymous_1490)
FN:7,(anonymous_1491)
FN:7,(anonymous_1492)
FN:7,(anonymous_1493)
FN:7,(anonymous_1494)
FN:7,(anonymous_1495)
FN:7,(anonymous_1496)
FN:7,(anonymous_1497)
FN:7,(anonymous_1498)
FN:7,(anonymous_1499)
FN:7,(anonymous_1500)
FN:7,(anonymous_1501)
FN:7,(anonymous_1502)
FN:7,(anonymous_1503)
FN:7,(anonymous_1504)
FN:7,m
FN:7,x
FN:7,(anonymous_1507)
FN:7,(anonymous_1508)
FN:7,(anonymous_1509)
FN:7,(anonymous_1510)
FN:7,(anonymous_1511)
FN:7,(anonymous_1512)
FN:7,(anonymous_1513)
FN:7,(anonymous_1514)
FN:7,(anonymous_1515)
FN:7,(anonymous_1516)
FN:7,(anonymous_1517)
FN:7,(anonymous_1518)
FN:7,(anonymous_1519)
FN:7,(anonymous_1520)
FN:7,(anonymous_1521)
FN:7,(anonymous_1522)
FN:7,(anonymous_1523)
FN:7,(anonymous_1524)
FN:7,(anonymous_1525)
FN:7,(anonymous_1526)
FN:7,(anonymous_1527)
FN:7,(anonymous_1528)
FN:7,(anonymous_1529)
FN:7,(anonymous_1530)
FN:7,(anonymous_1531)
FN:7,(anonymous_1532)
FN:7,(anonymous_1533)
FN:7,(anonymous_1534)
FN:7,(anonymous_1535)
FN:7,(anonymous_1536)
FN:7,(anonymous_1537)
FN:7,(anonymous_1538)
FN:7,(anonymous_1539)
FN:7,(anonymous_1540)
FN:7,i
FN:7,c
FN:7,s
FN:7,a
FN:7,u
FN:7,l
FN:7,f
FN:7,p
FN:7,d
FN:7,h
FN:7,v
FN:7,b
FN:7,m
FN:7,g
FN:7,y
FN:7,O
FN:7,w
FN:7,x
FN:7,j
FN:7,_
FN:7,e
FN:7,E
FN:7,(anonymous_1563)
FN:7,S
FN:7,(anonymous_1565)
FN:7,(anonymous_1566)
FN:7,(anonymous_1567)
FN:7,(anonymous_1568)
FN:7,(anonymous_1569)
FN:7,(anonymous_1570)
FN:7,(anonymous_1571)
FN:7,(anonymous_1572)
FN:7,(anonymous_1573)
FN:7,(anonymous_1574)
FN:7,(anonymous_1575)
FN:7,(anonymous_1576)
FN:7,(anonymous_1577)
FN:7,(anonymous_1578)
FN:7,(anonymous_1579)
FN:7,(anonymous_1580)
FN:7,(anonymous_1581)
FN:7,(anonymous_1582)
FN:7,(anonymous_1583)
FN:7,(anonymous_1584)
FN:7,a
FN:7,(anonymous_1586)
FN:7,(anonymous_1587)
FN:7,(anonymous_1588)
FN:7,(anonymous_1589)
FN:7,(anonymous_1590)
FN:7,(anonymous_1591)
FN:7,(anonymous_1592)
FN:7,(anonymous_1593)
FN:7,(anonymous_1594)
FN:7,(anonymous_1595)
FN:7,(anonymous_1596)
FN:7,(anonymous_1597)
FN:7,(anonymous_1598)
FN:7,(anonymous_1599)
FN:7,(anonymous_1600)
FN:7,(anonymous_1601)
FN:7,(anonymous_1602)
FN:7,(anonymous_1603)
FN:7,(anonymous_1604)
FN:7,(anonymous_1605)
FN:7,(anonymous_1606)
FN:7,(anonymous_1607)
FN:7,(anonymous_1608)
FN:7,(anonymous_1609)
FN:7,(anonymous_1610)
FN:7,(anonymous_1611)
FN:7,(anonymous_1612)
FN:7,(anonymous_1613)
FN:7,(anonymous_1614)
FN:7,(anonymous_1615)
FN:7,(anonymous_1616)
FN:7,(anonymous_1617)
FN:7,(anonymous_1618)
FN:7,(anonymous_1619)
FN:7,(anonymous_1620)
FN:7,(anonymous_1621)
FN:7,(anonymous_1622)
FN:7,(anonymous_1623)
FN:7,(anonymous_1624)
FN:7,(anonymous_1625)
FN:7,(anonymous_1626)
FN:7,(anonymous_1627)
FN:7,(anonymous_1628)
FN:7,(anonymous_1629)
FN:7,(anonymous_1630)
FN:7,(anonymous_1631)
FN:7,n
FN:7,r
FN:7,o
FN:7,(anonymous_1635)
FN:7,(anonymous_1636)
FN:7,(anonymous_1637)
FN:7,(anonymous_1638)
FN:7,(anonymous_1639)
FN:7,(anonymous_1640)
FN:7,(anonymous_1641)
FN:7,(anonymous_1642)
FN:7,r
FN:7,(anonymous_1644)
FN:7,(anonymous_1645)
FN:7,(anonymous_1646)
FN:7,(anonymous_1647)
FN:7,(anonymous_1648)
FN:7,(anonymous_1649)
FN:7,(anonymous_1650)
FN:7,(anonymous_1651)
FN:7,(anonymous_1652)
FN:7,(anonymous_1653)
FN:7,(anonymous_1654)
FN:7,(anonymous_1655)
FN:7,t
FN:7,(anonymous_1657)
FN:7,(anonymous_1658)
FN:7,(anonymous_1659)
FN:7,(anonymous_1660)
FN:7,(anonymous_1661)
FN:7,(anonymous_1662)
FN:7,(anonymous_1663)
FN:7,(anonymous_1664)
FN:7,(anonymous_1665)
FN:7,(anonymous_1666)
FN:7,(anonymous_1667)
FN:7,(anonymous_1668)
FN:7,(anonymous_1669)
FN:7,(anonymous_1670)
FN:7,(anonymous_1671)
FN:7,(anonymous_1672)
FN:7,(anonymous_1673)
FN:7,(anonymous_1674)
FN:7,(anonymous_1675)
FN:7,(anonymous_1676)
FN:7,(anonymous_1677)
FN:7,(anonymous_1678)
FN:7,(anonymous_1679)
FN:7,(anonymous_1680)
FN:7,(anonymous_1681)
FN:7,(anonymous_1682)
FN:7,(anonymous_1683)
FN:7,(anonymous_1684)
FN:7,(anonymous_1685)
FN:7,(anonymous_1686)
FN:7,(anonymous_1687)
FN:7,(anonymous_1688)
FN:7,(anonymous_1689)
FN:7,(anonymous_1690)
FN:7,(anonymous_1691)
FN:7,(anonymous_1692)
FN:7,(anonymous_1693)
FN:7,(anonymous_1694)
FN:7,(anonymous_1695)
FN:7,(anonymous_1696)
FN:7,(anonymous_1697)
FN:7,(anonymous_1698)
FN:7,(anonymous_1699)
FN:7,(anonymous_1700)
FN:7,(anonymous_1701)
FN:7,(anonymous_1702)
FN:7,(anonymous_1703)
FN:7,(anonymous_1704)
FN:7,(anonymous_1705)
FN:7,(anonymous_1706)
FN:7,(anonymous_1707)
FN:7,(anonymous_1708)
FN:7,(anonymous_1709)
FN:7,(anonymous_1710)
FN:7,(anonymous_1711)
FN:7,(anonymous_1712)
FN:7,(anonymous_1713)
FN:7,(anonymous_1714)
FN:7,(anonymous_1715)
FN:7,(anonymous_1716)
FN:7,(anonymous_1717)
FN:7,(anonymous_1718)
FN:7,(anonymous_1719)
FN:7,(anonymous_1720)
FN:7,(anonymous_1721)
FN:7,(anonymous_1722)
FN:7,(anonymous_1723)
FN:7,(anonymous_1724)
FN:7,(anonymous_1725)
FN:7,(anonymous_1726)
FN:7,(anonymous_1727)
FN:7,(anonymous_1728)
FN:7,(anonymous_1729)
FN:7,(anonymous_1730)
FN:7,(anonymous_1731)
FN:7,(anonymous_1732)
FN:7,(anonymous_1733)
FN:7,(anonymous_1734)
FN:7,(anonymous_1735)
FN:7,(anonymous_1736)
FN:7,o
FN:7,(anonymous_1738)
FN:7,(anonymous_1739)
FN:7,(anonymous_1740)
FN:7,(anonymous_1741)
FN:7,(anonymous_1742)
FN:7,(anonymous_1743)
FN:7,(anonymous_1744)
FN:7,(anonymous_1745)
FN:7,(anonymous_1746)
FN:7,(anonymous_1747)
FN:7,(anonymous_1748)
FN:7,(anonymous_1749)
FN:7,(anonymous_1750)
FNF:1751
FNH:0
FNDA:0,(anonymous_0)
FNDA:0,(anonymous_1)
FNDA:0,(anonymous_2)
FNDA:0,(anonymous_3)
FNDA:0,(anonymous_4)
FNDA:0,(anonymous_5)
FNDA:0,(anonymous_6)
FNDA:0,(anonymous_7)
FNDA:0,(anonymous_8)
FNDA:0,(anonymous_9)
FNDA:0,(anonymous_10)
FNDA:0,(anonymous_11)
FNDA:0,(anonymous_12)
FNDA:0,(anonymous_13)
FNDA:0,(anonymous_14)
FNDA:0,(anonymous_15)
FNDA:0,(anonymous_16)
FNDA:0,(anonymous_17)
FNDA:0,l
FNDA:0,(anonymous_19)
FNDA:0,(anonymous_20)
FNDA:0,(anonymous_21)
FNDA:0,(anonymous_22)
FNDA:0,(anonymous_23)
FNDA:0,(anonymous_24)
FNDA:0,(anonymous_25)
FNDA:0,(anonymous_26)
FNDA:0,(anonymous_27)
FNDA:0,(anonymous_28)
FNDA:0,(anonymous_29)
FNDA:0,(anonymous_30)
FNDA:0,(anonymous_31)
FNDA:0,(anonymous_32)
FNDA:0,(anonymous_33)
FNDA:0,(anonymous_34)
FNDA:0,(anonymous_35)
FNDA:0,(anonymous_36)
FNDA:0,(anonymous_37)
FNDA:0,(anonymous_38)
FNDA:0,(anonymous_39)
FNDA:0,(anonymous_40)
FNDA:0,(anonymous_41)
FNDA:0,(anonymous_42)
FNDA:0,(anonymous_43)
FNDA:0,(anonymous_44)
FNDA:0,(anonymous_45)
FNDA:0,(anonymous_46)
FNDA:0,(anonymous_47)
FNDA:0,(anonymous_48)
FNDA:0,(anonymous_49)
FNDA:0,(anonymous_50)
FNDA:0,(anonymous_51)
FNDA:0,(anonymous_52)
FNDA:0,(anonymous_53)
FNDA:0,(anonymous_54)
FNDA:0,(anonymous_55)
FNDA:0,(anonymous_56)
FNDA:0,(anonymous_57)
FNDA:0,(anonymous_58)
FNDA:0,(anonymous_59)
FNDA:0,(anonymous_60)
FNDA:0,(anonymous_61)
FNDA:0,(anonymous_62)
FNDA:0,(anonymous_63)
FNDA:0,(anonymous_64)
FNDA:0,(anonymous_65)
FNDA:0,(anonymous_66)
FNDA:0,(anonymous_67)
FNDA:0,(anonymous_68)
FNDA:0,(anonymous_69)
FNDA:0,(anonymous_70)
FNDA:0,(anonymous_71)
FNDA:0,(anonymous_72)
FNDA:0,(anonymous_73)
FNDA:0,(anonymous_74)
FNDA:0,(anonymous_75)
FNDA:0,r
FNDA:0,o
FNDA:0,(anonymous_78)
FNDA:0,(anonymous_79)
FNDA:0,s
FNDA:0,a
FNDA:0,(anonymous_82)
FNDA:0,(anonymous_83)
FNDA:0,(anonymous_84)
FNDA:0,(anonymous_85)
FNDA:0,(anonymous_86)
FNDA:0,(anonymous_87)
FNDA:0,(anonymous_88)
FNDA:0,(anonymous_89)
FNDA:0,(anonymous_90)
FNDA:0,(anonymous_91)
FNDA:0,(anonymous_92)
FNDA:0,(anonymous_93)
FNDA:0,(anonymous_94)
FNDA:0,(anonymous_95)
FNDA:0,(anonymous_96)
FNDA:0,(anonymous_97)
FNDA:0,(anonymous_98)
FNDA:0,s
FNDA:0,a
FNDA:0,u
FNDA:0,(anonymous_102)
FNDA:0,(anonymous_103)
FNDA:0,(anonymous_104)
FNDA:0,(anonymous_105)
FNDA:0,(anonymous_106)
FNDA:0,(anonymous_107)
FNDA:0,(anonymous_108)
FNDA:0,(anonymous_109)
FNDA:0,(anonymous_110)
FNDA:0,(anonymous_111)
FNDA:0,(anonymous_112)
FNDA:0,(anonymous_113)
FNDA:0,(anonymous_114)
FNDA:0,(anonymous_115)
FNDA:0,(anonymous_116)
FNDA:0,(anonymous_117)
FNDA:0,(anonymous_118)
FNDA:0,(anonymous_119)
FNDA:0,(anonymous_120)
FNDA:0,(anonymous_121)
FNDA:0,(anonymous_122)
FNDA:0,(anonymous_123)
FNDA:0,(anonymous_124)
FNDA:0,(anonymous_125)
FNDA:0,(anonymous_126)
FNDA:0,(anonymous_127)
FNDA:0,(anonymous_128)
FNDA:0,(anonymous_129)
FNDA:0,(anonymous_130)
FNDA:0,(anonymous_131)
FNDA:0,(anonymous_132)
FNDA:0,(anonymous_133)
FNDA:0,o
FNDA:0,(anonymous_135)
FNDA:0,(anonymous_136)
FNDA:0,(anonymous_137)
FNDA:0,(anonymous_138)
FNDA:0,(anonymous_139)
FNDA:0,(anonymous_140)
FNDA:0,(anonymous_141)
FNDA:0,(anonymous_142)
FNDA:0,(anonymous_143)
FNDA:0,(anonymous_144)
FNDA:0,(anonymous_145)
FNDA:0,(anonymous_146)
FNDA:0,(anonymous_147)
FNDA:0,o
FNDA:0,(anonymous_149)
FNDA:0,(anonymous_150)
FNDA:0,(anonymous_151)
FNDA:0,(anonymous_152)
FNDA:0,(anonymous_153)
FNDA:0,(anonymous_154)
FNDA:0,(anonymous_155)
FNDA:0,(anonymous_156)
FNDA:0,(anonymous_157)
FNDA:0,(anonymous_158)
FNDA:0,(anonymous_159)
FNDA:0,(anonymous_160)
FNDA:0,(anonymous_161)
FNDA:0,(anonymous_162)
FNDA:0,(anonymous_163)
FNDA:0,(anonymous_164)
FNDA:0,(anonymous_165)
FNDA:0,(anonymous_166)
FNDA:0,(anonymous_167)
FNDA:0,(anonymous_168)
FNDA:0,(anonymous_169)
FNDA:0,(anonymous_170)
FNDA:0,(anonymous_171)
FNDA:0,(anonymous_172)
FNDA:0,a
FNDA:0,(anonymous_174)
FNDA:0,(anonymous_175)
FNDA:0,(anonymous_176)
FNDA:0,(anonymous_177)
FNDA:0,(anonymous_178)
FNDA:0,(anonymous_179)
FNDA:0,(anonymous_180)
FNDA:0,(anonymous_181)
FNDA:0,(anonymous_182)
FNDA:0,(anonymous_183)
FNDA:0,(anonymous_184)
FNDA:0,(anonymous_185)
FNDA:0,(anonymous_186)
FNDA:0,(anonymous_187)
FNDA:0,(anonymous_188)
FNDA:0,(anonymous_189)
FNDA:0,(anonymous_190)
FNDA:0,(anonymous_191)
FNDA:0,(anonymous_192)
FNDA:0,(anonymous_193)
FNDA:0,(anonymous_194)
FNDA:0,(anonymous_195)
FNDA:0,(anonymous_196)
FNDA:0,(anonymous_197)
FNDA:0,(anonymous_198)
FNDA:0,(anonymous_199)
FNDA:0,(anonymous_200)
FNDA:0,(anonymous_201)
FNDA:0,(anonymous_202)
FNDA:0,(anonymous_203)
FNDA:0,(anonymous_204)
FNDA:0,(anonymous_205)
FNDA:0,o
FNDA:0,i
FNDA:0,c
FNDA:0,s
FNDA:0,a
FNDA:0,(anonymous_211)
FNDA:0,(anonymous_212)
FNDA:0,(anonymous_213)
FNDA:0,(anonymous_214)
FNDA:0,(anonymous_215)
FNDA:0,(anonymous_216)
FNDA:0,(anonymous_217)
FNDA:0,(anonymous_218)
FNDA:0,(anonymous_219)
FNDA:0,(anonymous_220)
FNDA:0,(anonymous_221)
FNDA:0,(anonymous_222)
FNDA:0,(anonymous_223)
FNDA:0,(anonymous_224)
FNDA:0,i
FNDA:0,c
FNDA:0,(anonymous_227)
FNDA:0,(anonymous_228)
FNDA:0,a
FNDA:0,(anonymous_230)
FNDA:0,(anonymous_231)
FNDA:0,(anonymous_232)
FNDA:0,(anonymous_233)
FNDA:0,(anonymous_234)
FNDA:0,(anonymous_235)
FNDA:0,(anonymous_236)
FNDA:0,(anonymous_237)
FNDA:0,(anonymous_238)
FNDA:0,c
FNDA:0,(anonymous_240)
FNDA:0,s
FNDA:0,a
FNDA:0,u
FNDA:0,l
FNDA:0,(anonymous_245)
FNDA:0,f
FNDA:0,(anonymous_247)
FNDA:0,p
FNDA:0,d
FNDA:0,(anonymous_250)
FNDA:0,(anonymous_251)
FNDA:0,(anonymous_252)
FNDA:0,h
FNDA:0,(anonymous_254)
FNDA:0,(anonymous_255)
FNDA:0,(anonymous_256)
FNDA:0,(anonymous_257)
FNDA:0,(anonymous_258)
FNDA:0,v
FNDA:0,(anonymous_260)
FNDA:0,(anonymous_261)
FNDA:0,(anonymous_262)
FNDA:0,(anonymous_263)
FNDA:0,(anonymous_264)
FNDA:0,b
FNDA:0,(anonymous_266)
FNDA:0,(anonymous_267)
FNDA:0,m
FNDA:0,(anonymous_269)
FNDA:0,g
FNDA:0,(anonymous_271)
FNDA:0,(anonymous_272)
FNDA:0,y
FNDA:0,(anonymous_274)
FNDA:0,O
FNDA:0,(anonymous_276)
FNDA:0,(anonymous_277)
FNDA:0,w
FNDA:0,(anonymous_279)
FNDA:0,x
FNDA:0,C
FNDA:0,(anonymous_282)
FNDA:0,(anonymous_283)
FNDA:0,(anonymous_284)
FNDA:0,(anonymous_285)
FNDA:0,(anonymous_286)
FNDA:0,(anonymous_287)
FNDA:0,(anonymous_288)
FNDA:0,(anonymous_289)
FNDA:0,L
FNDA:0,F
FNDA:0,(anonymous_292)
FNDA:0,I
FNDA:0,(anonymous_294)
FNDA:0,M
FNDA:0,(anonymous_296)
FNDA:0,(anonymous_297)
FNDA:0,(anonymous_298)
FNDA:0,N
FNDA:0,(anonymous_300)
FNDA:0,(anonymous_301)
FNDA:0,(anonymous_302)
FNDA:0,(anonymous_303)
FNDA:0,U
FNDA:0,(anonymous_305)
FNDA:0,(anonymous_306)
FNDA:0,D
FNDA:0,(anonymous_308)
FNDA:0,(anonymous_309)
FNDA:0,(anonymous_310)
FNDA:0,(anonymous_311)
FNDA:0,(anonymous_312)
FNDA:0,(anonymous_313)
FNDA:0,(anonymous_314)
FNDA:0,(anonymous_315)
FNDA:0,(anonymous_316)
FNDA:0,(anonymous_317)
FNDA:0,(anonymous_318)
FNDA:0,(anonymous_319)
FNDA:0,V
FNDA:0,(anonymous_321)
FNDA:0,(anonymous_322)
FNDA:0,(anonymous_323)
FNDA:0,(anonymous_324)
FNDA:0,(anonymous_325)
FNDA:0,(anonymous_326)
FNDA:0,(anonymous_327)
FNDA:0,(anonymous_328)
FNDA:0,(anonymous_329)
FNDA:0,(anonymous_330)
FNDA:0,(anonymous_331)
FNDA:0,W
FNDA:0,(anonymous_333)
FNDA:0,(anonymous_334)
FNDA:0,J
FNDA:0,K
FNDA:0,t
FNDA:0,(anonymous_338)
FNDA:0,(anonymous_339)
FNDA:0,(anonymous_340)
FNDA:0,(anonymous_341)
FNDA:0,(anonymous_342)
FNDA:0,(anonymous_343)
FNDA:0,(anonymous_344)
FNDA:0,(anonymous_345)
FNDA:0,(anonymous_346)
FNDA:0,(anonymous_347)
FNDA:0,(anonymous_348)
FNDA:0,(anonymous_349)
FNDA:0,(anonymous_350)
FNDA:0,(anonymous_351)
FNDA:0,(anonymous_352)
FNDA:0,(anonymous_353)
FNDA:0,(anonymous_354)
FNDA:0,(anonymous_355)
FNDA:0,(anonymous_356)
FNDA:0,(anonymous_357)
FNDA:0,(anonymous_358)
FNDA:0,(anonymous_359)
FNDA:0,(anonymous_360)
FNDA:0,(anonymous_361)
FNDA:0,(anonymous_362)
FNDA:0,(anonymous_363)
FNDA:0,(anonymous_364)
FNDA:0,(anonymous_365)
FNDA:0,(anonymous_366)
FNDA:0,(anonymous_367)
FNDA:0,(anonymous_368)
FNDA:0,(anonymous_369)
FNDA:0,(anonymous_370)
FNDA:0,(anonymous_371)
FNDA:0,(anonymous_372)
FNDA:0,(anonymous_373)
FNDA:0,(anonymous_374)
FNDA:0,(anonymous_375)
FNDA:0,(anonymous_376)
FNDA:0,(anonymous_377)
FNDA:0,(anonymous_378)
FNDA:0,(anonymous_379)
FNDA:0,(anonymous_380)
FNDA:0,(anonymous_381)
FNDA:0,(anonymous_382)
FNDA:0,et
FNDA:0,(anonymous_384)
FNDA:0,(anonymous_385)
FNDA:0,nt
FNDA:0,rt
FNDA:0,(anonymous_388)
FNDA:0,ot
FNDA:0,(anonymous_390)
FNDA:0,(anonymous_391)
FNDA:0,r
FNDA:0,o
FNDA:0,(anonymous_394)
FNDA:0,i
FNDA:0,(anonymous_396)
FNDA:0,(anonymous_397)
FNDA:0,(anonymous_398)
FNDA:0,(anonymous_399)
FNDA:0,(anonymous_400)
FNDA:0,(anonymous_401)
FNDA:0,(anonymous_402)
FNDA:0,(anonymous_403)
FNDA:0,(anonymous_404)
FNDA:0,(anonymous_405)
FNDA:0,(anonymous_406)
FNDA:0,(anonymous_407)
FNDA:0,(anonymous_408)
FNDA:0,(anonymous_409)
FNDA:0,(anonymous_410)
FNDA:0,(anonymous_411)
FNDA:0,(anonymous_412)
FNDA:0,(anonymous_413)
FNDA:0,(anonymous_414)
FNDA:0,(anonymous_415)
FNDA:0,(anonymous_416)
FNDA:0,(anonymous_417)
FNDA:0,(anonymous_418)
FNDA:0,(anonymous_419)
FNDA:0,(anonymous_420)
FNDA:0,(anonymous_421)
FNDA:0,(anonymous_422)
FNDA:0,(anonymous_423)
FNDA:0,(anonymous_424)
FNDA:0,(anonymous_425)
FNDA:0,(anonymous_426)
FNDA:0,(anonymous_427)
FNDA:0,(anonymous_428)
FNDA:0,(anonymous_429)
FNDA:0,(anonymous_430)
FNDA:0,(anonymous_431)
FNDA:0,(anonymous_432)
FNDA:0,(anonymous_433)
FNDA:0,(anonymous_434)
FNDA:0,(anonymous_435)
FNDA:0,(anonymous_436)
FNDA:0,(anonymous_437)
FNDA:0,(anonymous_438)
FNDA:0,(anonymous_439)
FNDA:0,(anonymous_440)
FNDA:0,(anonymous_441)
FNDA:0,(anonymous_442)
FNDA:0,(anonymous_443)
FNDA:0,(anonymous_444)
FNDA:0,(anonymous_445)
FNDA:0,(anonymous_446)
FNDA:0,(anonymous_447)
FNDA:0,(anonymous_448)
FNDA:0,p
FNDA:0,h
FNDA:0,(anonymous_451)
FNDA:0,(anonymous_452)
FNDA:0,g
FNDA:0,y
FNDA:0,O
FNDA:0,w
FNDA:0,x
FNDA:0,j
FNDA:0,_
FNDA:0,E
FNDA:0,(anonymous_461)
FNDA:0,S
FNDA:0,(anonymous_463)
FNDA:0,(anonymous_464)
FNDA:0,A
FNDA:0,T
FNDA:0,R
FNDA:0,(anonymous_468)
FNDA:0,F
FNDA:0,I
FNDA:0,N
FNDA:0,U
FNDA:0,(anonymous_473)
FNDA:0,B
FNDA:0,q
FNDA:0,(anonymous_476)
FNDA:0,(anonymous_477)
FNDA:0,a
FNDA:0,u
FNDA:0,(anonymous_480)
FNDA:0,l
FNDA:0,f
FNDA:0,$
FNDA:0,V
FNDA:0,i
FNDA:0,c
FNDA:0,s
FNDA:0,G
FNDA:0,r
FNDA:0,(anonymous_490)
FNDA:0,(anonymous_491)
FNDA:0,z
FNDA:0,H
FNDA:0,W
FNDA:0,(anonymous_495)
FNDA:0,Q
FNDA:0,Y
FNDA:0,nt
FNDA:0,s
FNDA:0,a
FNDA:0,rt
FNDA:0,ot
FNDA:0,st
FNDA:0,e
FNDA:0,c
FNDA:0,f
FNDA:0,p
FNDA:0,at
FNDA:0,ut
FNDA:0,o
FNDA:0,i
FNDA:0,(anonymous_512)
FNDA:0,c
FNDA:0,s
FNDA:0,a
FNDA:0,u
FNDA:0,(anonymous_517)
FNDA:0,(anonymous_518)
FNDA:0,(anonymous_519)
FNDA:0,(anonymous_520)
FNDA:0,(anonymous_521)
FNDA:0,lt
FNDA:0,ft
FNDA:0,pt
FNDA:0,dt
FNDA:0,ht
FNDA:0,(anonymous_527)
FNDA:0,vt
FNDA:0,bt
FNDA:0,(anonymous_530)
FNDA:0,Tt
FNDA:0,Rt
FNDA:0,Lt
FNDA:0,Ft
FNDA:0,It
FNDA:0,Mt
FNDA:0,Nt
FNDA:0,Ut
FNDA:0,Dt
FNDA:0,(anonymous_540)
FNDA:0,(anonymous_541)
FNDA:0,Bt
FNDA:0,(anonymous_543)
FNDA:0,qt
FNDA:0,e
FNDA:0,(anonymous_546)
FNDA:0,n
FNDA:0,(anonymous_548)
FNDA:0,$t
FNDA:0,(anonymous_550)
FNDA:0,(anonymous_551)
FNDA:0,(anonymous_552)
FNDA:0,(anonymous_553)
FNDA:0,Vt
FNDA:0,(anonymous_555)
FNDA:0,(anonymous_556)
FNDA:0,Gt
FNDA:0,zt
FNDA:0,(anonymous_559)
FNDA:0,(anonymous_560)
FNDA:0,(anonymous_561)
FNDA:0,(anonymous_562)
FNDA:0,l
FNDA:0,(anonymous_564)
FNDA:0,(anonymous_565)
FNDA:0,(anonymous_566)
FNDA:0,(anonymous_567)
FNDA:0,Jt
FNDA:0,Kt
FNDA:0,(anonymous_570)
FNDA:0,Xt
FNDA:0,(anonymous_572)
FNDA:0,(anonymous_573)
FNDA:0,(anonymous_574)
FNDA:0,(anonymous_575)
FNDA:0,(anonymous_576)
FNDA:0,(anonymous_577)
FNDA:0,(anonymous_578)
FNDA:0,(anonymous_579)
FNDA:0,(anonymous_580)
FNDA:0,Zt
FNDA:0,ee
FNDA:0,(anonymous_583)
FNDA:0,_
FNDA:0,E
FNDA:0,S
FNDA:0,(anonymous_587)
FNDA:0,C
FNDA:0,A
FNDA:0,P
FNDA:0,T
FNDA:0,R
FNDA:0,M
FNDA:0,D
FNDA:0,B
FNDA:0,(anonymous_596)
FNDA:0,(anonymous_597)
FNDA:0,q
FNDA:0,$
FNDA:0,(anonymous_600)
FNDA:0,(anonymous_601)
FNDA:0,(anonymous_602)
FNDA:0,(anonymous_603)
FNDA:0,(anonymous_604)
FNDA:0,(anonymous_605)
FNDA:0,(anonymous_606)
FNDA:0,(anonymous_607)
FNDA:0,(anonymous_608)
FNDA:0,V
FNDA:0,G
FNDA:0,H
FNDA:0,(anonymous_612)
FNDA:0,(anonymous_613)
FNDA:0,(anonymous_614)
FNDA:0,(anonymous_615)
FNDA:0,tt
FNDA:0,(anonymous_617)
FNDA:0,et
FNDA:0,(anonymous_619)
FNDA:0,nt
FNDA:0,(anonymous_621)
FNDA:0,rt
FNDA:0,(anonymous_623)
FNDA:0,(anonymous_624)
FNDA:0,(anonymous_625)
FNDA:0,(anonymous_626)
FNDA:0,(anonymous_627)
FNDA:0,(anonymous_628)
FNDA:0,(anonymous_629)
FNDA:0,(anonymous_630)
FNDA:0,(anonymous_631)
FNDA:0,(anonymous_632)
FNDA:0,(anonymous_633)
FNDA:0,ne
FNDA:0,(anonymous_635)
FNDA:0,(anonymous_636)
FNDA:0,re
FNDA:0,(anonymous_638)
FNDA:0,(anonymous_639)
FNDA:0,(anonymous_640)
FNDA:0,(anonymous_641)
FNDA:0,(anonymous_642)
FNDA:0,(anonymous_643)
FNDA:0,(anonymous_644)
FNDA:0,(anonymous_645)
FNDA:0,(anonymous_646)
FNDA:0,(anonymous_647)
FNDA:0,(anonymous_648)
FNDA:0,(anonymous_649)
FNDA:0,(anonymous_650)
FNDA:0,(anonymous_651)
FNDA:0,(anonymous_652)
FNDA:0,(anonymous_653)
FNDA:0,(anonymous_654)
FNDA:0,(anonymous_655)
FNDA:0,(anonymous_656)
FNDA:0,(anonymous_657)
FNDA:0,(anonymous_658)
FNDA:0,(anonymous_659)
FNDA:0,(anonymous_660)
FNDA:0,(anonymous_661)
FNDA:0,(anonymous_662)
FNDA:0,(anonymous_663)
FNDA:0,(anonymous_664)
FNDA:0,(anonymous_665)
FNDA:0,(anonymous_666)
FNDA:0,(anonymous_667)
FNDA:0,(anonymous_668)
FNDA:0,(anonymous_669)
FNDA:0,(anonymous_670)
FNDA:0,(anonymous_671)
FNDA:0,(anonymous_672)
FNDA:0,(anonymous_673)
FNDA:0,(anonymous_674)
FNDA:0,(anonymous_675)
FNDA:0,(anonymous_676)
FNDA:0,(anonymous_677)
FNDA:0,(anonymous_678)
FNDA:0,(anonymous_679)
FNDA:0,(anonymous_680)
FNDA:0,(anonymous_681)
FNDA:0,(anonymous_682)
FNDA:0,(anonymous_683)
FNDA:0,(anonymous_684)
FNDA:0,(anonymous_685)
FNDA:0,(anonymous_686)
FNDA:0,(anonymous_687)
FNDA:0,(anonymous_688)
FNDA:0,(anonymous_689)
FNDA:0,(anonymous_690)
FNDA:0,(anonymous_691)
FNDA:0,(anonymous_692)
FNDA:0,(anonymous_693)
FNDA:0,c
FNDA:0,(anonymous_695)
FNDA:0,(anonymous_696)
FNDA:0,(anonymous_697)
FNDA:0,(anonymous_698)
FNDA:0,(anonymous_699)
FNDA:0,(anonymous_700)
FNDA:0,(anonymous_701)
FNDA:0,(anonymous_702)
FNDA:0,O
FNDA:0,j
FNDA:0,_
FNDA:0,E
FNDA:0,S
FNDA:0,k
FNDA:0,(anonymous_709)
FNDA:0,C
FNDA:0,(anonymous_711)
FNDA:0,I
FNDA:0,(anonymous_713)
FNDA:0,(anonymous_714)
FNDA:0,(anonymous_715)
FNDA:0,(anonymous_716)
FNDA:0,M
FNDA:0,(anonymous_718)
FNDA:0,D
FNDA:0,(anonymous_720)
FNDA:0,B
FNDA:0,q
FNDA:0,$
FNDA:0,(anonymous_724)
FNDA:0,(anonymous_725)
FNDA:0,(anonymous_726)
FNDA:0,(anonymous_727)
FNDA:0,J
FNDA:0,K
FNDA:0,X
FNDA:0,Q
FNDA:0,Y
FNDA:0,Z
FNDA:0,tt
FNDA:0,et
FNDA:0,(anonymous_736)
FNDA:0,(anonymous_737)
FNDA:0,nt
FNDA:0,(anonymous_739)
FNDA:0,(anonymous_740)
FNDA:0,(anonymous_741)
FNDA:0,rt
FNDA:0,(anonymous_743)
FNDA:0,ot
FNDA:0,(anonymous_745)
FNDA:0,(anonymous_746)
FNDA:0,(anonymous_747)
FNDA:0,(anonymous_748)
FNDA:0,(anonymous_749)
FNDA:0,(anonymous_750)
FNDA:0,(anonymous_751)
FNDA:0,(anonymous_752)
FNDA:0,(anonymous_753)
FNDA:0,(anonymous_754)
FNDA:0,(anonymous_755)
FNDA:0,ut
FNDA:0,(anonymous_757)
FNDA:0,mt
FNDA:0,gt
FNDA:0,yt
FNDA:0,Ot
FNDA:0,wt
FNDA:0,xt
FNDA:0,jt
FNDA:0,_t
FNDA:0,Et
FNDA:0,St
FNDA:0,kt
FNDA:0,Ct
FNDA:0,(anonymous_770)
FNDA:0,(anonymous_771)
FNDA:0,Tt
FNDA:0,Rt
FNDA:0,Lt
FNDA:0,Ft
FNDA:0,It
FNDA:0,Mt
FNDA:0,(anonymous_778)
FNDA:0,(anonymous_779)
FNDA:0,(anonymous_780)
FNDA:0,Ut
FNDA:0,(anonymous_782)
FNDA:0,(anonymous_783)
FNDA:0,Bt
FNDA:0,(anonymous_785)
FNDA:0,(anonymous_786)
FNDA:0,(anonymous_787)
FNDA:0,(anonymous_788)
FNDA:0,$t
FNDA:0,Vt
FNDA:0,Gt
FNDA:0,(anonymous_792)
FNDA:0,zt
FNDA:0,Ht
FNDA:0,ce
FNDA:0,se
FNDA:0,ae
FNDA:0,ue
FNDA:0,le
FNDA:0,fe
FNDA:0,pe
FNDA:0,de
FNDA:0,he
FNDA:0,ve
FNDA:0,(anonymous_805)
FNDA:0,(anonymous_806)
FNDA:0,me
FNDA:0,(anonymous_808)
FNDA:0,ge
FNDA:0,(anonymous_810)
FNDA:0,ye
FNDA:0,(anonymous_812)
FNDA:0,(anonymous_813)
FNDA:0,Oe
FNDA:0,je
FNDA:0,_e
FNDA:0,Ee
FNDA:0,Se
FNDA:0,(anonymous_819)
FNDA:0,ke
FNDA:0,(anonymous_821)
FNDA:0,(anonymous_822)
FNDA:0,Pe
FNDA:0,Te
FNDA:0,Re
FNDA:0,(anonymous_826)
FNDA:0,Fe
FNDA:0,Ie
FNDA:0,Me
FNDA:0,Ue
FNDA:0,De
FNDA:0,(anonymous_832)
FNDA:0,(anonymous_833)
FNDA:0,(anonymous_834)
FNDA:0,(anonymous_835)
FNDA:0,(anonymous_836)
FNDA:0,(anonymous_837)
FNDA:0,(anonymous_838)
FNDA:0,(anonymous_839)
FNDA:0,(anonymous_840)
FNDA:0,(anonymous_841)
FNDA:0,(anonymous_842)
FNDA:0,(anonymous_843)
FNDA:0,(anonymous_844)
FNDA:0,(anonymous_845)
FNDA:0,Be
FNDA:0,(anonymous_847)
FNDA:0,qe
FNDA:0,(anonymous_849)
FNDA:0,$e
FNDA:0,(anonymous_851)
FNDA:0,Ve
FNDA:0,(anonymous_853)
FNDA:0,(anonymous_854)
FNDA:0,(anonymous_855)
FNDA:0,(anonymous_856)
FNDA:0,(anonymous_857)
FNDA:0,(anonymous_858)
FNDA:0,(anonymous_859)
FNDA:0,We
FNDA:0,Je
FNDA:0,(anonymous_862)
FNDA:0,(anonymous_863)
FNDA:0,(anonymous_864)
FNDA:0,(anonymous_865)
FNDA:0,(anonymous_866)
FNDA:0,(anonymous_867)
FNDA:0,(anonymous_868)
FNDA:0,Ke
FNDA:0,Xe
FNDA:0,Qe
FNDA:0,Ye
FNDA:0,Ze
FNDA:0,(anonymous_874)
FNDA:0,en
FNDA:0,(anonymous_876)
FNDA:0,(anonymous_877)
FNDA:0,(anonymous_878)
FNDA:0,(anonymous_879)
FNDA:0,(anonymous_880)
FNDA:0,(anonymous_881)
FNDA:0,(anonymous_882)
FNDA:0,(anonymous_883)
FNDA:0,(anonymous_884)
FNDA:0,(anonymous_885)
FNDA:0,(anonymous_886)
FNDA:0,(anonymous_887)
FNDA:0,(anonymous_888)
FNDA:0,(anonymous_889)
FNDA:0,(anonymous_890)
FNDA:0,(anonymous_891)
FNDA:0,(anonymous_892)
FNDA:0,(anonymous_893)
FNDA:0,(anonymous_894)
FNDA:0,(anonymous_895)
FNDA:0,nn
FNDA:0,(anonymous_897)
FNDA:0,on
FNDA:0,(anonymous_899)
FNDA:0,cn
FNDA:0,sn
FNDA:0,an
FNDA:0,(anonymous_903)
FNDA:0,un
FNDA:0,(anonymous_905)
FNDA:0,ln
FNDA:0,fn
FNDA:0,pn
FNDA:0,(anonymous_909)
FNDA:0,(anonymous_910)
FNDA:0,(anonymous_911)
FNDA:0,jn
FNDA:0,En
FNDA:0,(anonymous_914)
FNDA:0,(anonymous_915)
FNDA:0,(anonymous_916)
FNDA:0,L
FNDA:0,(anonymous_918)
FNDA:0,(anonymous_919)
FNDA:0,(anonymous_920)
FNDA:0,(anonymous_921)
FNDA:0,Sn
FNDA:0,(anonymous_923)
FNDA:0,(anonymous_924)
FNDA:0,kn
FNDA:0,(anonymous_926)
FNDA:0,Cn
FNDA:0,(anonymous_928)
FNDA:0,(anonymous_929)
FNDA:0,An
FNDA:0,(anonymous_931)
FNDA:0,Pn
FNDA:0,(anonymous_933)
FNDA:0,Rn
FNDA:0,(anonymous_935)
FNDA:0,Ln
FNDA:0,Fn
FNDA:0,In
FNDA:0,Mn
FNDA:0,Nn
FNDA:0,Un
FNDA:0,Dn
FNDA:0,Bn
FNDA:0,qn
FNDA:0,$n
FNDA:0,(anonymous_946)
FNDA:0,Vn
FNDA:0,Gn
FNDA:0,zn
FNDA:0,Hn
FNDA:0,(anonymous_951)
FNDA:0,(anonymous_952)
FNDA:0,(anonymous_953)
FNDA:0,(anonymous_954)
FNDA:0,(anonymous_955)
FNDA:0,(anonymous_956)
FNDA:0,(anonymous_957)
FNDA:0,(anonymous_958)
FNDA:0,(anonymous_959)
FNDA:0,(anonymous_960)
FNDA:0,(anonymous_961)
FNDA:0,tr
FNDA:0,er
FNDA:0,nr
FNDA:0,or
FNDA:0,(anonymous_966)
FNDA:0,(anonymous_967)
FNDA:0,(anonymous_968)
FNDA:0,(anonymous_969)
FNDA:0,(anonymous_970)
FNDA:0,(anonymous_971)
FNDA:0,(anonymous_972)
FNDA:0,(anonymous_973)
FNDA:0,(anonymous_974)
FNDA:0,(anonymous_975)
FNDA:0,ir
FNDA:0,(anonymous_977)
FNDA:0,(anonymous_978)
FNDA:0,cr
FNDA:0,ar
FNDA:0,ur
FNDA:0,(anonymous_982)
FNDA:0,(anonymous_983)
FNDA:0,(anonymous_984)
FNDA:0,(anonymous_985)
FNDA:0,(anonymous_986)
FNDA:0,(anonymous_987)
FNDA:0,(anonymous_988)
FNDA:0,(anonymous_989)
FNDA:0,(anonymous_990)
FNDA:0,(anonymous_991)
FNDA:0,(anonymous_992)
FNDA:0,(anonymous_993)
FNDA:0,(anonymous_994)
FNDA:0,(anonymous_995)
FNDA:0,(anonymous_996)
FNDA:0,(anonymous_997)
FNDA:0,(anonymous_998)
FNDA:0,(anonymous_999)
FNDA:0,(anonymous_1000)
FNDA:0,(anonymous_1001)
FNDA:0,(anonymous_1002)
FNDA:0,(anonymous_1003)
FNDA:0,(anonymous_1004)
FNDA:0,(anonymous_1005)
FNDA:0,(anonymous_1006)
FNDA:0,(anonymous_1007)
FNDA:0,(anonymous_1008)
FNDA:0,(anonymous_1009)
FNDA:0,(anonymous_1010)
FNDA:0,(anonymous_1011)
FNDA:0,(anonymous_1012)
FNDA:0,(anonymous_1013)
FNDA:0,(anonymous_1014)
FNDA:0,(anonymous_1015)
FNDA:0,(anonymous_1016)
FNDA:0,(anonymous_1017)
FNDA:0,(anonymous_1018)
FNDA:0,(anonymous_1019)
FNDA:0,(anonymous_1020)
FNDA:0,(anonymous_1021)
FNDA:0,(anonymous_1022)
FNDA:0,(anonymous_1023)
FNDA:0,(anonymous_1024)
FNDA:0,(anonymous_1025)
FNDA:0,(anonymous_1026)
FNDA:0,(anonymous_1027)
FNDA:0,lr
FNDA:0,fr
FNDA:0,pr
FNDA:0,(anonymous_1031)
FNDA:0,vr
FNDA:0,mr
FNDA:0,gr
FNDA:0,Er
FNDA:0,Sr
FNDA:0,Cr
FNDA:0,Ar
FNDA:0,Pr
FNDA:0,Tr
FNDA:0,Rr
FNDA:0,Lr
FNDA:0,(anonymous_1043)
FNDA:0,(anonymous_1044)
FNDA:0,Nr
FNDA:0,Dr
FNDA:0,Br
FNDA:0,qr
FNDA:0,$r
FNDA:0,Vr
FNDA:0,Gr
FNDA:0,zr
FNDA:0,Hr
FNDA:0,Wr
FNDA:0,Jr
FNDA:0,Kr
FNDA:0,(anonymous_1057)
FNDA:0,Xr
FNDA:0,Qr
FNDA:0,(anonymous_1060)
FNDA:0,(anonymous_1061)
FNDA:0,(anonymous_1062)
FNDA:0,(anonymous_1063)
FNDA:0,(anonymous_1064)
FNDA:0,(anonymous_1065)
FNDA:0,(anonymous_1066)
FNDA:0,(anonymous_1067)
FNDA:0,(anonymous_1068)
FNDA:0,(anonymous_1069)
FNDA:0,(anonymous_1070)
FNDA:0,(anonymous_1071)
FNDA:0,(anonymous_1072)
FNDA:0,(anonymous_1073)
FNDA:0,(anonymous_1074)
FNDA:0,(anonymous_1075)
FNDA:0,(anonymous_1076)
FNDA:0,(anonymous_1077)
FNDA:0,(anonymous_1078)
FNDA:0,(anonymous_1079)
FNDA:0,(anonymous_1080)
FNDA:0,ro
FNDA:0,(anonymous_1082)
FNDA:0,(anonymous_1083)
FNDA:0,(anonymous_1084)
FNDA:0,ao
FNDA:0,po
FNDA:0,ho
FNDA:0,(anonymous_1088)
FNDA:0,(anonymous_1089)
FNDA:0,vo
FNDA:0,bo
FNDA:0,mo
FNDA:0,(anonymous_1093)
FNDA:0,go
FNDA:0,(anonymous_1095)
FNDA:0,(anonymous_1096)
FNDA:0,yo
FNDA:0,(anonymous_1098)
FNDA:0,Oo
FNDA:0,wo
FNDA:0,(anonymous_1101)
FNDA:0,jo
FNDA:0,(anonymous_1103)
FNDA:0,(anonymous_1104)
FNDA:0,(anonymous_1105)
FNDA:0,(anonymous_1106)
FNDA:0,(anonymous_1107)
FNDA:0,(anonymous_1108)
FNDA:0,(anonymous_1109)
FNDA:0,(anonymous_1110)
FNDA:0,(anonymous_1111)
FNDA:0,(anonymous_1112)
FNDA:0,(anonymous_1113)
FNDA:0,(anonymous_1114)
FNDA:0,(anonymous_1115)
FNDA:0,Ao
FNDA:0,Po
FNDA:0,Ro
FNDA:0,(anonymous_1119)
FNDA:0,Io
FNDA:0,No
FNDA:0,Uo
FNDA:0,(anonymous_1123)
FNDA:0,(anonymous_1124)
FNDA:0,(anonymous_1125)
FNDA:0,zo
FNDA:0,Ho
FNDA:0,Wo
FNDA:0,Ko
FNDA:0,Xo
FNDA:0,(anonymous_1131)
FNDA:0,Qo
FNDA:0,(anonymous_1133)
FNDA:0,(anonymous_1134)
FNDA:0,(anonymous_1135)
FNDA:0,(anonymous_1136)
FNDA:0,ti
FNDA:0,(anonymous_1138)
FNDA:0,(anonymous_1139)
FNDA:0,(anonymous_1140)
FNDA:0,(anonymous_1141)
FNDA:0,(anonymous_1142)
FNDA:0,si
FNDA:0,(anonymous_1144)
FNDA:0,(anonymous_1145)
FNDA:0,(anonymous_1146)
FNDA:0,(anonymous_1147)
FNDA:0,(anonymous_1148)
FNDA:0,(anonymous_1149)
FNDA:0,(anonymous_1150)
FNDA:0,(anonymous_1151)
FNDA:0,(anonymous_1152)
FNDA:0,(anonymous_1153)
FNDA:0,(anonymous_1154)
FNDA:0,(anonymous_1155)
FNDA:0,(anonymous_1156)
FNDA:0,(anonymous_1157)
FNDA:0,ai
FNDA:0,ui
FNDA:0,li
FNDA:0,(anonymous_1161)
FNDA:0,fi
FNDA:0,(anonymous_1163)
FNDA:0,pi
FNDA:0,(anonymous_1165)
FNDA:0,hi
FNDA:0,(anonymous_1167)
FNDA:0,(anonymous_1168)
FNDA:0,(anonymous_1169)
FNDA:0,(anonymous_1170)
FNDA:0,vi
FNDA:0,(anonymous_1172)
FNDA:0,bi
FNDA:0,(anonymous_1174)
FNDA:0,mi
FNDA:0,gi
FNDA:0,(anonymous_1177)
FNDA:0,(anonymous_1178)
FNDA:0,Oi
FNDA:0,wi
FNDA:0,xi
FNDA:0,(anonymous_1182)
FNDA:0,(anonymous_1183)
FNDA:0,(anonymous_1184)
FNDA:0,(anonymous_1185)
FNDA:0,(anonymous_1186)
FNDA:0,(anonymous_1187)
FNDA:0,(anonymous_1188)
FNDA:0,(anonymous_1189)
FNDA:0,(anonymous_1190)
FNDA:0,(anonymous_1191)
FNDA:0,(anonymous_1192)
FNDA:0,(anonymous_1193)
FNDA:0,(anonymous_1194)
FNDA:0,(anonymous_1195)
FNDA:0,(anonymous_1196)
FNDA:0,(anonymous_1197)
FNDA:0,(anonymous_1198)
FNDA:0,(anonymous_1199)
FNDA:0,(anonymous_1200)
FNDA:0,Ai
FNDA:0,(anonymous_1202)
FNDA:0,(anonymous_1203)
FNDA:0,Ti
FNDA:0,(anonymous_1205)
FNDA:0,r
FNDA:0,(anonymous_1207)
FNDA:0,(anonymous_1208)
FNDA:0,(anonymous_1209)
FNDA:0,(anonymous_1210)
FNDA:0,(anonymous_1211)
FNDA:0,(anonymous_1212)
FNDA:0,(anonymous_1213)
FNDA:0,(anonymous_1214)
FNDA:0,(anonymous_1215)
FNDA:0,(anonymous_1216)
FNDA:0,(anonymous_1217)
FNDA:0,(anonymous_1218)
FNDA:0,(anonymous_1219)
FNDA:0,(anonymous_1220)
FNDA:0,(anonymous_1221)
FNDA:0,(anonymous_1222)
FNDA:0,(anonymous_1223)
FNDA:0,(anonymous_1224)
FNDA:0,(anonymous_1225)
FNDA:0,(anonymous_1226)
FNDA:0,(anonymous_1227)
FNDA:0,(anonymous_1228)
FNDA:0,(anonymous_1229)
FNDA:0,(anonymous_1230)
FNDA:0,(anonymous_1231)
FNDA:0,(anonymous_1232)
FNDA:0,(anonymous_1233)
FNDA:0,(anonymous_1234)
FNDA:0,(anonymous_1235)
FNDA:0,(anonymous_1236)
FNDA:0,(anonymous_1237)
FNDA:0,(anonymous_1238)
FNDA:0,(anonymous_1239)
FNDA:0,(anonymous_1240)
FNDA:0,(anonymous_1241)
FNDA:0,(anonymous_1242)
FNDA:0,(anonymous_1243)
FNDA:0,(anonymous_1244)
FNDA:0,(anonymous_1245)
FNDA:0,(anonymous_1246)
FNDA:0,(anonymous_1247)
FNDA:0,c
FNDA:0,(anonymous_1249)
FNDA:0,o
FNDA:0,(anonymous_1251)
FNDA:0,(anonymous_1252)
FNDA:0,(anonymous_1253)
FNDA:0,(anonymous_1254)
FNDA:0,(anonymous_1255)
FNDA:0,(anonymous_1256)
FNDA:0,(anonymous_1257)
FNDA:0,(anonymous_1258)
FNDA:0,o
FNDA:0,(anonymous_1260)
FNDA:0,(anonymous_1261)
FNDA:0,(anonymous_1262)
FNDA:0,(anonymous_1263)
FNDA:0,(anonymous_1264)
FNDA:0,(anonymous_1265)
FNDA:0,(anonymous_1266)
FNDA:0,(anonymous_1267)
FNDA:0,(anonymous_1268)
FNDA:0,(anonymous_1269)
FNDA:0,(anonymous_1270)
FNDA:0,(anonymous_1271)
FNDA:0,(anonymous_1272)
FNDA:0,(anonymous_1273)
FNDA:0,(anonymous_1274)
FNDA:0,(anonymous_1275)
FNDA:0,(anonymous_1276)
FNDA:0,(anonymous_1277)
FNDA:0,(anonymous_1278)
FNDA:0,(anonymous_1279)
FNDA:0,(anonymous_1280)
FNDA:0,(anonymous_1281)
FNDA:0,(anonymous_1282)
FNDA:0,(anonymous_1283)
FNDA:0,(anonymous_1284)
FNDA:0,a
FNDA:0,(anonymous_1286)
FNDA:0,u
FNDA:0,l
FNDA:0,b
FNDA:0,m
FNDA:0,g
FNDA:0,(anonymous_1292)
FNDA:0,j
FNDA:0,(anonymous_1294)
FNDA:0,(anonymous_1295)
FNDA:0,_
FNDA:0,n
FNDA:0,(anonymous_1298)
FNDA:0,(anonymous_1299)
FNDA:0,(anonymous_1300)
FNDA:0,(anonymous_1301)
FNDA:0,i
FNDA:0,i
FNDA:0,(anonymous_1304)
FNDA:0,E
FNDA:0,(anonymous_1306)
FNDA:0,S
FNDA:0,k
FNDA:0,C
FNDA:0,A
FNDA:0,P
FNDA:0,n
FNDA:0,T
FNDA:0,(anonymous_1314)
FNDA:0,(anonymous_1315)
FNDA:0,(anonymous_1316)
FNDA:0,(anonymous_1317)
FNDA:0,(anonymous_1318)
FNDA:0,(anonymous_1319)
FNDA:0,(anonymous_1320)
FNDA:0,(anonymous_1321)
FNDA:0,(anonymous_1322)
FNDA:0,n
FNDA:0,(anonymous_1324)
FNDA:0,(anonymous_1325)
FNDA:0,(anonymous_1326)
FNDA:0,o
FNDA:0,(anonymous_1328)
FNDA:0,(anonymous_1329)
FNDA:0,(anonymous_1330)
FNDA:0,(anonymous_1331)
FNDA:0,(anonymous_1332)
FNDA:0,(anonymous_1333)
FNDA:0,(anonymous_1334)
FNDA:0,(anonymous_1335)
FNDA:0,(anonymous_1336)
FNDA:0,(anonymous_1337)
FNDA:0,(anonymous_1338)
FNDA:0,(anonymous_1339)
FNDA:0,(anonymous_1340)
FNDA:0,(anonymous_1341)
FNDA:0,(anonymous_1342)
FNDA:0,(anonymous_1343)
FNDA:0,(anonymous_1344)
FNDA:0,(anonymous_1345)
FNDA:0,(anonymous_1346)
FNDA:0,r
FNDA:0,(anonymous_1348)
FNDA:0,(anonymous_1349)
FNDA:0,(anonymous_1350)
FNDA:0,(anonymous_1351)
FNDA:0,(anonymous_1352)
FNDA:0,(anonymous_1353)
FNDA:0,(anonymous_1354)
FNDA:0,(anonymous_1355)
FNDA:0,(anonymous_1356)
FNDA:0,(anonymous_1357)
FNDA:0,(anonymous_1358)
FNDA:0,(anonymous_1359)
FNDA:0,(anonymous_1360)
FNDA:0,(anonymous_1361)
FNDA:0,(anonymous_1362)
FNDA:0,(anonymous_1363)
FNDA:0,(anonymous_1364)
FNDA:0,(anonymous_1365)
FNDA:0,(anonymous_1366)
FNDA:0,(anonymous_1367)
FNDA:0,(anonymous_1368)
FNDA:0,(anonymous_1369)
FNDA:0,(anonymous_1370)
FNDA:0,(anonymous_1371)
FNDA:0,(anonymous_1372)
FNDA:0,(anonymous_1373)
FNDA:0,(anonymous_1374)
FNDA:0,(anonymous_1375)
FNDA:0,(anonymous_1376)
FNDA:0,(anonymous_1377)
FNDA:0,(anonymous_1378)
FNDA:0,(anonymous_1379)
FNDA:0,(anonymous_1380)
FNDA:0,(anonymous_1381)
FNDA:0,(anonymous_1382)
FNDA:0,(anonymous_1383)
FNDA:0,(anonymous_1384)
FNDA:0,(anonymous_1385)
FNDA:0,(anonymous_1386)
FNDA:0,(anonymous_1387)
FNDA:0,(anonymous_1388)
FNDA:0,(anonymous_1389)
FNDA:0,(anonymous_1390)
FNDA:0,(anonymous_1391)
FNDA:0,a
FNDA:0,u
FNDA:0,p
FNDA:0,(anonymous_1395)
FNDA:0,d
FNDA:0,g
FNDA:0,y
FNDA:0,O
FNDA:0,(anonymous_1400)
FNDA:0,(anonymous_1401)
FNDA:0,(anonymous_1402)
FNDA:0,(anonymous_1403)
FNDA:0,(anonymous_1404)
FNDA:0,(anonymous_1405)
FNDA:0,(anonymous_1406)
FNDA:0,(anonymous_1407)
FNDA:0,(anonymous_1408)
FNDA:0,(anonymous_1409)
FNDA:0,(anonymous_1410)
FNDA:0,(anonymous_1411)
FNDA:0,(anonymous_1412)
FNDA:0,(anonymous_1413)
FNDA:0,(anonymous_1414)
FNDA:0,(anonymous_1415)
FNDA:0,(anonymous_1416)
FNDA:0,(anonymous_1417)
FNDA:0,(anonymous_1418)
FNDA:0,(anonymous_1419)
FNDA:0,(anonymous_1420)
FNDA:0,(anonymous_1421)
FNDA:0,(anonymous_1422)
FNDA:0,(anonymous_1423)
FNDA:0,(anonymous_1424)
FNDA:0,(anonymous_1425)
FNDA:0,(anonymous_1426)
FNDA:0,(anonymous_1427)
FNDA:0,(anonymous_1428)
FNDA:0,(anonymous_1429)
FNDA:0,(anonymous_1430)
FNDA:0,(anonymous_1431)
FNDA:0,(anonymous_1432)
FNDA:0,(anonymous_1433)
FNDA:0,(anonymous_1434)
FNDA:0,(anonymous_1435)
FNDA:0,(anonymous_1436)
FNDA:0,(anonymous_1437)
FNDA:0,(anonymous_1438)
FNDA:0,(anonymous_1439)
FNDA:0,(anonymous_1440)
FNDA:0,(anonymous_1441)
FNDA:0,(anonymous_1442)
FNDA:0,(anonymous_1443)
FNDA:0,(anonymous_1444)
FNDA:0,(anonymous_1445)
FNDA:0,(anonymous_1446)
FNDA:0,(anonymous_1447)
FNDA:0,(anonymous_1448)
FNDA:0,(anonymous_1449)
FNDA:0,(anonymous_1450)
FNDA:0,(anonymous_1451)
FNDA:0,(anonymous_1452)
FNDA:0,(anonymous_1453)
FNDA:0,(anonymous_1454)
FNDA:0,(anonymous_1455)
FNDA:0,(anonymous_1456)
FNDA:0,(anonymous_1457)
FNDA:0,(anonymous_1458)
FNDA:0,(anonymous_1459)
FNDA:0,(anonymous_1460)
FNDA:0,(anonymous_1461)
FNDA:0,(anonymous_1462)
FNDA:0,(anonymous_1463)
FNDA:0,(anonymous_1464)
FNDA:0,(anonymous_1465)
FNDA:0,(anonymous_1466)
FNDA:0,(anonymous_1467)
FNDA:0,(anonymous_1468)
FNDA:0,(anonymous_1469)
FNDA:0,(anonymous_1470)
FNDA:0,(anonymous_1471)
FNDA:0,(anonymous_1472)
FNDA:0,(anonymous_1473)
FNDA:0,(anonymous_1474)
FNDA:0,(anonymous_1475)
FNDA:0,(anonymous_1476)
FNDA:0,(anonymous_1477)
FNDA:0,(anonymous_1478)
FNDA:0,(anonymous_1479)
FNDA:0,(anonymous_1480)
FNDA:0,(anonymous_1481)
FNDA:0,(anonymous_1482)
FNDA:0,(anonymous_1483)
FNDA:0,r
FNDA:0,o
FNDA:0,(anonymous_1486)
FNDA:0,(anonymous_1487)
FNDA:0,(anonymous_1488)
FNDA:0,(anonymous_1489)
FNDA:0,(anonymous_1490)
FNDA:0,(anonymous_1491)
FNDA:0,(anonymous_1492)
FNDA:0,(anonymous_1493)
FNDA:0,(anonymous_1494)
FNDA:0,(anonymous_1495)
FNDA:0,(anonymous_1496)
FNDA:0,(anonymous_1497)
FNDA:0,(anonymous_1498)
FNDA:0,(anonymous_1499)
FNDA:0,(anonymous_1500)
FNDA:0,(anonymous_1501)
FNDA:0,(anonymous_1502)
FNDA:0,(anonymous_1503)
FNDA:0,(anonymous_1504)
FNDA:0,m
FNDA:0,x
FNDA:0,(anonymous_1507)
FNDA:0,(anonymous_1508)
FNDA:0,(anonymous_1509)
FNDA:0,(anonymous_1510)
FNDA:0,(anonymous_1511)
FNDA:0,(anonymous_1512)
FNDA:0,(anonymous_1513)
FNDA:0,(anonymous_1514)
FNDA:0,(anonymous_1515)
FNDA:0,(anonymous_1516)
FNDA:0,(anonymous_1517)
FNDA:0,(anonymous_1518)
FNDA:0,(anonymous_1519)
FNDA:0,(anonymous_1520)
FNDA:0,(anonymous_1521)
FNDA:0,(anonymous_1522)
FNDA:0,(anonymous_1523)
FNDA:0,(anonymous_1524)
FNDA:0,(anonymous_1525)
FNDA:0,(anonymous_1526)
FNDA:0,(anonymous_1527)
FNDA:0,(anonymous_1528)
FNDA:0,(anonymous_1529)
FNDA:0,(anonymous_1530)
FNDA:0,(anonymous_1531)
FNDA:0,(anonymous_1532)
FNDA:0,(anonymous_1533)
FNDA:0,(anonymous_1534)
FNDA:0,(anonymous_1535)
FNDA:0,(anonymous_1536)
FNDA:0,(anonymous_1537)
FNDA:0,(anonymous_1538)
FNDA:0,(anonymous_1539)
FNDA:0,(anonymous_1540)
FNDA:0,i
FNDA:0,c
FNDA:0,s
FNDA:0,a
FNDA:0,u
FNDA:0,l
FNDA:0,f
FNDA:0,p
FNDA:0,d
FNDA:0,h
FNDA:0,v
FNDA:0,b
FNDA:0,m
FNDA:0,g
FNDA:0,y
FNDA:0,O
FNDA:0,w
FNDA:0,x
FNDA:0,j
FNDA:0,_
FNDA:0,e
FNDA:0,E
FNDA:0,(anonymous_1563)
FNDA:0,S
FNDA:0,(anonymous_1565)
FNDA:0,(anonymous_1566)
FNDA:0,(anonymous_1567)
FNDA:0,(anonymous_1568)
FNDA:0,(anonymous_1569)
FNDA:0,(anonymous_1570)
FNDA:0,(anonymous_1571)
FNDA:0,(anonymous_1572)
FNDA:0,(anonymous_1573)
FNDA:0,(anonymous_1574)
FNDA:0,(anonymous_1575)
FNDA:0,(anonymous_1576)
FNDA:0,(anonymous_1577)
FNDA:0,(anonymous_1578)
FNDA:0,(anonymous_1579)
FNDA:0,(anonymous_1580)
FNDA:0,(anonymous_1581)
FNDA:0,(anonymous_1582)
FNDA:0,(anonymous_1583)
FNDA:0,(anonymous_1584)
FNDA:0,a
FNDA:0,(anonymous_1586)
FNDA:0,(anonymous_1587)
FNDA:0,(anonymous_1588)
FNDA:0,(anonymous_1589)
FNDA:0,(anonymous_1590)
FNDA:0,(anonymous_1591)
FNDA:0,(anonymous_1592)
FNDA:0,(anonymous_1593)
FNDA:0,(anonymous_1594)
FNDA:0,(anonymous_1595)
FNDA:0,(anonymous_1596)
FNDA:0,(anonymous_1597)
FNDA:0,(anonymous_1598)
FNDA:0,(anonymous_1599)
FNDA:0,(anonymous_1600)
FNDA:0,(anonymous_1601)
FNDA:0,(anonymous_1602)
FNDA:0,(anonymous_1603)
FNDA:0,(anonymous_1604)
FNDA:0,(anonymous_1605)
FNDA:0,(anonymous_1606)
FNDA:0,(anonymous_1607)
FNDA:0,(anonymous_1608)
FNDA:0,(anonymous_1609)
FNDA:0,(anonymous_1610)
FNDA:0,(anonymous_1611)
FNDA:0,(anonymous_1612)
FNDA:0,(anonymous_1613)
FNDA:0,(anonymous_1614)
FNDA:0,(anonymous_1615)
FNDA:0,(anonymous_1616)
FNDA:0,(anonymous_1617)
FNDA:0,(anonymous_1618)
FNDA:0,(anonymous_1619)
FNDA:0,(anonymous_1620)
FNDA:0,(anonymous_1621)
FNDA:0,(anonymous_1622)
FNDA:0,(anonymous_1623)
FNDA:0,(anonymous_1624)
FNDA:0,(anonymous_1625)
FNDA:0,(anonymous_1626)
FNDA:0,(anonymous_1627)
FNDA:0,(anonymous_1628)
FNDA:0,(anonymous_1629)
FNDA:0,(anonymous_1630)
FNDA:0,(anonymous_1631)
FNDA:0,n
FNDA:0,r
FNDA:0,o
FNDA:0,(anonymous_1635)
FNDA:0,(anonymous_1636)
FNDA:0,(anonymous_1637)
FNDA:0,(anonymous_1638)
FNDA:0,(anonymous_1639)
FNDA:0,(anonymous_1640)
FNDA:0,(anonymous_1641)
FNDA:0,(anonymous_1642)
FNDA:0,r
FNDA:0,(anonymous_1644)
FNDA:0,(anonymous_1645)
FNDA:0,(anonymous_1646)
FNDA:0,(anonymous_1647)
FNDA:0,(anonymous_1648)
FNDA:0,(anonymous_1649)
FNDA:0,(anonymous_1650)
FNDA:0,(anonymous_1651)
FNDA:0,(anonymous_1652)
FNDA:0,(anonymous_1653)
FNDA:0,(anonymous_1654)
FNDA:0,(anonymous_1655)
FNDA:0,t
FNDA:0,(anonymous_1657)
FNDA:0,(anonymous_1658)
FNDA:0,(anonymous_1659)
FNDA:0,(anonymous_1660)
FNDA:0,(anonymous_1661)
FNDA:0,(anonymous_1662)
FNDA:0,(anonymous_1663)
FNDA:0,(anonymous_1664)
FNDA:0,(anonymous_1665)
FNDA:0,(anonymous_1666)
FNDA:0,(anonymous_1667)
FNDA:0,(anonymous_1668)
FNDA:0,(anonymous_1669)
FNDA:0,(anonymous_1670)
FNDA:0,(anonymous_1671)
FNDA:0,(anonymous_1672)
FNDA:0,(anonymous_1673)
FNDA:0,(anonymous_1674)
FNDA:0,(anonymous_1675)
FNDA:0,(anonymous_1676)
FNDA:0,(anonymous_1677)
FNDA:0,(anonymous_1678)
FNDA:0,(anonymous_1679)
FNDA:0,(anonymous_1680)
FNDA:0,(anonymous_1681)
FNDA:0,(anonymous_1682)
FNDA:0,(anonymous_1683)
FNDA:0,(anonymous_1684)
FNDA:0,(anonymous_1685)
FNDA:0,(anonymous_1686)
FNDA:0,(anonymous_1687)
FNDA:0,(anonymous_1688)
FNDA:0,(anonymous_1689)
FNDA:0,(anonymous_1690)
FNDA:0,(anonymous_1691)
FNDA:0,(anonymous_1692)
FNDA:0,(anonymous_1693)
FNDA:0,(anonymous_1694)
FNDA:0,(anonymous_1695)
FNDA:0,(anonymous_1696)
FNDA:0,(anonymous_1697)
FNDA:0,(anonymous_1698)
FNDA:0,(anonymous_1699)
FNDA:0,(anonymous_1700)
FNDA:0,(anonymous_1701)
FNDA:0,(anonymous_1702)
FNDA:0,(anonymous_1703)
FNDA:0,(anonymous_1704)
FNDA:0,(anonymous_1705)
FNDA:0,(anonymous_1706)
FNDA:0,(anonymous_1707)
FNDA:0,(anonymous_1708)
FNDA:0,(anonymous_1709)
FNDA:0,(anonymous_1710)
FNDA:0,(anonymous_1711)
FNDA:0,(anonymous_1712)
FNDA:0,(anonymous_1713)
FNDA:0,(anonymous_1714)
FNDA:0,(anonymous_1715)
FNDA:0,(anonymous_1716)
FNDA:0,(anonymous_1717)
FNDA:0,(anonymous_1718)
FNDA:0,(anonymous_1719)
FNDA:0,(anonymous_1720)
FNDA:0,(anonymous_1721)
FNDA:0,(anonymous_1722)
FNDA:0,(anonymous_1723)
FNDA:0,(anonymous_1724)
FNDA:0,(anonymous_1725)
FNDA:0,(anonymous_1726)
FNDA:0,(anonymous_1727)
FNDA:0,(anonymous_1728)
FNDA:0,(anonymous_1729)
FNDA:0,(anonymous_1730)
FNDA:0,(anonymous_1731)
FNDA:0,(anonymous_1732)
FNDA:0,(anonymous_1733)
FNDA:0,(anonymous_1734)
FNDA:0,(anonymous_1735)
FNDA:0,(anonymous_1736)
FNDA:0,o
FNDA:0,(anonymous_1738)
FNDA:0,(anonymous_1739)
FNDA:0,(anonymous_1740)
FNDA:0,(anonymous_1741)
FNDA:0,(anonymous_1742)
FNDA:0,(anonymous_1743)
FNDA:0,(anonymous_1744)
FNDA:0,(anonymous_1745)
FNDA:0,(anonymous_1746)
FNDA:0,(anonymous_1747)
FNDA:0,(anonymous_1748)
FNDA:0,(anonymous_1749)
FNDA:0,(anonymous_1750)
DA:1,0
DA:7,0
LF:2
LH:0
BRDA:1,0,0,0
BRDA:1,0,1,0
BRDA:1,1,0,0
BRDA:1,1,1,0
BRDA:1,2,0,0
BRDA:1,2,1,0
BRDA:1,3,0,0
BRDA:1,3,1,0
BRDA:1,4,0,0
BRDA:1,4,1,0
BRDA:1,5,0,0
BRDA:1,5,1,0
BRDA:1,6,0,0
BRDA:1,6,1,0
BRDA:1,7,0,0
BRDA:1,7,1,0
BRDA:1,7,2,0
BRDA:1,8,0,0
BRDA:1,8,1,0
BRDA:1,9,0,0
BRDA:1,9,1,0
BRDA:1,10,0,0
BRDA:1,10,1,0
BRDA:1,11,0,0
BRDA:1,11,1,0
BRDA:1,12,0,0
BRDA:1,12,1,0
BRDA:1,13,0,0
BRDA:1,13,1,0
BRDA:1,14,0,0
BRDA:1,14,1,0
BRDA:1,15,0,0
BRDA:1,15,1,0
BRDA:1,16,0,0
BRDA:1,16,1,0
BRDA:1,17,0,0
BRDA:1,17,1,0
BRDA:1,18,0,0
BRDA:1,18,1,0
BRDA:1,19,0,0
BRDA:1,19,1,0
BRDA:1,19,2,0
BRDA:1,20,0,0
BRDA:1,20,1,0
BRDA:1,21,0,0
BRDA:1,21,1,0
BRDA:1,22,0,0
BRDA:1,22,1,0
BRDA:1,23,0,0
BRDA:1,23,1,0
BRDA:1,24,0,0
BRDA:1,24,1,0
BRDA:1,25,0,0
BRDA:1,25,1,0
BRDA:1,26,0,0
BRDA:1,26,1,0
BRDA:1,27,0,0
BRDA:1,27,1,0
BRDA:1,27,2,0
BRDA:1,28,0,0
BRDA:1,28,1,0
BRDA:1,29,0,0
BRDA:1,29,1,0
BRDA:1,30,0,0
BRDA:1,30,1,0
BRDA:1,31,0,0
BRDA:1,31,1,0
BRDA:1,32,0,0
BRDA:1,32,1,0
BRDA:1,33,0,0
BRDA:1,33,1,0
BRDA:1,33,2,0
BRDA:1,34,0,0
BRDA:1,34,1,0
BRDA:1,35,0,0
BRDA:1,35,1,0
BRDA:1,35,2,0
BRDA:1,35,3,0
BRDA:1,35,4,0
BRDA:1,35,5,0
BRDA:1,36,0,0
BRDA:1,36,1,0
BRDA:1,37,0,0
BRDA:1,37,1,0
BRDA:1,38,0,0
BRDA:1,38,1,0
BRDA:1,39,0,0
BRDA:1,39,1,0
BRDA:1,40,0,0
BRDA:1,40,1,0
BRDA:1,41,0,0
BRDA:1,41,1,0
BRDA:1,42,0,0
BRDA:1,42,1,0
BRDA:1,43,0,0
BRDA:1,43,1,0
BRDA:1,44,0,0
BRDA:1,44,1,0
BRDA:1,45,0,0
BRDA:1,45,1,0
BRDA:1,46,0,0
BRDA:1,46,1,0
BRDA:1,46,2,0
BRDA:1,47,0,0
BRDA:1,47,1,0
BRDA:1,48,0,0
BRDA:1,48,1,0
BRDA:1,49,0,0
BRDA:1,49,1,0
BRDA:1,49,2,0
BRDA:1,50,0,0
BRDA:1,50,1,0
BRDA:1,51,0,0
BRDA:1,51,1,0
BRDA:1,52,0,0
BRDA:1,52,1,0
BRDA:1,53,0,0
BRDA:1,53,1,0
BRDA:1,54,0,0
BRDA:1,54,1,0
BRDA:1,55,0,0
BRDA:1,55,1,0
BRDA:1,56,0,0
BRDA:1,56,1,0
BRDA:1,57,0,0
BRDA:1,57,1,0
BRDA:1,58,0,0
BRDA:1,58,1,0
BRDA:1,59,0,0
BRDA:1,59,1,0
BRDA:1,60,0,0
BRDA:1,60,1,0
BRDA:1,61,0,0
BRDA:1,61,1,0
BRDA:1,62,0,0
BRDA:1,62,1,0
BRDA:1,63,0,0
BRDA:1,63,1,0
BRDA:1,64,0,0
BRDA:1,64,1,0
BRDA:1,65,0,0
BRDA:1,65,1,0
BRDA:1,66,0,0
BRDA:1,66,1,0
BRDA:1,67,0,0
BRDA:1,67,1,0
BRDA:1,68,0,0
BRDA:1,68,1,0
BRDA:1,69,0,0
BRDA:1,69,1,0
BRDA:1,70,0,0
BRDA:1,70,1,0
BRDA:1,71,0,0
BRDA:1,71,1,0
BRDA:1,72,0,0
BRDA:1,72,1,0
BRDA:1,73,0,0
BRDA:1,73,1,0
BRDA:1,74,0,0
BRDA:1,74,1,0
BRDA:1,75,0,0
BRDA:1,75,1,0
BRDA:1,76,0,0
BRDA:1,76,1,0
BRDA:1,77,0,0
BRDA:1,77,1,0
BRDA:1,78,0,0
BRDA:1,78,1,0
BRDA:1,79,0,0
BRDA:1,79,1,0
BRDA:1,80,0,0
BRDA:1,80,1,0
BRDA:1,81,0,0
BRDA:1,81,1,0
BRDA:1,82,0,0
BRDA:1,82,1,0
BRDA:1,83,0,0
BRDA:1,83,1,0
BRDA:1,84,0,0
BRDA:1,84,1,0
BRDA:1,85,0,0
BRDA:1,85,1,0
BRDA:1,86,0,0
BRDA:1,86,1,0
BRDA:1,87,0,0
BRDA:1,87,1,0
BRDA:1,88,0,0
BRDA:1,88,1,0
BRDA:1,89,0,0
BRDA:1,89,1,0
BRDA:1,90,0,0
BRDA:1,90,1,0
BRDA:1,91,0,0
BRDA:1,91,1,0
BRDA:1,92,0,0
BRDA:1,92,1,0
BRDA:1,93,0,0
BRDA:1,93,1,0
BRDA:1,94,0,0
BRDA:1,94,1,0
BRDA:1,95,0,0
BRDA:1,95,1,0
BRDA:1,96,0,0
BRDA:1,96,1,0
BRDA:1,97,0,0
BRDA:1,97,1,0
BRDA:1,98,0,0
BRDA:1,98,1,0
BRDA:1,99,0,0
BRDA:1,99,1,0
BRDA:1,100,0,0
BRDA:1,100,1,0
BRDA:1,101,0,0
BRDA:1,101,1,0
BRDA:1,102,0,0
BRDA:1,102,1,0
BRDA:1,103,0,0
BRDA:1,103,1,0
BRDA:1,103,2,0
BRDA:1,104,0,0
BRDA:1,104,1,0
BRDA:1,105,0,0
BRDA:1,105,1,0
BRDA:1,106,0,0
BRDA:1,106,1,0
BRDA:1,107,0,0
BRDA:1,107,1,0
BRDA:1,108,0,0
BRDA:1,108,1,0
BRDA:1,109,0,0
BRDA:1,109,1,0
BRDA:1,110,0,0
BRDA:1,110,1,0
BRDA:1,111,0,0
BRDA:1,111,1,0
BRDA:1,112,0,0
BRDA:1,112,1,0
BRDA:1,113,0,0
BRDA:1,113,1,0
BRDA:1,114,0,0
BRDA:1,114,1,0
BRDA:1,115,0,0
BRDA:1,115,1,0
BRDA:1,116,0,0
BRDA:1,116,1,0
BRDA:1,117,0,0
BRDA:1,117,1,0
BRDA:1,117,2,0
BRDA:1,117,3,0
BRDA:1,118,0,0
BRDA:1,118,1,0
BRDA:1,119,0,0
BRDA:1,119,1,0
BRDA:1,119,2,0
BRDA:1,120,0,0
BRDA:1,120,1,0
BRDA:1,120,2,0
BRDA:1,120,3,0
BRDA:1,121,0,0
BRDA:1,121,1,0
BRDA:1,122,0,0
BRDA:1,122,1,0
BRDA:1,123,0,0
BRDA:1,123,1,0
BRDA:1,124,0,0
BRDA:1,124,1,0
BRDA:1,125,0,0
BRDA:1,125,1,0
BRDA:1,126,0,0
BRDA:1,126,1,0
BRDA:1,126,2,0
BRDA:1,126,3,0
BRDA:1,126,4,0
BRDA:1,126,5,0
BRDA:1,127,0,0
BRDA:1,127,1,0
BRDA:1,128,0,0
BRDA:1,128,1,0
BRDA:1,129,0,0
BRDA:1,129,1,0
BRDA:1,130,0,0
BRDA:1,130,1,0
BRDA:1,130,2,0
BRDA:1,131,0,0
BRDA:1,131,1,0
BRDA:1,132,0,0
BRDA:1,132,1,0
BRDA:1,133,0,0
BRDA:1,133,1,0
BRDA:1,134,0,0
BRDA:1,134,1,0
BRDA:1,135,0,0
BRDA:1,135,1,0
BRDA:1,136,0,0
BRDA:1,136,1,0
BRDA:1,136,2,0
BRDA:1,136,3,0
BRDA:1,137,0,0
BRDA:1,137,1,0
BRDA:1,138,0,0
BRDA:1,138,1,0
BRDA:1,139,0,0
BRDA:1,139,1,0
BRDA:1,140,0,0
BRDA:1,140,1,0
BRDA:1,140,2,0
BRDA:1,140,3,0
BRDA:1,141,0,0
BRDA:1,141,1,0
BRDA:1,142,0,0
BRDA:1,142,1,0
BRDA:1,143,0,0
BRDA:1,143,1,0
BRDA:1,144,0,0
BRDA:1,144,1,0
BRDA:1,145,0,0
BRDA:1,145,1,0
BRDA:1,145,2,0
BRDA:1,146,0,0
BRDA:1,146,1,0
BRDA:1,147,0,0
BRDA:1,147,1,0
BRDA:1,148,0,0
BRDA:1,148,1,0
BRDA:1,148,2,0
BRDA:1,149,0,0
BRDA:1,149,1,0
BRDA:1,150,0,0
BRDA:1,150,1,0
BRDA:1,151,0,0
BRDA:1,151,1,0
BRDA:1,152,0,0
BRDA:1,152,1,0
BRDA:1,153,0,0
BRDA:1,153,1,0
BRDA:1,154,0,0
BRDA:1,154,1,0
BRDA:1,155,0,0
BRDA:1,155,1,0
BRDA:1,156,0,0
BRDA:1,156,1,0
BRDA:1,156,2,0
BRDA:1,156,3,0
BRDA:1,156,4,0
BRDA:1,156,5,0
BRDA:1,157,0,0
BRDA:1,157,1,0
BRDA:1,158,0,0
BRDA:1,158,1,0
BRDA:1,158,2,0
BRDA:1,158,3,0
BRDA:1,159,0,0
BRDA:1,159,1,0
BRDA:1,160,0,0
BRDA:1,160,1,0
BRDA:1,161,0,0
BRDA:1,161,1,0
BRDA:1,162,0,0
BRDA:1,162,1,0
BRDA:1,163,0,0
BRDA:1,163,1,0
BRDA:1,163,2,0
BRDA:1,164,0,0
BRDA:1,164,1,0
BRDA:1,164,2,0
BRDA:1,165,0,0
BRDA:1,165,1,0
BRDA:1,166,0,0
BRDA:1,166,1,0
BRDA:1,167,0,0
BRDA:1,167,1,0
BRDA:1,168,0,0
BRDA:1,168,1,0
BRDA:1,169,0,0
BRDA:1,169,1,0
BRDA:1,170,0,0
BRDA:1,170,1,0
BRDA:1,170,2,0
BRDA:1,171,0,0
BRDA:1,171,1,0
BRDA:1,172,0,0
BRDA:1,172,1,0
BRDA:1,173,0,0
BRDA:1,173,1,0
BRDA:1,174,0,0
BRDA:1,174,1,0
BRDA:1,175,0,0
BRDA:1,175,1,0
BRDA:1,176,0,0
BRDA:1,176,1,0
BRDA:1,177,0,0
BRDA:1,177,1,0
BRDA:1,178,0,0
BRDA:1,178,1,0
BRDA:1,179,0,0
BRDA:1,179,1,0
BRDA:1,179,2,0
[...]
BRDA:178,20,0,0
BRDA:178,20,1,0
BRDA:179,21,0,0
BRDA:179,21,1,0
BRDA:180,22,0,0
BRDA:180,22,1,0
BRDA:180,23,0,0
BRDA:180,23,1,0
BRDA:181,24,0,0
BRDA:181,24,1,0
BRDA:181,24,2,0
BRDA:209,25,0,0
BRDA:209,25,1,0
BRDA:216,26,0,0
BRDA:216,26,1,0
BRDA:216,26,2,0
BRDA:229,27,0,0
BRDA:229,27,1,0
BRDA:228,28,0,0
BRDA:228,28,1,0
BRDA:230,29,0,0
BRDA:230,29,1,0
BRDA:230,30,0,0
BRDA:230,30,1,0
BRDA:230,30,2,0
BRDA:230,30,3,0
BRDA:234,31,0,0
BRDA:234,31,1,0
BRDA:234,32,0,0
BRDA:234,32,1,0
BRDA:241,33,0,0
BRDA:241,33,1,0
BRDA:240,34,0,0
BRDA:240,34,1,0
BRDA:256,35,0,0
BRDA:256,35,1,0
BRF:81
BRH:0
end_of_record
TN:
SF:/home/geminway/GitHub/cultura-y-ocio-malaga/src/App.vue
FN:12,(anonymous_0)
FN:19,(anonymous_1)
FNF:2
FNH:0
FNDA:0,(anonymous_0)
FNDA:0,(anonymous_1)
DA:9,0
DA:11,0
DA:13,0
DA:20,0
DA:21,0
LF:5
LH:0
BRF:0
BRH:0
end_of_record
TN:
SF:/home/geminway/GitHub/cultura-y-ocio-malaga/src/main.js
FNF:0
FNH:0
DA:7,0
LF:1
LH:0
BRF:0
BRH:0
end_of_record
TN:
SF:/home/geminway/GitHub/cultura-y-ocio-malaga/src/api/authApi.js
FNF:0
FNH:0
DA:3,0
LF:1
LH:0
BRF:0
BRH:0
end_of_record
TN:
SF:/home/geminway/GitHub/cultura-y-ocio-malaga/src/api/eventApi.js
FNF:0
FNH:0
DA:3,0
LF:1
LH:0
BRF:0
BRH:0
end_of_record
TN:
SF:/home/geminway/GitHub/cultura-y-ocio-malaga/src/components/Page404.vue
FN:15,(anonymous_0)
FNF:1
FNH:0
FNDA:0,(anonymous_0)
DA:12,0
DA:16,0
LF:2
LH:0
BRF:0
BRH:0
end_of_record
TN:
SF:/home/geminway/GitHub/cultura-y-ocio-malaga/src/modules/auth/layout/AuthLayout.vue
FN:20,(anonymous_0)
FN:28,(anonymous_1)
FN:32,(anonymous_2)
FNF:3
FNH:0
FNDA:0,(anonymous_0)
FNDA:0,(anonymous_1)
FNDA:0,(anonymous_2)
DA:18,0
DA:21,0
DA:29,0
DA:33,0
LF:4
LH:0
BRF:0
BRH:0
end_of_record
TN:
SF:/home/geminway/GitHub/cultura-y-ocio-malaga/src/modules/auth/router/auth-guard.js
FN:3,(anonymous_0)
FNF:1
FNH:0
FNDA:0,(anonymous_0)
DA:3,0
DA:4,0
DA:6,0
DA:7,0
LF:4
LH:0
BRDA:6,0,0,0
BRDA:6,0,1,0
BRF:2
BRH:0
end_of_record
TN:
SF:/home/geminway/GitHub/cultura-y-ocio-malaga/src/modules/auth/router/index.js
FN:5,(anonymous_0)
FN:10,(anonymous_1)
FN:15,(anonymous_2)
FN:20,(anonymous_3)
FN:25,(anonymous_4)
FNF:5
FNH:0
FNDA:0,(anonymous_0)
FNDA:0,(anonymous_1)
FNDA:0,(anonymous_2)
FNDA:0,(anonymous_3)
FNDA:0,(anonymous_4)
DA:5,0
DA:10,0
DA:15,0
DA:20,0
DA:25,0
LF:5
LH:0
BRF:0
BRH:0
end_of_record
TN:
SF:/home/geminway/GitHub/cultura-y-ocio-malaga/src/modules/auth/store/auth/actions.js
FN:3,(anonymous_0)
FN:21,(anonymous_1)
FN:40,(anonymous_2)
FN:67,(anonymous_3)
FN:76,(anonymous_4)
FN:89,(anonymous_5)
FNF:6
FNH:0
FNDA:0,(anonymous_0)
FNDA:0,(anonymous_1)
FNDA:0,(anonymous_2)
FNDA:0,(anonymous_3)
FNDA:0,(anonymous_4)
FNDA:0,(anonymous_5)
DA:3,0
DA:4,0
DA:6,0
DA:7,0
DA:8,0
DA:10,0
DA:13,0
DA:14,0
DA:15,0
DA:17,0
DA:21,0
DA:22,0
DA:24,0
DA:25,0
DA:26,0
DA:27,0
DA:28,0
DA:31,0
DA:32,0
DA:34,0
DA:36,0
DA:40,0
DA:41,0
DA:42,0
DA:44,0
DA:45,0
DA:46,0
DA:49,0
DA:50,0
DA:51,0
DA:53,0
DA:59,0
DA:60,0
DA:62,0
DA:63,0
DA:67,0
DA:68,0
DA:69,0
DA:70,0
DA:72,0
DA:76,0
DA:77,0
DA:78,0
DA:79,0
DA:81,0
DA:83,0
DA:85,0
DA:89,0
DA:90,0
LF:49
LH:0
BRDA:44,0,0,0
BRDA:44,0,1,0
BRF:2
BRH:0
end_of_record
TN:
SF:/home/geminway/GitHub/cultura-y-ocio-malaga/src/modules/auth/store/auth/getters.js
FN:2,(anonymous_0)
FNF:1
FNH:0
FNDA:0,(anonymous_0)
DA:2,0
DA:3,0
LF:2
LH:0
BRF:0
BRH:0
end_of_record
TN:
SF:/home/geminway/GitHub/cultura-y-ocio-malaga/src/modules/auth/store/auth/index.js
FNF:0
FNH:0
DA:7,0
LF:1
LH:0
BRF:0
BRH:0
end_of_record
TN:
SF:/home/geminway/GitHub/cultura-y-ocio-malaga/src/modules/auth/store/auth/mutations.js
FN:2,(anonymous_0)
FN:17,(anonymous_1)
FNF:2
FNH:0
FNDA:0,(anonymous_0)
FNDA:0,(anonymous_1)
DA:2,0
DA:3,0
DA:4,0
DA:5,0
DA:8,0
DA:9,0
DA:10,0
DA:13,0
DA:14,0
DA:17,0
DA:19,0
DA:24,0
DA:25,0
DA:27,0
DA:28,0
LF:15
LH:0
BRDA:3,0,0,0
BRDA:3,0,1,0
BRDA:8,1,0,0
BRDA:8,1,1,0
BRF:4
BRH:0
end_of_record
TN:
SF:/home/geminway/GitHub/cultura-y-ocio-malaga/src/modules/auth/store/auth/state.js
FN:2,(anonymous_0)
FNF:1
FNH:0
FNDA:0,(anonymous_0)
DA:2,0
LF:1
LH:0
BRF:0
BRH:0
end_of_record
TN:
SF:/home/geminway/GitHub/cultura-y-ocio-malaga/src/modules/auth/views/ForgetPassword.vue
FN:27,(anonymous_0)
FN:38,(anonymous_1)
FN:73,(anonymous_2)
FNF:3
FNH:3
FNDA:4,(anonymous_0)
FNDA:3,(anonymous_1)
FNDA:4,(anonymous_2)
DA:21,2
DA:22,2
DA:24,2
DA:28,4
DA:39,3
DA:41,3
DA:42,0
DA:43,3
DA:44,1
DA:45,2
DA:46,0
DA:47,2
DA:48,0
DA:51,3
DA:52,1
DA:59,2
DA:67,2
DA:68,2
DA:74,4
DA:75,4
LF:20
LH:17
BRDA:41,0,0,0
BRDA:41,0,1,3
BRDA:41,1,0,3
BRDA:41,1,1,3
BRDA:43,2,0,1
BRDA:43,2,1,2
BRDA:45,3,0,0
BRDA:45,3,1,2
BRDA:47,4,0,0
BRDA:47,4,1,2
BRDA:51,5,0,1
BRDA:51,5,1,2
BRF:12
BRH:9
end_of_record
TN:
SF:/home/geminway/GitHub/cultura-y-ocio-malaga/src/modules/auth/views/Login.vue
FN:35,(anonymous_0)
FN:49,(anonymous_1)
FN:75,(anonymous_2)
FN:82,(anonymous_3)
FNF:4
FNH:4
FNDA:8,(anonymous_0)
FNDA:3,(anonymous_1)
FNDA:1,(anonymous_2)
FNDA:8,(anonymous_3)
DA:29,2
DA:30,2
DA:32,2
DA:36,8
DA:51,3
DA:53,3
DA:54,0
DA:55,3
DA:56,0
DA:57,3
DA:58,2
DA:59,1
DA:60,0
DA:63,3
DA:65,2
DA:71,1
DA:76,1
DA:77,1
DA:83,8
DA:84,8
LF:20
LH:17
BRDA:53,0,0,0
BRDA:53,0,1,3
BRDA:55,1,0,0
BRDA:55,1,1,3
BRDA:57,2,0,2
BRDA:57,2,1,1
BRDA:59,3,0,0
BRDA:59,3,1,1
BRDA:63,4,0,2
BRDA:63,4,1,1
BRF:10
BRH:7
end_of_record
TN:
SF:/home/geminway/GitHub/cultura-y-ocio-malaga/src/modules/auth/views/Register.vue
FN:47,(anonymous_0)
FN:63,(anonymous_1)
FN:67,(anonymous_2)
FN:100,(anonymous_3)
FN:110,(anonymous_4)
FNF:5
FNH:2
FNDA:1,(anonymous_0)
FNDA:0,(anonymous_1)
FNDA:0,(anonymous_2)
FNDA:0,(anonymous_3)
FNDA:1,(anonymous_4)
DA:41,2
DA:42,2
DA:44,2
DA:48,1
DA:64,0
DA:68,0
DA:70,0
DA:71,0
DA:72,0
DA:73,0
DA:74,0
DA:75,0
DA:76,0
DA:77,0
DA:80,0
DA:81,0
DA:89,0
DA:96,0
DA:97,0
DA:101,0
DA:111,1
DA:112,1
LF:22
LH:6
BRDA:70,0,0,0
BRDA:70,0,1,0
BRDA:72,1,0,0
BRDA:72,1,1,0
BRDA:74,2,0,0
BRDA:74,2,1,0
BRDA:76,3,0,0
BRDA:76,3,1,0
BRDA:80,4,0,0
BRDA:80,4,1,0
BRF:10
BRH:0
end_of_record
TN:
SF:/home/geminway/GitHub/cultura-y-ocio-malaga/src/modules/calendar/layout/calendar.vue
FN:43,(anonymous_0)
FN:54,(anonymous_1)
FN:57,(anonymous_2)
FN:61,(anonymous_3)
FN:71,(anonymous_4)
FN:78,(anonymous_5)
FN:83,(anonymous_6)
FN:98,(anonymous_7)
FN:104,(anonymous_8)
FNF:9
FNH:0
FNDA:0,(anonymous_0)
FNDA:0,(anonymous_1)
FNDA:0,(anonymous_2)
FNDA:0,(anonymous_3)
FNDA:0,(anonymous_4)
FNDA:0,(anonymous_5)
FNDA:0,(anonymous_6)
FNDA:0,(anonymous_7)
FNDA:0,(anonymous_8)
DA:31,0
DA:32,0
DA:33,0
DA:34,0
DA:35,0
DA:37,0
DA:44,0
DA:55,0
DA:58,0
DA:59,0
DA:62,0
DA:63,0
DA:64,0
DA:65,0
DA:66,0
DA:69,0
DA:70,0
DA:71,0
DA:72,0
DA:79,0
DA:80,0
DA:81,0
DA:84,0
DA:85,0
DA:87,0
DA:90,0
DA:99,0
DA:100,0
DA:105,0
LF:29
LH:0
BRDA:59,0,0,0
BRDA:59,0,1,0
BRDA:59,1,0,0
BRDA:59,1,1,0
BRDA:63,2,0,0
BRDA:63,2,1,0
BRDA:64,3,0,0
BRDA:64,3,1,0
BRDA:69,4,0,0
BRDA:69,4,1,0
BRDA:81,5,0,0
BRDA:81,5,1,0
BRDA:84,6,0,0
BRDA:84,6,1,0
BRF:14
BRH:0
end_of_record
TN:
SF:/home/geminway/GitHub/cultura-y-ocio-malaga/src/modules/events/components/BarBotton.vue
FN:25,(anonymous_0)
FN:29,(anonymous_1)
FNF:2
FNH:2
FNDA:1,(anonymous_0)
FNDA:1,(anonymous_1)
DA:14,1
DA:26,1
DA:30,1
LF:3
LH:3
BRF:0
BRH:0
end_of_record
TN:
SF:/home/geminway/GitHub/cultura-y-ocio-malaga/src/modules/events/components/CreateEventModal.vue
FN:68,(anonymous_0)
FN:89,(anonymous_1)
FN:96,(anonymous_2)
FN:118,(anonymous_3)
FNF:4
FNH:3
FNDA:8,(anonymous_0)
FNDA:28,(anonymous_1)
FNDA:3,(anonymous_2)
FNDA:0,(anonymous_3)
DA:65,1
DA:67,1
DA:69,8
DA:90,28
DA:91,28
DA:92,16
DA:97,3
DA:98,3
DA:100,3
DA:101,3
DA:103,3
DA:104,3
DA:107,3
DA:115,3
DA:119,0
DA:120,0
DA:121,0
DA:122,0
DA:124,0
DA:125,0
DA:127,0
DA:131,0
DA:132,0
LF:23
LH:14
BRDA:91,0,0,16
BRDA:91,0,1,12
BRDA:91,1,0,28
BRDA:91,1,1,28
BRDA:91,1,2,20
BRDA:91,1,3,20
BRDA:91,1,4,20
BRDA:120,2,0,0
BRDA:120,2,1,0
BRF:9
BRH:7
end_of_record
TN:
SF:/home/geminway/GitHub/cultura-y-ocio-malaga/src/modules/events/components/CurrentEvent.vue
FN:61,(anonymous_0)
FN:84,(anonymous_1)
FN:98,(anonymous_2)
FN:134,(anonymous_3)
FN:137,(anonymous_4)
FN:166,(anonymous_5)
FNF:6
FNH:6
FNDA:7,(anonymous_0)
FNDA:2,(anonymous_1)
FNDA:7,(anonymous_2)
FNDA:4,(anonymous_3)
FNDA:1,(anonymous_4)
FNDA:7,(anonymous_5)
DA:57,1
DA:58,1
DA:60,1
DA:62,7
DA:85,2
DA:96,2
DA:97,2
DA:98,7
DA:100,2
DA:102,2
DA:103,1
DA:109,1
DA:111,1
DA:112,1
DA:114,1
DA:116,1
DA:117,0
DA:123,1
DA:131,1
DA:135,4
DA:137,2
DA:139,2
DA:141,1
DA:142,1
DA:144,1
DA:150,1
DA:157,2
DA:167,7
LF:28
LH:27
BRDA:102,0,0,1
BRDA:102,0,1,1
BRDA:116,1,0,0
BRDA:116,1,1,1
BRDA:135,2,0,2
BRDA:135,2,1,2
BRDA:139,3,0,1
BRDA:139,3,1,1
BRF:8
BRH:7
end_of_record
TN:
SF:/home/geminway/GitHub/cultura-y-ocio-malaga/src/modules/events/components/EventModal.vue
FNF:0
FNH:0
DA:19,0
LF:1
LH:0
BRF:0
BRH:0
end_of_record
TN:
SF:/home/geminway/GitHub/cultura-y-ocio-malaga/src/modules/events/components/ListEventsModal.vue
FN:30,(anonymous_0)
FNF:1
FNH:0
FNDA:0,(anonymous_0)
DA:17,0
DA:31,0
LF:2
LH:0
BRF:0
BRH:0
end_of_record
TN:
SF:/home/geminway/GitHub/cultura-y-ocio-malaga/src/modules/events/components/ModalNameRegister.vue
FNF:0
FNH:0
DA:16,0
LF:1
LH:0
BRF:0
BRH:0
end_of_record
TN:
SF:/home/geminway/GitHub/cultura-y-ocio-malaga/src/modules/events/components/ModalNameRegisterInPopularEvent.vue
FNF:0
FNH:0
DA:16,0
LF:1
LH:0
BRF:0
BRH:0
end_of_record
TN:
SF:/home/geminway/GitHub/cultura-y-ocio-malaga/src/modules/events/helpers/getMonthYear.js
FN:4,(anonymous_0)
FNF:1
FNH:0
FNDA:0,(anonymous_0)
DA:1,1
DA:2,1
DA:4,1
DA:5,0
DA:6,0
DA:8,0
LF:6
LH:3
BRF:0
BRH:0
end_of_record
TN:
SF:/home/geminway/GitHub/cultura-y-ocio-malaga/src/modules/events/helpers/updatePhoto.js
FN:3,(anonymous_0)
FNF:1
FNH:0
FNDA:0,(anonymous_0)
DA:3,1
DA:4,0
DA:6,0
DA:7,0
DA:8,0
DA:9,0
DA:11,0
DA:12,0
DA:14,0
DA:16,0
DA:17,0
LF:11
LH:1
BRDA:4,0,0,0
BRDA:4,0,1,0
BRF:2
BRH:0
end_of_record
TN:
SF:/home/geminway/GitHub/cultura-y-ocio-malaga/src/modules/events/layout/EventId.vue
FN:40,(anonymous_0)
FN:56,(anonymous_1)
FN:60,(anonymous_2)
FN:63,(anonymous_3)
FN:77,(anonymous_4)
FN:102,(anonymous_5)
FN:104,(anonymous_6)
FN:121,(anonymous_7)
FNF:8
FNH:0
FNDA:0,(anonymous_0)
FNDA:0,(anonymous_1)
FNDA:0,(anonymous_2)
FNDA:0,(anonymous_3)
FNDA:0,(anonymous_4)
FNDA:0,(anonymous_5)
FNDA:0,(anonymous_6)
FNDA:0,(anonymous_7)
DA:35,0
DA:36,0
DA:38,0
DA:41,0
DA:57,0
DA:58,0
DA:60,0
DA:65,0
DA:76,0
DA:77,0
DA:79,0
DA:80,0
DA:82,0
DA:83,0
DA:85,0
DA:86,0
DA:87,0
DA:93,0
DA:99,0
DA:103,0
DA:104,0
DA:106,0
DA:107,0
DA:108,0
DA:109,0
DA:116,0
DA:122,0
LF:27
LH:0
BRDA:79,0,0,0
BRDA:79,0,1,0
BRDA:86,1,0,0
BRDA:86,1,1,0
BRDA:103,2,0,0
BRDA:103,2,1,0
BRDA:106,3,0,0
BRDA:106,3,1,0
BRF:8
BRH:0
end_of_record
TN:
SF:/home/geminway/GitHub/cultura-y-ocio-malaga/src/modules/events/layout/EventLayout.vue
FN:96,(anonymous_0)
FN:99,(anonymous_2)
FN:102,(anonymous_4)
FN:105,(anonymous_6)
FN:108,(anonymous_8)
FN:111,(anonymous_10)
FN:116,(anonymous_12)
FN:144,(anonymous_13)
FN:157,(anonymous_14)
FN:163,(anonymous_15)
FN:168,(anonymous_16)
FN:174,(anonymous_17)
FN:198,(anonymous_18)
FN:205,(anonymous_19)
FN:211,(anonymous_20)
FN:217,(anonymous_21)
FN:223,(anonymous_22)
FN:225,(anonymous_23)
FN:227,(anonymous_24)
FN:232,(anonymous_25)
FN:236,(anonymous_26)
FN:247,(anonymous_27)
FN:253,(anonymous_28)
FN:269,(anonymous_29)
FN:279,(anonymous_30)
FN:284,(anonymous_31)
FNF:26
FNH:0
FNDA:0,(anonymous_0)
FNDA:0,(anonymous_2)
FNDA:0,(anonymous_4)
FNDA:0,(anonymous_6)
FNDA:0,(anonymous_8)
FNDA:0,(anonymous_10)
FNDA:0,(anonymous_12)
FNDA:0,(anonymous_13)
FNDA:0,(anonymous_14)
FNDA:0,(anonymous_15)
FNDA:0,(anonymous_16)
FNDA:0,(anonymous_17)
FNDA:0,(anonymous_18)
FNDA:0,(anonymous_19)
FNDA:0,(anonymous_20)
FNDA:0,(anonymous_21)
FNDA:0,(anonymous_22)
FNDA:0,(anonymous_23)
FNDA:0,(anonymous_24)
FNDA:0,(anonymous_25)
FNDA:0,(anonymous_26)
FNDA:0,(anonymous_27)
FNDA:0,(anonymous_28)
FNDA:0,(anonymous_29)
FNDA:0,(anonymous_30)
FNDA:0,(anonymous_31)
DA:88,1
DA:89,1
DA:90,1
DA:91,1
DA:93,1
DA:96,0
DA:99,0
DA:102,0
DA:105,0
DA:108,0
DA:111,0
DA:117,0
DA:145,0
DA:146,0
DA:147,0
DA:148,0
DA:150,0
DA:153,0
DA:158,0
DA:159,0
DA:160,0
DA:164,0
DA:165,0
DA:169,0
DA:170,0
DA:171,0
DA:175,0
DA:176,0
DA:181,0
DA:182,0
DA:188,0
DA:195,0
DA:199,0
DA:200,0
DA:202,0
DA:206,0
DA:208,0
DA:212,0
DA:213,0
DA:217,0
DA:218,0
DA:220,0
DA:225,0
DA:226,0
DA:227,0
DA:228,0
DA:233,0
DA:234,0
DA:237,0
DA:238,0
DA:240,0
DA:241,0
DA:244,0
DA:248,0
DA:249,0
DA:250,0
DA:254,0
DA:255,0
DA:257,0
DA:258,0
DA:259,0
DA:261,0
DA:262,0
DA:263,0
DA:264,0
DA:270,0
DA:271,0
DA:272,0
DA:280,0
DA:281,0
DA:282,0
DA:284,0
DA:285,0
DA:289,0
DA:290,0
DA:291,0
DA:294,0
LF:77
LH:5
BRDA:146,0,0,0
BRDA:146,0,1,0
BRDA:147,1,0,0
BRDA:147,1,1,0
BRDA:147,2,0,0
BRDA:147,2,1,0
BRDA:181,3,0,0
BRDA:181,3,1,0
BRDA:202,4,0,0
BRDA:202,4,1,0
BRDA:212,5,0,0
BRDA:212,5,1,0
BRDA:226,6,0,0
BRDA:226,6,1,0
BRDA:228,7,0,0
BRDA:228,7,1,0
BRDA:237,8,0,0
BRDA:237,8,1,0
BRDA:238,9,0,0
BRDA:238,9,1,0
BRDA:248,10,0,0
BRDA:248,10,1,0
BRDA:254,11,0,0
BRDA:254,11,1,0
BRDA:257,12,0,0
BRDA:257,12,1,0
BRDA:280,13,0,0
BRDA:280,13,1,0
BRDA:289,14,0,0
BRDA:289,14,1,0
BRF:30
BRH:0
end_of_record
TN:
SF:/home/geminway/GitHub/cultura-y-ocio-malaga/src/modules/events/router/index.js
FN:3,(anonymous_0)
FNF:1
FNH:0
FNDA:0,(anonymous_0)
DA:4,0
LF:1
LH:0
BRF:0
BRH:0
end_of_record
TN:
SF:/home/geminway/GitHub/cultura-y-ocio-malaga/src/modules/events/store/event/actions.js
FN:3,(anonymous_0)
FN:32,(anonymous_1)
FN:45,(anonymous_2)
FN:60,(anonymous_3)
FN:76,(anonymous_4)
FN:85,(anonymous_5)
FN:96,(anonymous_6)
FN:100,(anonymous_7)
FN:104,(anonymous_8)
FNF:9
FNH:0
FNDA:0,(anonymous_0)
FNDA:0,(anonymous_1)
FNDA:0,(anonymous_2)
FNDA:0,(anonymous_3)
FNDA:0,(anonymous_4)
FNDA:0,(anonymous_5)
FNDA:0,(anonymous_6)
FNDA:0,(anonymous_7)
FNDA:0,(anonymous_8)
DA:3,0
DA:4,0
DA:5,0
DA:6,0
DA:8,0
DA:19,0
DA:20,0
DA:22,0
DA:25,0
DA:26,0
DA:28,0
DA:32,0
DA:33,0
DA:34,0
DA:35,0
DA:36,0
DA:38,0
DA:41,0
DA:45,0
DA:46,0
DA:48,0
DA:49,0
DA:50,0
DA:52,0
DA:53,0
DA:55,0
DA:56,0
DA:60,0
DA:61,0
DA:63,0
DA:64,0
DA:65,0
DA:67,0
DA:68,0
DA:72,0
DA:76,0
DA:77,0
DA:78,0
DA:79,0
DA:81,0
DA:82,0
DA:84,0
DA:85,0
DA:86,0
DA:89,0
DA:92,0
DA:96,0
DA:97,0
DA:100,0
DA:101,0
DA:104,0
DA:105,0
LF:52
LH:0
BRDA:35,0,0,0
BRDA:35,0,1,0
BRDA:67,1,0,0
BRDA:67,1,1,0
BRDA:81,2,0,0
BRDA:81,2,1,0
BRF:6
BRH:0
end_of_record
TN:
SF:/home/geminway/GitHub/cultura-y-ocio-malaga/src/modules/events/store/event/getters.js
FNF:0
FNH:0
LF:0
LH:0
BRF:0
BRH:0
end_of_record
TN:
SF:/home/geminway/GitHub/cultura-y-ocio-malaga/src/modules/events/store/event/index.js
FNF:0
FNH:0
DA:7,0
LF:1
LH:0
BRF:0
BRH:0
end_of_record
TN:
SF:/home/geminway/GitHub/cultura-y-ocio-malaga/src/modules/events/store/event/mutations.js
FN:2,(anonymous_0)
FN:6,(anonymous_1)
FN:10,(anonymous_2)
FN:15,(anonymous_3)
FN:19,(anonymous_4)
FN:23,(anonymous_5)
FN:36,(anonymous_6)
FN:40,(anonymous_7)
FN:47,(anonymous_8)
FNF:9
FNH:0
FNDA:0,(anonymous_0)
FNDA:0,(anonymous_1)
FNDA:0,(anonymous_2)
FNDA:0,(anonymous_3)
FNDA:0,(anonymous_4)
FNDA:0,(anonymous_5)
FNDA:0,(anonymous_6)
FNDA:0,(anonymous_7)
FNDA:0,(anonymous_8)
DA:2,0
DA:3,0
DA:6,0
DA:7,0
DA:10,0
DA:11,0
DA:12,0
DA:15,0
DA:16,0
DA:19,0
DA:20,0
DA:21,0
DA:22,0
DA:23,0
DA:24,0
DA:26,0
DA:27,0
DA:28,0
DA:30,0
DA:31,0
DA:32,0
DA:36,0
DA:37,0
DA:38,0
DA:39,0
DA:40,0
DA:41,0
DA:43,0
DA:47,0
DA:48,0
DA:49,0
LF:31
LH:0
BRDA:21,0,0,0
BRDA:21,0,1,0
BRDA:38,1,0,0
BRDA:38,1,1,0
BRF:4
BRH:0
end_of_record
TN:
SF:/home/geminway/GitHub/cultura-y-ocio-malaga/src/modules/events/store/event/state.js
FN:2,(anonymous_0)
FNF:1
FNH:0
FNDA:0,(anonymous_0)
DA:2,0
LF:1
LH:0
BRF:0
BRH:0
end_of_record
TN:
SF:/home/geminway/GitHub/cultura-y-ocio-malaga/src/modules/updateProfile/components/UpdateNameModal.vue
FN:32,(anonymous_0)
FN:48,(anonymous_1)
FNF:2
FNH:0
FNDA:0,(anonymous_0)
FNDA:0,(anonymous_1)
DA:28,0
DA:29,0
DA:31,0
DA:33,0
DA:49,0
DA:50,0
DA:51,0
DA:54,0
DA:56,0
DA:57,0
DA:63,0
DA:72,0
LF:12
LH:0
BRDA:56,0,0,0
BRDA:56,0,1,0
BRF:2
BRH:0
end_of_record
TN:
SF:/home/geminway/GitHub/cultura-y-ocio-malaga/src/modules/updateProfile/components/UpdatePasswordModal.vue
FN:31,(anonymous_0)
FN:50,(anonymous_1)
FNF:2
FNH:0
FNDA:0,(anonymous_0)
FNDA:0,(anonymous_1)
DA:27,0
DA:28,0
DA:30,0
DA:32,0
DA:51,0
DA:52,0
DA:53,0
DA:56,0
DA:58,0
DA:59,0
DA:65,0
DA:74,0
LF:12
LH:0
BRDA:58,0,0,0
BRDA:58,0,1,0
BRF:2
BRH:0
end_of_record
TN:
SF:/home/geminway/GitHub/cultura-y-ocio-malaga/src/modules/updateProfile/components/UpdatePhotoModal.vue
FN:23,(anonymous_0)
FN:39,(anonymous_1)
FN:46,(anonymous_2)
FNF:3
FNH:0
FNDA:0,(anonymous_0)
FNDA:0,(anonymous_1)
FNDA:0,(anonymous_2)
DA:18,0
DA:19,0
DA:20,0
DA:22,0
DA:24,0
DA:40,0
DA:41,0
DA:43,0
DA:47,0
DA:49,0
DA:50,0
DA:52,0
DA:53,0
DA:54,0
DA:60,0
DA:69,0
LF:16
LH:0
BRDA:53,0,0,0
BRDA:53,0,1,0
BRF:2
BRH:0
end_of_record
TN:
SF:/home/geminway/GitHub/cultura-y-ocio-malaga/src/modules/updateProfile/helper/getUpdatePhoto.js
FN:3,(anonymous_0)
FNF:1
FNH:0
FNDA:0,(anonymous_0)
DA:3,0
DA:4,0
DA:6,0
DA:7,0
DA:8,0
DA:9,0
DA:11,0
DA:12,0
DA:14,0
DA:16,0
DA:17,0
DA:18,0
LF:12
LH:0
BRDA:4,0,0,0
BRDA:4,0,1,0
BRF:2
BRH:0
end_of_record
TN:
SF:/home/geminway/GitHub/cultura-y-ocio-malaga/src/modules/updateProfile/layout/ProfileUser.vue
FN:64,(anonymous_0)
FN:69,(anonymous_2)
FN:74,(anonymous_4)
FN:81,(anonymous_6)
FN:94,(anonymous_7)
FN:98,(anonymous_8)
FN:103,(anonymous_9)
FN:107,(anonymous_10)
FN:111,(anonymous_11)
FNF:9
FNH:0
FNDA:0,(anonymous_0)
FNDA:0,(anonymous_2)
FNDA:0,(anonymous_4)
FNDA:0,(anonymous_6)
FNDA:0,(anonymous_7)
FNDA:0,(anonymous_8)
FNDA:0,(anonymous_9)
FNDA:0,(anonymous_10)
FNDA:0,(anonymous_11)
DA:58,0
DA:59,0
DA:61,0
DA:64,0
DA:69,0
DA:74,0
DA:82,0
DA:95,0
DA:99,0
DA:100,0
DA:104,0
DA:108,0
DA:112,0
LF:13
LH:0
BRF:0
BRH:0
end_of_record
TN:
SF:/home/geminway/GitHub/cultura-y-ocio-malaga/src/modules/updateProfile/store/updateStore/actions.js
FN:3,(anonymous_0)
FN:25,(anonymous_1)
FNF:2
FNH:0
FNDA:0,(anonymous_0)
FNDA:0,(anonymous_1)
DA:3,0
DA:4,0
DA:6,0
DA:7,0
DA:14,0
DA:16,0
DA:18,0
DA:25,0
DA:26,0
DA:27,0
DA:28,0
DA:34,0
DA:36,0
LF:13
LH:0
BRF:0
BRH:0
end_of_record
TN:
SF:/home/geminway/GitHub/cultura-y-ocio-malaga/src/modules/updateProfile/store/updateStore/getters.js
FNF:0
FNH:0
LF:0
LH:0
BRF:0
BRH:0
end_of_record
TN:
SF:/home/geminway/GitHub/cultura-y-ocio-malaga/src/modules/updateProfile/store/updateStore/index.js
FNF:0
FNH:0
DA:6,0
LF:1
LH:0
BRF:0
BRH:0
end_of_record
TN:
SF:/home/geminway/GitHub/cultura-y-ocio-malaga/src/modules/updateProfile/store/updateStore/mutations.js
FN:1,(anonymous_0)
FNF:1
FNH:0
FNDA:0,(anonymous_0)
DA:1,0
DA:2,0
DA:3,0
DA:4,0
DA:7,0
DA:8,0
DA:9,0
DA:12,0
DA:13,0
LF:9
LH:0
BRDA:2,0,0,0
BRDA:2,0,1,0
BRDA:7,1,0,0
BRDA:7,1,1,0
BRF:4
BRH:0
end_of_record
TN:
SF:/home/geminway/GitHub/cultura-y-ocio-malaga/src/modules/updateProfile/store/updateStore/state.js
FNF:0
FNH:0
LF:0
LH:0
BRF:0
BRH:0
end_of_record
TN:
SF:/home/geminway/GitHub/cultura-y-ocio-malaga/src/router/index.js
FN:21,(anonymous_0)
FN:25,(anonymous_1)
FN:35,(anonymous_2)
FN:45,(anonymous_3)
FN:54,(anonymous_4)
FNF:5
FNH:0
FNDA:0,(anonymous_0)
FNDA:0,(anonymous_1)
FNDA:0,(anonymous_2)
FNDA:0,(anonymous_3)
FNDA:0,(anonymous_4)
DA:8,0
DA:22,0
DA:26,0
DA:36,0
DA:46,0
DA:54,0
DA:58,0
LF:7
LH:0
BRF:0
BRH:0
end_of_record
TN:
SF:/home/geminway/GitHub/cultura-y-ocio-malaga/src/store/index.js
FNF:0
FNH:0
DA:7,0
LF:1
LH:0
BRF:0
BRH:0
end_of_record
TN:
SF:/home/geminway/GitHub/cultura-y-ocio-malaga/tests/unit/modules/events/components/CurrentEvents(end-to-end-guia).js
FN:15,(anonymous_0)
FN:40,(anonymous_1)
FN:51,(anonymous_2)
FN:65,(anonymous_3)
FN:80,(anonymous_4)
FN:81,(anonymous_5)
FN:103,(anonymous_6)
FN:109,(anonymous_7)
FN:127,(anonymous_8)
FN:138,(anonymous_9)
FN:145,(anonymous_10)
FNF:11
FNH:0
FNDA:0,(anonymous_0)
FNDA:0,(anonymous_1)
FNDA:0,(anonymous_2)
FNDA:0,(anonymous_3)
FNDA:0,(anonymous_4)
FNDA:0,(anonymous_5)
FNDA:0,(anonymous_6)
FNDA:0,(anonymous_7)
FNDA:0,(anonymous_8)
FNDA:0,(anonymous_9)
FNDA:0,(anonymous_10)
DA:15,0
DA:17,0
DA:40,0
DA:41,0
DA:47,0
DA:48,0
DA:52,0
DA:59,0
DA:60,0
DA:61,0
DA:62,0
DA:65,0
DA:66,0
DA:73,0
DA:75,0
DA:76,0
DA:77,0
DA:80,0
DA:81,0
DA:82,0
DA:109,0
DA:114,0
DA:124,0
DA:126,0
DA:127,0
DA:129,0
DA:135,0
DA:138,0
DA:139,0
DA:141,0
DA:145,0
DA:146,0
DA:148,0
LF:33
LH:0
BRF:0
BRH:0
end_of_record
